[0.456s] Invoking command in '/home/lth/ros_ws/build/hik_camera': CMAKE_PREFIX_PATH=${CMAKE_PREFIX_PATH}:/home/lth/ros_ws/install/video_cam:/home/lth/dev_ws/install/learning_urdf:/home/lth/dev_ws/install/learning_topic:/home/lth/dev_ws/install/learning_tf:/home/lth/dev_ws/install/learning_service:/home/lth/dev_ws/install/learning_qos:/home/lth/dev_ws/install/learning_pkg_python:/home/lth/dev_ws/install/learning_parameter:/home/lth/dev_ws/install/learning_node:/home/lth/dev_ws/install/learning_launch:/home/lth/dev_ws/install/learning_action:/home/lth/dev_ws/install/learning_gazebo_fortress:/home/lth/dev_ws/install/learning_gazebo:/home/lth/dev_ws/install/learning_cv:/opt/ros/humble /usr/bin/cmake --build /home/lth/ros_ws/build/hik_camera -- -j16 -l16
[2.456s] [ 50%] Built target hik_camera_node
[2.487s] [100%] Built target hik_camera
[4.047s] Invoked command in '/home/lth/ros_ws/build/hik_camera' returned '0': CMAKE_PREFIX_PATH=${CMAKE_PREFIX_PATH}:/home/lth/ros_ws/install/video_cam:/home/lth/dev_ws/install/learning_urdf:/home/lth/dev_ws/install/learning_topic:/home/lth/dev_ws/install/learning_tf:/home/lth/dev_ws/install/learning_service:/home/lth/dev_ws/install/learning_qos:/home/lth/dev_ws/install/learning_pkg_python:/home/lth/dev_ws/install/learning_parameter:/home/lth/dev_ws/install/learning_node:/home/lth/dev_ws/install/learning_launch:/home/lth/dev_ws/install/learning_action:/home/lth/dev_ws/install/learning_gazebo_fortress:/home/lth/dev_ws/install/learning_gazebo:/home/lth/dev_ws/install/learning_cv:/opt/ros/humble /usr/bin/cmake --build /home/lth/ros_ws/build/hik_camera -- -j16 -l16
[5.613s] Invoking command in '/home/lth/ros_ws/build/hik_camera': CMAKE_PREFIX_PATH=${CMAKE_PREFIX_PATH}:/home/lth/ros_ws/install/video_cam:/home/lth/dev_ws/install/learning_urdf:/home/lth/dev_ws/install/learning_topic:/home/lth/dev_ws/install/learning_tf:/home/lth/dev_ws/install/learning_service:/home/lth/dev_ws/install/learning_qos:/home/lth/dev_ws/install/learning_pkg_python:/home/lth/dev_ws/install/learning_parameter:/home/lth/dev_ws/install/learning_node:/home/lth/dev_ws/install/learning_launch:/home/lth/dev_ws/install/learning_action:/home/lth/dev_ws/install/learning_gazebo_fortress:/home/lth/dev_ws/install/learning_gazebo:/home/lth/dev_ws/install/learning_cv:/opt/ros/humble /usr/bin/cmake --install /home/lth/ros_ws/build/hik_camera
[5.751s] -- Install configuration: ""
[5.752s] -- Up-to-date: /home/lth/ros_ws/install/hik_camera/lib
[5.752s] -- Up-to-date: /home/lth/ros_ws/install/hik_camera/lib/libMediaProcess.so
[5.753s] -- Up-to-date: /home/lth/ros_ws/install/hik_camera/lib/libFormatConversion.so
[5.754s] -- Up-to-date: /home/lth/ros_ws/install/hik_camera/lib/libMvUsb3vTL.so
[5.754s] -- Up-to-date: /home/lth/ros_ws/install/hik_camera/lib/libMvCameraControl.so
[5.755s] -- Up-to-date: /home/lth/ros_ws/install/hik_camera/lib/libMVRender.so
[5.755s] -- Up-to-date: /home/lth/ros_ws/install/hik_camera/lib/hik_camera/hik_camera_node
[5.757s] -- Up-to-date: /home/lth/ros_ws/install/hik_camera/share/hik_camera/environment/library_path.sh
[5.758s] -- Up-to-date: /home/lth/ros_ws/install/hik_camera/share/hik_camera/environment/library_path.dsv
[5.759s] -- Up-to-date: /home/lth/ros_ws/install/hik_camera/lib/libhik_camera.so
[5.759s] -- Up-to-date: /home/lth/ros_ws/install/hik_camera/share/hik_camera/config
[5.760s] -- Up-to-date: /home/lth/ros_ws/install/hik_camera/share/hik_camera/config/camera_info.yaml
[5.763s] -- Up-to-date: /home/lth/ros_ws/install/hik_camera/share/hik_camera/config/camera_params.yaml
[5.763s] -- Up-to-date: /home/lth/ros_ws/install/hik_camera/share/hik_camera/launch
[5.763s] -- Up-to-date: /home/lth/ros_ws/install/hik_camera/share/hik_camera/launch/hik_camera.launch.py
[5.764s] -- Up-to-date: /home/lth/ros_ws/install/hik_camera/share/ament_index/resource_index/package_run_dependencies/hik_camera
[5.764s] -- Up-to-date: /home/lth/ros_ws/install/hik_camera/share/ament_index/resource_index/parent_prefix_path/hik_camera
[5.765s] -- Up-to-date: /home/lth/ros_ws/install/hik_camera/share/hik_camera/environment/ament_prefix_path.sh
[5.766s] -- Up-to-date: /home/lth/ros_ws/install/hik_camera/share/hik_camera/environment/ament_prefix_path.dsv
[5.766s] -- Up-to-date: /home/lth/ros_ws/install/hik_camera/share/hik_camera/environment/path.sh
[5.767s] -- Up-to-date: /home/lth/ros_ws/install/hik_camera/share/hik_camera/environment/path.dsv
[5.768s] -- Up-to-date: /home/lth/ros_ws/install/hik_camera/share/hik_camera/local_setup.bash
[5.769s] -- Up-to-date: /home/lth/ros_ws/install/hik_camera/share/hik_camera/local_setup.sh
[5.770s] -- Up-to-date: /home/lth/ros_ws/install/hik_camera/share/hik_camera/local_setup.zsh
[5.772s] -- Up-to-date: /home/lth/ros_ws/install/hik_camera/share/hik_camera/local_setup.dsv
[5.773s] -- Installing: /home/lth/ros_ws/install/hik_camera/share/hik_camera/package.dsv
[5.774s] -- Up-to-date: /home/lth/ros_ws/install/hik_camera/share/ament_index/resource_index/packages/hik_camera
[5.776s] -- Up-to-date: /home/lth/ros_ws/install/hik_camera/share/ament_index/resource_index/rclcpp_components/hik_camera
[5.776s] -- Up-to-date: /home/lth/ros_ws/install/hik_camera/share/hik_camera/cmake/ament_cmake_export_dependencies-extras.cmake
[5.777s] -- Up-to-date: /home/lth/ros_ws/install/hik_camera/share/hik_camera/cmake/ament_cmake_export_libraries-extras.cmake
[5.778s] -- Up-to-date: /home/lth/ros_ws/install/hik_camera/share/hik_camera/cmake/hik_cameraConfig.cmake
[5.778s] -- Up-to-date: /home/lth/ros_ws/install/hik_camera/share/hik_camera/cmake/hik_cameraConfig-version.cmake
[5.779s] -- Up-to-date: /home/lth/ros_ws/install/hik_camera/share/hik_camera/package.xml
[5.977s] Invoked command in '/home/lth/ros_ws/build/hik_camera' returned '0': CMAKE_PREFIX_PATH=${CMAKE_PREFIX_PATH}:/home/lth/ros_ws/install/video_cam:/home/lth/dev_ws/install/learning_urdf:/home/lth/dev_ws/install/learning_topic:/home/lth/dev_ws/install/learning_tf:/home/lth/dev_ws/install/learning_service:/home/lth/dev_ws/install/learning_qos:/home/lth/dev_ws/install/learning_pkg_python:/home/lth/dev_ws/install/learning_parameter:/home/lth/dev_ws/install/learning_node:/home/lth/dev_ws/install/learning_launch:/home/lth/dev_ws/install/learning_action:/home/lth/dev_ws/install/learning_gazebo_fortress:/home/lth/dev_ws/install/learning_gazebo:/home/lth/dev_ws/install/learning_cv:/opt/ros/humble /usr/bin/cmake --install /home/lth/ros_ws/build/hik_camera
