[4.419s] Invoking command in '/home/lth/ros_ws/src/video_cam': PYTHONPATH=/home/lth/ros_ws/build/video_cam/prefix_override:/home/lth/ros_ws/install/video_cam/lib/python3.10/site-packages:${PYTHONPATH} /usr/bin/python3 -W ignore:setup.py install is deprecated setup.py egg_info --egg-base ../../build/video_cam build --build-base /home/lth/ros_ws/build/video_cam/build install --record /home/lth/ros_ws/build/video_cam/install.log --single-version-externally-managed install_data
[4.768s] running egg_info
[4.769s] writing ../../build/video_cam/video_cam.egg-info/PKG-INFO
[4.770s] writing dependency_links to ../../build/video_cam/video_cam.egg-info/dependency_links.txt
[4.770s] writing entry points to ../../build/video_cam/video_cam.egg-info/entry_points.txt
[4.771s] writing requirements to ../../build/video_cam/video_cam.egg-info/requires.txt
[4.771s] writing top-level names to ../../build/video_cam/video_cam.egg-info/top_level.txt
[4.772s] reading manifest file '../../build/video_cam/video_cam.egg-info/SOURCES.txt'
[4.773s] writing manifest file '../../build/video_cam/video_cam.egg-info/SOURCES.txt'
[4.773s] running build
[4.774s] running build_py
[4.775s] running install
[4.778s] running install_lib
[4.779s] running install_data
[4.779s] running install_egg_info
[4.780s] removing '/home/lth/ros_ws/install/video_cam/lib/python3.10/site-packages/video_cam-0.0.1-py3.10.egg-info' (and everything under it)
[4.781s] Copying ../../build/video_cam/video_cam.egg-info to /home/lth/ros_ws/install/video_cam/lib/python3.10/site-packages/video_cam-0.0.1-py3.10.egg-info
[4.781s] running install_scripts
[4.782s] Installing video_publisher script to /home/lth/ros_ws/install/video_cam/lib/video_cam
[4.783s] writing list of installed files to '/home/lth/ros_ws/build/video_cam/install.log'
[4.985s] Invoked command in '/home/lth/ros_ws/src/video_cam' returned '0': PYTHONPATH=/home/lth/ros_ws/build/video_cam/prefix_override:/home/lth/ros_ws/install/video_cam/lib/python3.10/site-packages:${PYTHONPATH} /usr/bin/python3 -W ignore:setup.py install is deprecated setup.py egg_info --egg-base ../../build/video_cam build --build-base /home/lth/ros_ws/build/video_cam/build install --record /home/lth/ros_ws/build/video_cam/install.log --single-version-externally-managed install_data
