[0.138s] Invoking command in '/home/lth/ros_ws/build/armor_tracker': CMAKE_PREFIX_PATH=/home/lth/ros_ws/install/auto_aim_interfaces:/home/lth/ros_ws/install/rm_vision_bringup:/home/lth/ros_ws/install/rm_serial_driver:/home/lth/ros_ws/install/rm_gimbal_description:/home/lth/ros_ws/install/rm_auto_aim:/home/lth/ros_ws/install/mindvision_camera:/home/lth/ros_ws/install/hik_camera:/home/lth/ros_ws/install/armor_tracker:/home/lth/ros_ws/install/armor_detector:/home/lth/dev_ws/install/learning_topic_cpp:/home/lth/dev_ws/install/learning_tf_cpp:/home/lth/dev_ws/install/learning_service_cpp:/home/lth/dev_ws/install/learning_pkg_c:/home/lth/dev_ws/install/learning_parameter_cpp:/home/lth/dev_ws/install/learning_node_cpp:/home/lth/dev_ws/install/learning_action_cpp:/home/lth/dev_ws/install/learning_interface:/home/lth/ros_ws/install/video_cam:/home/lth/dev_ws/install/learning_urdf:/home/lth/dev_ws/install/learning_topic:/home/lth/dev_ws/install/learning_tf:/home/lth/dev_ws/install/learning_service:/home/lth/dev_ws/install/learning_qos:/home/lth/dev_ws/install/learning_pkg_python:/home/lth/dev_ws/install/learning_parameter:/home/lth/dev_ws/install/learning_node:/home/lth/dev_ws/install/learning_launch:/home/lth/dev_ws/install/learning_action:/home/lth/dev_ws/install/learning_gazebo_fortress:/home/lth/dev_ws/install/learning_gazebo:/home/lth/dev_ws/install/learning_cv:/opt/ros/humble LD_LIBRARY_PATH=/home/lth/ros_ws/install/auto_aim_interfaces/lib:/home/lth/ros_ws/install/rm_serial_driver/lib:/home/lth/ros_ws/install/mindvision_camera/lib:/home/lth/ros_ws/install/hik_camera/lib:/home/lth/ros_ws/install/armor_tracker/lib:/home/lth/ros_ws/install/armor_detector/lib:/home/lth/dev_ws/install/learning_interface/lib:/opt/ros/humble/opt/rviz_ogre_vendor/lib:/opt/ros/humble/lib/x86_64-linux-gnu:/opt/ros/humble/lib /usr/bin/cmake --build /home/lth/ros_ws/build/armor_tracker -- -j16 -l16
[0.996s] [35m[1mConsolidate compiler generated dependencies of target armor_tracker[0m
[1.045s] [35m[1mConsolidate compiler generated dependencies of target armor_tracker_node[0m
[1.777s] [ 33%] Built target armor_tracker_node
[2.100s] [100%] Built target armor_tracker
[2.400s] Invoked command in '/home/lth/ros_ws/build/armor_tracker' returned '0': CMAKE_PREFIX_PATH=/home/lth/ros_ws/install/auto_aim_interfaces:/home/lth/ros_ws/install/rm_vision_bringup:/home/lth/ros_ws/install/rm_serial_driver:/home/lth/ros_ws/install/rm_gimbal_description:/home/lth/ros_ws/install/rm_auto_aim:/home/lth/ros_ws/install/mindvision_camera:/home/lth/ros_ws/install/hik_camera:/home/lth/ros_ws/install/armor_tracker:/home/lth/ros_ws/install/armor_detector:/home/lth/dev_ws/install/learning_topic_cpp:/home/lth/dev_ws/install/learning_tf_cpp:/home/lth/dev_ws/install/learning_service_cpp:/home/lth/dev_ws/install/learning_pkg_c:/home/lth/dev_ws/install/learning_parameter_cpp:/home/lth/dev_ws/install/learning_node_cpp:/home/lth/dev_ws/install/learning_action_cpp:/home/lth/dev_ws/install/learning_interface:/home/lth/ros_ws/install/video_cam:/home/lth/dev_ws/install/learning_urdf:/home/lth/dev_ws/install/learning_topic:/home/lth/dev_ws/install/learning_tf:/home/lth/dev_ws/install/learning_service:/home/lth/dev_ws/install/learning_qos:/home/lth/dev_ws/install/learning_pkg_python:/home/lth/dev_ws/install/learning_parameter:/home/lth/dev_ws/install/learning_node:/home/lth/dev_ws/install/learning_launch:/home/lth/dev_ws/install/learning_action:/home/lth/dev_ws/install/learning_gazebo_fortress:/home/lth/dev_ws/install/learning_gazebo:/home/lth/dev_ws/install/learning_cv:/opt/ros/humble LD_LIBRARY_PATH=/home/lth/ros_ws/install/auto_aim_interfaces/lib:/home/lth/ros_ws/install/rm_serial_driver/lib:/home/lth/ros_ws/install/mindvision_camera/lib:/home/lth/ros_ws/install/hik_camera/lib:/home/lth/ros_ws/install/armor_tracker/lib:/home/lth/ros_ws/install/armor_detector/lib:/home/lth/dev_ws/install/learning_interface/lib:/opt/ros/humble/opt/rviz_ogre_vendor/lib:/opt/ros/humble/lib/x86_64-linux-gnu:/opt/ros/humble/lib /usr/bin/cmake --build /home/lth/ros_ws/build/armor_tracker -- -j16 -l16
[3.598s] Invoking command in '/home/lth/ros_ws/build/armor_tracker': CMAKE_PREFIX_PATH=/home/lth/ros_ws/install/auto_aim_interfaces:/home/lth/ros_ws/install/rm_vision_bringup:/home/lth/ros_ws/install/rm_serial_driver:/home/lth/ros_ws/install/rm_gimbal_description:/home/lth/ros_ws/install/rm_auto_aim:/home/lth/ros_ws/install/mindvision_camera:/home/lth/ros_ws/install/hik_camera:/home/lth/ros_ws/install/armor_tracker:/home/lth/ros_ws/install/armor_detector:/home/lth/dev_ws/install/learning_topic_cpp:/home/lth/dev_ws/install/learning_tf_cpp:/home/lth/dev_ws/install/learning_service_cpp:/home/lth/dev_ws/install/learning_pkg_c:/home/lth/dev_ws/install/learning_parameter_cpp:/home/lth/dev_ws/install/learning_node_cpp:/home/lth/dev_ws/install/learning_action_cpp:/home/lth/dev_ws/install/learning_interface:/home/lth/ros_ws/install/video_cam:/home/lth/dev_ws/install/learning_urdf:/home/lth/dev_ws/install/learning_topic:/home/lth/dev_ws/install/learning_tf:/home/lth/dev_ws/install/learning_service:/home/lth/dev_ws/install/learning_qos:/home/lth/dev_ws/install/learning_pkg_python:/home/lth/dev_ws/install/learning_parameter:/home/lth/dev_ws/install/learning_node:/home/lth/dev_ws/install/learning_launch:/home/lth/dev_ws/install/learning_action:/home/lth/dev_ws/install/learning_gazebo_fortress:/home/lth/dev_ws/install/learning_gazebo:/home/lth/dev_ws/install/learning_cv:/opt/ros/humble LD_LIBRARY_PATH=/home/lth/ros_ws/install/auto_aim_interfaces/lib:/home/lth/ros_ws/install/rm_serial_driver/lib:/home/lth/ros_ws/install/mindvision_camera/lib:/home/lth/ros_ws/install/hik_camera/lib:/home/lth/ros_ws/install/armor_tracker/lib:/home/lth/ros_ws/install/armor_detector/lib:/home/lth/dev_ws/install/learning_interface/lib:/opt/ros/humble/opt/rviz_ogre_vendor/lib:/opt/ros/humble/lib/x86_64-linux-gnu:/opt/ros/humble/lib /usr/bin/cmake --install /home/lth/ros_ws/build/armor_tracker
[3.709s] -- Install configuration: ""
[3.732s] -- Up-to-date: /home/lth/ros_ws/install/armor_tracker/lib/armor_tracker/armor_tracker_node
[3.733s] -- Up-to-date: /home/lth/ros_ws/install/armor_tracker/include
[3.733s] -- Up-to-date: /home/lth/ros_ws/install/armor_tracker/include/armor_tracker
[3.734s] -- Up-to-date: /home/lth/ros_ws/install/armor_tracker/include/armor_tracker/extended_kalman_filter.hpp
[3.734s] -- Up-to-date: /home/lth/ros_ws/install/armor_tracker/include/armor_tracker/tracker.hpp
[3.735s] -- Up-to-date: /home/lth/ros_ws/install/armor_tracker/include/armor_tracker/tracker_node.hpp
[3.735s] -- Up-to-date: /home/lth/ros_ws/install/armor_tracker/share/armor_tracker/environment/library_path.sh
[3.735s] -- Up-to-date: /home/lth/ros_ws/install/armor_tracker/share/armor_tracker/environment/library_path.dsv
[3.735s] -- Up-to-date: /home/lth/ros_ws/install/armor_tracker/lib/libarmor_tracker.so
[3.743s] -- Up-to-date: /home/lth/ros_ws/install/armor_tracker/share/ament_index/resource_index/package_run_dependencies/armor_tracker
[3.758s] -- Up-to-date: /home/lth/ros_ws/install/armor_tracker/share/ament_index/resource_index/parent_prefix_path/armor_tracker
[3.759s] -- Up-to-date: /home/lth/ros_ws/install/armor_tracker/share/armor_tracker/environment/ament_prefix_path.sh
[3.759s] -- Up-to-date: /home/lth/ros_ws/install/armor_tracker/share/armor_tracker/environment/ament_prefix_path.dsv
[3.759s] -- Up-to-date: /home/lth/ros_ws/install/armor_tracker/share/armor_tracker/environment/path.sh
[3.759s] -- Up-to-date: /home/lth/ros_ws/install/armor_tracker/share/armor_tracker/environment/path.dsv
[3.759s] -- Up-to-date: /home/lth/ros_ws/install/armor_tracker/share/armor_tracker/local_setup.bash
[3.760s] -- Up-to-date: /home/lth/ros_ws/install/armor_tracker/share/armor_tracker/local_setup.sh
[3.760s] -- Up-to-date: /home/lth/ros_ws/install/armor_tracker/share/armor_tracker/local_setup.zsh
[3.760s] -- Up-to-date: /home/lth/ros_ws/install/armor_tracker/share/armor_tracker/local_setup.dsv
[3.761s] -- Installing: /home/lth/ros_ws/install/armor_tracker/share/armor_tracker/package.dsv
[3.761s] -- Up-to-date: /home/lth/ros_ws/install/armor_tracker/share/ament_index/resource_index/packages/armor_tracker
[3.761s] -- Up-to-date: /home/lth/ros_ws/install/armor_tracker/share/ament_index/resource_index/rclcpp_components/armor_tracker
[3.761s] -- Up-to-date: /home/lth/ros_ws/install/armor_tracker/share/armor_tracker/cmake/ament_cmake_export_dependencies-extras.cmake
[3.761s] -- Up-to-date: /home/lth/ros_ws/install/armor_tracker/share/armor_tracker/cmake/ament_cmake_export_include_directories-extras.cmake
[3.761s] -- Up-to-date: /home/lth/ros_ws/install/armor_tracker/share/armor_tracker/cmake/ament_cmake_export_libraries-extras.cmake
[3.761s] -- Up-to-date: /home/lth/ros_ws/install/armor_tracker/share/armor_tracker/cmake/armor_trackerConfig.cmake
[3.761s] -- Up-to-date: /home/lth/ros_ws/install/armor_tracker/share/armor_tracker/cmake/armor_trackerConfig-version.cmake
[3.761s] -- Up-to-date: /home/lth/ros_ws/install/armor_tracker/share/armor_tracker/package.xml
[3.846s] Invoked command in '/home/lth/ros_ws/build/armor_tracker' returned '0': CMAKE_PREFIX_PATH=/home/lth/ros_ws/install/auto_aim_interfaces:/home/lth/ros_ws/install/rm_vision_bringup:/home/lth/ros_ws/install/rm_serial_driver:/home/lth/ros_ws/install/rm_gimbal_description:/home/lth/ros_ws/install/rm_auto_aim:/home/lth/ros_ws/install/mindvision_camera:/home/lth/ros_ws/install/hik_camera:/home/lth/ros_ws/install/armor_tracker:/home/lth/ros_ws/install/armor_detector:/home/lth/dev_ws/install/learning_topic_cpp:/home/lth/dev_ws/install/learning_tf_cpp:/home/lth/dev_ws/install/learning_service_cpp:/home/lth/dev_ws/install/learning_pkg_c:/home/lth/dev_ws/install/learning_parameter_cpp:/home/lth/dev_ws/install/learning_node_cpp:/home/lth/dev_ws/install/learning_action_cpp:/home/lth/dev_ws/install/learning_interface:/home/lth/ros_ws/install/video_cam:/home/lth/dev_ws/install/learning_urdf:/home/lth/dev_ws/install/learning_topic:/home/lth/dev_ws/install/learning_tf:/home/lth/dev_ws/install/learning_service:/home/lth/dev_ws/install/learning_qos:/home/lth/dev_ws/install/learning_pkg_python:/home/lth/dev_ws/install/learning_parameter:/home/lth/dev_ws/install/learning_node:/home/lth/dev_ws/install/learning_launch:/home/lth/dev_ws/install/learning_action:/home/lth/dev_ws/install/learning_gazebo_fortress:/home/lth/dev_ws/install/learning_gazebo:/home/lth/dev_ws/install/learning_cv:/opt/ros/humble LD_LIBRARY_PATH=/home/lth/ros_ws/install/auto_aim_interfaces/lib:/home/lth/ros_ws/install/rm_serial_driver/lib:/home/lth/ros_ws/install/mindvision_camera/lib:/home/lth/ros_ws/install/hik_camera/lib:/home/lth/ros_ws/install/armor_tracker/lib:/home/lth/ros_ws/install/armor_detector/lib:/home/lth/dev_ws/install/learning_interface/lib:/opt/ros/humble/opt/rviz_ogre_vendor/lib:/opt/ros/humble/lib/x86_64-linux-gnu:/opt/ros/humble/lib /usr/bin/cmake --install /home/lth/ros_ws/build/armor_tracker
