[0.852s] Invoking command in '/home/lth/ros_ws/build/mindvision_camera': CMAKE_PREFIX_PATH=${CMAKE_PREFIX_PATH}:/home/lth/ros_ws/install/video_cam:/home/lth/dev_ws/install/learning_urdf:/home/lth/dev_ws/install/learning_topic:/home/lth/dev_ws/install/learning_tf:/home/lth/dev_ws/install/learning_service:/home/lth/dev_ws/install/learning_qos:/home/lth/dev_ws/install/learning_pkg_python:/home/lth/dev_ws/install/learning_parameter:/home/lth/dev_ws/install/learning_node:/home/lth/dev_ws/install/learning_launch:/home/lth/dev_ws/install/learning_action:/home/lth/dev_ws/install/learning_gazebo_fortress:/home/lth/dev_ws/install/learning_gazebo:/home/lth/dev_ws/install/learning_cv:/opt/ros/humble /usr/bin/cmake --build /home/lth/ros_ws/build/mindvision_camera -- -j16 -l16
[2.803s] [ 50%] Built target mindvision_camera_node
[4.139s] [100%] Built target mindvision_camera
[7.520s] Invoked command in '/home/lth/ros_ws/build/mindvision_camera' returned '0': CMAKE_PREFIX_PATH=${CMAKE_PREFIX_PATH}:/home/lth/ros_ws/install/video_cam:/home/lth/dev_ws/install/learning_urdf:/home/lth/dev_ws/install/learning_topic:/home/lth/dev_ws/install/learning_tf:/home/lth/dev_ws/install/learning_service:/home/lth/dev_ws/install/learning_qos:/home/lth/dev_ws/install/learning_pkg_python:/home/lth/dev_ws/install/learning_parameter:/home/lth/dev_ws/install/learning_node:/home/lth/dev_ws/install/learning_launch:/home/lth/dev_ws/install/learning_action:/home/lth/dev_ws/install/learning_gazebo_fortress:/home/lth/dev_ws/install/learning_gazebo:/home/lth/dev_ws/install/learning_cv:/opt/ros/humble /usr/bin/cmake --build /home/lth/ros_ws/build/mindvision_camera -- -j16 -l16
[11.244s] Invoking command in '/home/lth/ros_ws/build/mindvision_camera': CMAKE_PREFIX_PATH=${CMAKE_PREFIX_PATH}:/home/lth/ros_ws/install/video_cam:/home/lth/dev_ws/install/learning_urdf:/home/lth/dev_ws/install/learning_topic:/home/lth/dev_ws/install/learning_tf:/home/lth/dev_ws/install/learning_service:/home/lth/dev_ws/install/learning_qos:/home/lth/dev_ws/install/learning_pkg_python:/home/lth/dev_ws/install/learning_parameter:/home/lth/dev_ws/install/learning_node:/home/lth/dev_ws/install/learning_launch:/home/lth/dev_ws/install/learning_action:/home/lth/dev_ws/install/learning_gazebo_fortress:/home/lth/dev_ws/install/learning_gazebo:/home/lth/dev_ws/install/learning_cv:/opt/ros/humble /usr/bin/cmake --install /home/lth/ros_ws/build/mindvision_camera
[11.455s] -- Install configuration: ""
[11.455s] -- Up-to-date: /home/lth/ros_ws/install/mindvision_camera/lib/mindvision_camera/mindvision_camera_node
[11.456s] -- Up-to-date: /home/lth/ros_ws/install/mindvision_camera/share/mindvision_camera/environment/library_path.sh
[11.462s] -- Up-to-date: /home/lth/ros_ws/install/mindvision_camera/share/mindvision_camera/environment/library_path.dsv
[11.463s] -- Up-to-date: /home/lth/ros_ws/install/mindvision_camera/lib/libmindvision_camera.so
[11.464s] -- Up-to-date: /home/lth/ros_ws/install/mindvision_camera/share/mindvision_camera/config
[11.464s] -- Up-to-date: /home/lth/ros_ws/install/mindvision_camera/share/mindvision_camera/config/camera_info.yaml
[11.467s] -- Up-to-date: /home/lth/ros_ws/install/mindvision_camera/share/mindvision_camera/config/camera_params.yaml
[11.468s] -- Up-to-date: /home/lth/ros_ws/install/mindvision_camera/share/mindvision_camera/launch
[11.468s] -- Up-to-date: /home/lth/ros_ws/install/mindvision_camera/share/mindvision_camera/launch/mv_launch.py
[11.469s] -- Up-to-date: /home/lth/ros_ws/install/mindvision_camera/share/ament_index/resource_index/package_run_dependencies/mindvision_camera
[11.470s] -- Up-to-date: /home/lth/ros_ws/install/mindvision_camera/share/ament_index/resource_index/parent_prefix_path/mindvision_camera
[11.470s] -- Up-to-date: /home/lth/ros_ws/install/mindvision_camera/share/mindvision_camera/environment/ament_prefix_path.sh
[11.471s] -- Up-to-date: /home/lth/ros_ws/install/mindvision_camera/share/mindvision_camera/environment/ament_prefix_path.dsv
[11.582s] -- Up-to-date: /home/lth/ros_ws/install/mindvision_camera/share/mindvision_camera/environment/path.sh
[11.584s] -- Up-to-date: /home/lth/ros_ws/install/mindvision_camera/share/mindvision_camera/environment/path.dsv
[11.584s] -- Up-to-date: /home/lth/ros_ws/install/mindvision_camera/share/mindvision_camera/local_setup.bash
[11.585s] -- Up-to-date: /home/lth/ros_ws/install/mindvision_camera/share/mindvision_camera/local_setup.sh
[11.585s] -- Up-to-date: /home/lth/ros_ws/install/mindvision_camera/share/mindvision_camera/local_setup.zsh
[11.587s] -- Up-to-date: /home/lth/ros_ws/install/mindvision_camera/share/mindvision_camera/local_setup.dsv
[11.588s] -- Installing: /home/lth/ros_ws/install/mindvision_camera/share/mindvision_camera/package.dsv
[11.588s] -- Up-to-date: /home/lth/ros_ws/install/mindvision_camera/share/ament_index/resource_index/packages/mindvision_camera
[11.589s] -- Up-to-date: /home/lth/ros_ws/install/mindvision_camera/share/ament_index/resource_index/rclcpp_components/mindvision_camera
[11.589s] -- Up-to-date: /home/lth/ros_ws/install/mindvision_camera/share/mindvision_camera/cmake/ament_cmake_export_dependencies-extras.cmake
[11.590s] -- Up-to-date: /home/lth/ros_ws/install/mindvision_camera/share/mindvision_camera/cmake/ament_cmake_export_libraries-extras.cmake
[11.591s] -- Up-to-date: /home/lth/ros_ws/install/mindvision_camera/share/mindvision_camera/cmake/mindvision_cameraConfig.cmake
[11.591s] -- Up-to-date: /home/lth/ros_ws/install/mindvision_camera/share/mindvision_camera/cmake/mindvision_cameraConfig-version.cmake
[11.593s] -- Up-to-date: /home/lth/ros_ws/install/mindvision_camera/share/mindvision_camera/package.xml
[11.828s] Invoked command in '/home/lth/ros_ws/build/mindvision_camera' returned '0': CMAKE_PREFIX_PATH=${CMAKE_PREFIX_PATH}:/home/lth/ros_ws/install/video_cam:/home/lth/dev_ws/install/learning_urdf:/home/lth/dev_ws/install/learning_topic:/home/lth/dev_ws/install/learning_tf:/home/lth/dev_ws/install/learning_service:/home/lth/dev_ws/install/learning_qos:/home/lth/dev_ws/install/learning_pkg_python:/home/lth/dev_ws/install/learning_parameter:/home/lth/dev_ws/install/learning_node:/home/lth/dev_ws/install/learning_launch:/home/lth/dev_ws/install/learning_action:/home/lth/dev_ws/install/learning_gazebo_fortress:/home/lth/dev_ws/install/learning_gazebo:/home/lth/dev_ws/install/learning_cv:/opt/ros/humble /usr/bin/cmake --install /home/lth/ros_ws/build/mindvision_camera
