[0.328s] Invoking command in '/home/lth/ros_ws/build/armor_detector': CMAKE_PREFIX_PATH=/home/lth/ros_ws/install/auto_aim_interfaces:/home/lth/ros_ws/install/rm_vision_bringup:/home/lth/ros_ws/install/rm_serial_driver:/home/lth/ros_ws/install/rm_gimbal_description:/home/lth/ros_ws/install/rm_auto_aim:/home/lth/ros_ws/install/mindvision_camera:/home/lth/ros_ws/install/hik_camera:/home/lth/ros_ws/install/armor_tracker:/home/lth/ros_ws/install/armor_detector:/home/lth/dev_ws/install/learning_topic_cpp:/home/lth/dev_ws/install/learning_tf_cpp:/home/lth/dev_ws/install/learning_service_cpp:/home/lth/dev_ws/install/learning_pkg_c:/home/lth/dev_ws/install/learning_parameter_cpp:/home/lth/dev_ws/install/learning_node_cpp:/home/lth/dev_ws/install/learning_action_cpp:/home/lth/dev_ws/install/learning_interface:/home/lth/ros_ws/install/video_cam:/home/lth/dev_ws/install/learning_urdf:/home/lth/dev_ws/install/learning_topic:/home/lth/dev_ws/install/learning_tf:/home/lth/dev_ws/install/learning_service:/home/lth/dev_ws/install/learning_qos:/home/lth/dev_ws/install/learning_pkg_python:/home/lth/dev_ws/install/learning_parameter:/home/lth/dev_ws/install/learning_node:/home/lth/dev_ws/install/learning_launch:/home/lth/dev_ws/install/learning_action:/home/lth/dev_ws/install/learning_gazebo_fortress:/home/lth/dev_ws/install/learning_gazebo:/home/lth/dev_ws/install/learning_cv:/opt/ros/humble LD_LIBRARY_PATH=/home/lth/ros_ws/install/auto_aim_interfaces/lib:/home/lth/ros_ws/install/rm_serial_driver/lib:/home/lth/ros_ws/install/mindvision_camera/lib:/home/lth/ros_ws/install/hik_camera/lib:/home/lth/ros_ws/install/armor_tracker/lib:/home/lth/ros_ws/install/armor_detector/lib:/home/lth/dev_ws/install/learning_interface/lib:/opt/ros/humble/opt/rviz_ogre_vendor/lib:/opt/ros/humble/lib/x86_64-linux-gnu:/opt/ros/humble/lib /usr/bin/cmake --build /home/lth/ros_ws/build/armor_detector -- -j16 -l16
[1.410s] [ 13%] Built target armor_detector_node
[1.550s] [ 46%] Built target armor_detector
[1.551s] [ 60%] Built target gtest_main
[1.563s] [ 73%] Built target gtest
[2.051s] [ 86%] Built target test_node_startup
[2.172s] [100%] Built target test_number_cls
[2.367s] Invoked command in '/home/lth/ros_ws/build/armor_detector' returned '0': CMAKE_PREFIX_PATH=/home/lth/ros_ws/install/auto_aim_interfaces:/home/lth/ros_ws/install/rm_vision_bringup:/home/lth/ros_ws/install/rm_serial_driver:/home/lth/ros_ws/install/rm_gimbal_description:/home/lth/ros_ws/install/rm_auto_aim:/home/lth/ros_ws/install/mindvision_camera:/home/lth/ros_ws/install/hik_camera:/home/lth/ros_ws/install/armor_tracker:/home/lth/ros_ws/install/armor_detector:/home/lth/dev_ws/install/learning_topic_cpp:/home/lth/dev_ws/install/learning_tf_cpp:/home/lth/dev_ws/install/learning_service_cpp:/home/lth/dev_ws/install/learning_pkg_c:/home/lth/dev_ws/install/learning_parameter_cpp:/home/lth/dev_ws/install/learning_node_cpp:/home/lth/dev_ws/install/learning_action_cpp:/home/lth/dev_ws/install/learning_interface:/home/lth/ros_ws/install/video_cam:/home/lth/dev_ws/install/learning_urdf:/home/lth/dev_ws/install/learning_topic:/home/lth/dev_ws/install/learning_tf:/home/lth/dev_ws/install/learning_service:/home/lth/dev_ws/install/learning_qos:/home/lth/dev_ws/install/learning_pkg_python:/home/lth/dev_ws/install/learning_parameter:/home/lth/dev_ws/install/learning_node:/home/lth/dev_ws/install/learning_launch:/home/lth/dev_ws/install/learning_action:/home/lth/dev_ws/install/learning_gazebo_fortress:/home/lth/dev_ws/install/learning_gazebo:/home/lth/dev_ws/install/learning_cv:/opt/ros/humble LD_LIBRARY_PATH=/home/lth/ros_ws/install/auto_aim_interfaces/lib:/home/lth/ros_ws/install/rm_serial_driver/lib:/home/lth/ros_ws/install/mindvision_camera/lib:/home/lth/ros_ws/install/hik_camera/lib:/home/lth/ros_ws/install/armor_tracker/lib:/home/lth/ros_ws/install/armor_detector/lib:/home/lth/dev_ws/install/learning_interface/lib:/opt/ros/humble/opt/rviz_ogre_vendor/lib:/opt/ros/humble/lib/x86_64-linux-gnu:/opt/ros/humble/lib /usr/bin/cmake --build /home/lth/ros_ws/build/armor_detector -- -j16 -l16
[3.773s] Invoking command in '/home/lth/ros_ws/build/armor_detector': CMAKE_PREFIX_PATH=/home/lth/ros_ws/install/auto_aim_interfaces:/home/lth/ros_ws/install/rm_vision_bringup:/home/lth/ros_ws/install/rm_serial_driver:/home/lth/ros_ws/install/rm_gimbal_description:/home/lth/ros_ws/install/rm_auto_aim:/home/lth/ros_ws/install/mindvision_camera:/home/lth/ros_ws/install/hik_camera:/home/lth/ros_ws/install/armor_tracker:/home/lth/ros_ws/install/armor_detector:/home/lth/dev_ws/install/learning_topic_cpp:/home/lth/dev_ws/install/learning_tf_cpp:/home/lth/dev_ws/install/learning_service_cpp:/home/lth/dev_ws/install/learning_pkg_c:/home/lth/dev_ws/install/learning_parameter_cpp:/home/lth/dev_ws/install/learning_node_cpp:/home/lth/dev_ws/install/learning_action_cpp:/home/lth/dev_ws/install/learning_interface:/home/lth/ros_ws/install/video_cam:/home/lth/dev_ws/install/learning_urdf:/home/lth/dev_ws/install/learning_topic:/home/lth/dev_ws/install/learning_tf:/home/lth/dev_ws/install/learning_service:/home/lth/dev_ws/install/learning_qos:/home/lth/dev_ws/install/learning_pkg_python:/home/lth/dev_ws/install/learning_parameter:/home/lth/dev_ws/install/learning_node:/home/lth/dev_ws/install/learning_launch:/home/lth/dev_ws/install/learning_action:/home/lth/dev_ws/install/learning_gazebo_fortress:/home/lth/dev_ws/install/learning_gazebo:/home/lth/dev_ws/install/learning_cv:/opt/ros/humble LD_LIBRARY_PATH=/home/lth/ros_ws/install/auto_aim_interfaces/lib:/home/lth/ros_ws/install/rm_serial_driver/lib:/home/lth/ros_ws/install/mindvision_camera/lib:/home/lth/ros_ws/install/hik_camera/lib:/home/lth/ros_ws/install/armor_tracker/lib:/home/lth/ros_ws/install/armor_detector/lib:/home/lth/dev_ws/install/learning_interface/lib:/opt/ros/humble/opt/rviz_ogre_vendor/lib:/opt/ros/humble/lib/x86_64-linux-gnu:/opt/ros/humble/lib /usr/bin/cmake --install /home/lth/ros_ws/build/armor_detector
[3.907s] -- Install configuration: ""
[3.937s] -- Up-to-date: /home/lth/ros_ws/install/armor_detector/lib/armor_detector/armor_detector_node
[3.938s] -- Up-to-date: /home/lth/ros_ws/install/armor_detector/include
[3.939s] -- Up-to-date: /home/lth/ros_ws/install/armor_detector/include/armor_detector
[3.939s] -- Up-to-date: /home/lth/ros_ws/install/armor_detector/include/armor_detector/pnp_solver.hpp
[3.940s] -- Up-to-date: /home/lth/ros_ws/install/armor_detector/include/armor_detector/detector.hpp
[3.941s] -- Up-to-date: /home/lth/ros_ws/install/armor_detector/include/armor_detector/number_classifier.hpp
[3.942s] -- Up-to-date: /home/lth/ros_ws/install/armor_detector/include/armor_detector/armor.hpp
[3.943s] -- Up-to-date: /home/lth/ros_ws/install/armor_detector/include/armor_detector/detector_node.hpp
[3.943s] -- Up-to-date: /home/lth/ros_ws/install/armor_detector/share/armor_detector/environment/library_path.sh
[3.944s] -- Up-to-date: /home/lth/ros_ws/install/armor_detector/share/armor_detector/environment/library_path.dsv
[3.957s] -- Up-to-date: /home/lth/ros_ws/install/armor_detector/lib/libarmor_detector.so
[3.958s] -- Up-to-date: /home/lth/ros_ws/install/armor_detector/share/armor_detector/model
[3.959s] -- Up-to-date: /home/lth/ros_ws/install/armor_detector/share/armor_detector/model/mlp.onnx
[3.960s] -- Up-to-date: /home/lth/ros_ws/install/armor_detector/share/armor_detector/model/label.txt
[3.960s] -- Up-to-date: /home/lth/ros_ws/install/armor_detector/share/ament_index/resource_index/package_run_dependencies/armor_detector
[3.980s] -- Up-to-date: /home/lth/ros_ws/install/armor_detector/share/ament_index/resource_index/parent_prefix_path/armor_detector
[3.981s] -- Up-to-date: /home/lth/ros_ws/install/armor_detector/share/armor_detector/environment/ament_prefix_path.sh
[3.982s] -- Up-to-date: /home/lth/ros_ws/install/armor_detector/share/armor_detector/environment/ament_prefix_path.dsv
[3.982s] -- Up-to-date: /home/lth/ros_ws/install/armor_detector/share/armor_detector/environment/path.sh
[3.983s] -- Up-to-date: /home/lth/ros_ws/install/armor_detector/share/armor_detector/environment/path.dsv
[3.984s] -- Up-to-date: /home/lth/ros_ws/install/armor_detector/share/armor_detector/local_setup.bash
[3.984s] -- Up-to-date: /home/lth/ros_ws/install/armor_detector/share/armor_detector/local_setup.sh
[3.985s] -- Up-to-date: /home/lth/ros_ws/install/armor_detector/share/armor_detector/local_setup.zsh
[3.986s] -- Up-to-date: /home/lth/ros_ws/install/armor_detector/share/armor_detector/local_setup.dsv
[3.987s] -- Installing: /home/lth/ros_ws/install/armor_detector/share/armor_detector/package.dsv
[3.987s] -- Up-to-date: /home/lth/ros_ws/install/armor_detector/share/ament_index/resource_index/packages/armor_detector
[3.988s] -- Up-to-date: /home/lth/ros_ws/install/armor_detector/share/ament_index/resource_index/rclcpp_components/armor_detector
[3.991s] -- Up-to-date: /home/lth/ros_ws/install/armor_detector/share/armor_detector/cmake/ament_cmake_export_dependencies-extras.cmake
[3.993s] -- Up-to-date: /home/lth/ros_ws/install/armor_detector/share/armor_detector/cmake/ament_cmake_export_include_directories-extras.cmake
[4.016s] -- Up-to-date: /home/lth/ros_ws/install/armor_detector/share/armor_detector/cmake/ament_cmake_export_libraries-extras.cmake
[4.017s] -- Up-to-date: /home/lth/ros_ws/install/armor_detector/share/armor_detector/cmake/armor_detectorConfig.cmake
[4.018s] -- Up-to-date: /home/lth/ros_ws/install/armor_detector/share/armor_detector/cmake/armor_detectorConfig-version.cmake
[4.028s] -- Up-to-date: /home/lth/ros_ws/install/armor_detector/share/armor_detector/package.xml
[4.037s] Invoked command in '/home/lth/ros_ws/build/armor_detector' returned '0': CMAKE_PREFIX_PATH=/home/lth/ros_ws/install/auto_aim_interfaces:/home/lth/ros_ws/install/rm_vision_bringup:/home/lth/ros_ws/install/rm_serial_driver:/home/lth/ros_ws/install/rm_gimbal_description:/home/lth/ros_ws/install/rm_auto_aim:/home/lth/ros_ws/install/mindvision_camera:/home/lth/ros_ws/install/hik_camera:/home/lth/ros_ws/install/armor_tracker:/home/lth/ros_ws/install/armor_detector:/home/lth/dev_ws/install/learning_topic_cpp:/home/lth/dev_ws/install/learning_tf_cpp:/home/lth/dev_ws/install/learning_service_cpp:/home/lth/dev_ws/install/learning_pkg_c:/home/lth/dev_ws/install/learning_parameter_cpp:/home/lth/dev_ws/install/learning_node_cpp:/home/lth/dev_ws/install/learning_action_cpp:/home/lth/dev_ws/install/learning_interface:/home/lth/ros_ws/install/video_cam:/home/lth/dev_ws/install/learning_urdf:/home/lth/dev_ws/install/learning_topic:/home/lth/dev_ws/install/learning_tf:/home/lth/dev_ws/install/learning_service:/home/lth/dev_ws/install/learning_qos:/home/lth/dev_ws/install/learning_pkg_python:/home/lth/dev_ws/install/learning_parameter:/home/lth/dev_ws/install/learning_node:/home/lth/dev_ws/install/learning_launch:/home/lth/dev_ws/install/learning_action:/home/lth/dev_ws/install/learning_gazebo_fortress:/home/lth/dev_ws/install/learning_gazebo:/home/lth/dev_ws/install/learning_cv:/opt/ros/humble LD_LIBRARY_PATH=/home/lth/ros_ws/install/auto_aim_interfaces/lib:/home/lth/ros_ws/install/rm_serial_driver/lib:/home/lth/ros_ws/install/mindvision_camera/lib:/home/lth/ros_ws/install/hik_camera/lib:/home/lth/ros_ws/install/armor_tracker/lib:/home/lth/ros_ws/install/armor_detector/lib:/home/lth/dev_ws/install/learning_interface/lib:/opt/ros/humble/opt/rviz_ogre_vendor/lib:/opt/ros/humble/lib/x86_64-linux-gnu:/opt/ros/humble/lib /usr/bin/cmake --install /home/lth/ros_ws/build/armor_detector
