[3.608s] Invoking command in '/home/lth/ros_ws/src/video_cam': PYTHONPATH=/home/lth/ros_ws/build/video_cam/prefix_override:/home/lth/ros_ws/install/video_cam/lib/python3.10/site-packages:${PYTHONPATH} /usr/bin/python3 -W ignore:setup.py install is deprecated setup.py egg_info --egg-base ../../build/video_cam build --build-base /home/lth/ros_ws/build/video_cam/build install --record /home/lth/ros_ws/build/video_cam/install.log --single-version-externally-managed install_data
[6.195s] running egg_info
[6.196s] writing ../../build/video_cam/video_cam.egg-info/PKG-INFO
[6.196s] writing dependency_links to ../../build/video_cam/video_cam.egg-info/dependency_links.txt
[6.198s] writing entry points to ../../build/video_cam/video_cam.egg-info/entry_points.txt
[6.202s] writing requirements to ../../build/video_cam/video_cam.egg-info/requires.txt
[6.203s] writing top-level names to ../../build/video_cam/video_cam.egg-info/top_level.txt
[6.216s] reading manifest file '../../build/video_cam/video_cam.egg-info/SOURCES.txt'
[6.226s] writing manifest file '../../build/video_cam/video_cam.egg-info/SOURCES.txt'
[6.226s] running build
[6.227s] running build_py
[6.227s] copying video_cam/video_publisher.py -> /home/lth/ros_ws/build/video_cam/build/lib/video_cam
[6.249s] running install
[6.249s] running install_lib
[6.250s] copying /home/lth/ros_ws/build/video_cam/build/lib/video_cam/video_publisher.py -> /home/lth/ros_ws/install/video_cam/lib/python3.10/site-packages/video_cam
[6.250s] byte-compiling /home/lth/ros_ws/install/video_cam/lib/python3.10/site-packages/video_cam/video_publisher.py to video_publisher.cpython-310.pyc
[6.250s] running install_data
[6.250s] running install_egg_info
[6.259s] removing '/home/lth/ros_ws/install/video_cam/lib/python3.10/site-packages/video_cam-0.0.1-py3.10.egg-info' (and everything under it)
[6.262s] Copying ../../build/video_cam/video_cam.egg-info to /home/lth/ros_ws/install/video_cam/lib/python3.10/site-packages/video_cam-0.0.1-py3.10.egg-info
[6.279s] running install_scripts
[6.422s] Installing video_publisher script to /home/lth/ros_ws/install/video_cam/lib/video_cam
[6.428s] writing list of installed files to '/home/lth/ros_ws/build/video_cam/install.log'
[6.513s] Invoked command in '/home/lth/ros_ws/src/video_cam' returned '0': PYTHONPATH=/home/lth/ros_ws/build/video_cam/prefix_override:/home/lth/ros_ws/install/video_cam/lib/python3.10/site-packages:${PYTHONPATH} /usr/bin/python3 -W ignore:setup.py install is deprecated setup.py egg_info --egg-base ../../build/video_cam build --build-base /home/lth/ros_ws/build/video_cam/build install --record /home/lth/ros_ws/build/video_cam/install.log --single-version-externally-managed install_data
