[0.859s] Invoking command in '/home/lth/ros_ws/build/hik_camera': CMAKE_PREFIX_PATH=${CMAKE_PREFIX_PATH}:/home/lth/ros_ws/install/video_cam:/home/lth/dev_ws/install/learning_urdf:/home/lth/dev_ws/install/learning_topic:/home/lth/dev_ws/install/learning_tf:/home/lth/dev_ws/install/learning_service:/home/lth/dev_ws/install/learning_qos:/home/lth/dev_ws/install/learning_pkg_python:/home/lth/dev_ws/install/learning_parameter:/home/lth/dev_ws/install/learning_node:/home/lth/dev_ws/install/learning_launch:/home/lth/dev_ws/install/learning_action:/home/lth/dev_ws/install/learning_gazebo_fortress:/home/lth/dev_ws/install/learning_gazebo:/home/lth/dev_ws/install/learning_cv:/opt/ros/humble /usr/bin/cmake --build /home/lth/ros_ws/build/hik_camera -- -j16 -l16
[3.238s] [ 50%] Built target hik_camera
[3.557s] [100%] Built target hik_camera_node
[7.513s] Invoked command in '/home/lth/ros_ws/build/hik_camera' returned '0': CMAKE_PREFIX_PATH=${CMAKE_PREFIX_PATH}:/home/lth/ros_ws/install/video_cam:/home/lth/dev_ws/install/learning_urdf:/home/lth/dev_ws/install/learning_topic:/home/lth/dev_ws/install/learning_tf:/home/lth/dev_ws/install/learning_service:/home/lth/dev_ws/install/learning_qos:/home/lth/dev_ws/install/learning_pkg_python:/home/lth/dev_ws/install/learning_parameter:/home/lth/dev_ws/install/learning_node:/home/lth/dev_ws/install/learning_launch:/home/lth/dev_ws/install/learning_action:/home/lth/dev_ws/install/learning_gazebo_fortress:/home/lth/dev_ws/install/learning_gazebo:/home/lth/dev_ws/install/learning_cv:/opt/ros/humble /usr/bin/cmake --build /home/lth/ros_ws/build/hik_camera -- -j16 -l16
[11.915s] Invoking command in '/home/lth/ros_ws/build/hik_camera': CMAKE_PREFIX_PATH=${CMAKE_PREFIX_PATH}:/home/lth/ros_ws/install/video_cam:/home/lth/dev_ws/install/learning_urdf:/home/lth/dev_ws/install/learning_topic:/home/lth/dev_ws/install/learning_tf:/home/lth/dev_ws/install/learning_service:/home/lth/dev_ws/install/learning_qos:/home/lth/dev_ws/install/learning_pkg_python:/home/lth/dev_ws/install/learning_parameter:/home/lth/dev_ws/install/learning_node:/home/lth/dev_ws/install/learning_launch:/home/lth/dev_ws/install/learning_action:/home/lth/dev_ws/install/learning_gazebo_fortress:/home/lth/dev_ws/install/learning_gazebo:/home/lth/dev_ws/install/learning_cv:/opt/ros/humble /usr/bin/cmake --install /home/lth/ros_ws/build/hik_camera
[12.772s] -- Install configuration: ""
[12.773s] -- Up-to-date: /home/lth/ros_ws/install/hik_camera/lib
[12.773s] -- Up-to-date: /home/lth/ros_ws/install/hik_camera/lib/libMediaProcess.so
[12.774s] -- Up-to-date: /home/lth/ros_ws/install/hik_camera/lib/libFormatConversion.so
[12.775s] -- Up-to-date: /home/lth/ros_ws/install/hik_camera/lib/libMvUsb3vTL.so
[12.775s] -- Up-to-date: /home/lth/ros_ws/install/hik_camera/lib/libMvCameraControl.so
[12.776s] -- Up-to-date: /home/lth/ros_ws/install/hik_camera/lib/libMVRender.so
[12.777s] -- Up-to-date: /home/lth/ros_ws/install/hik_camera/lib/hik_camera/hik_camera_node
[12.783s] -- Up-to-date: /home/lth/ros_ws/install/hik_camera/share/hik_camera/environment/library_path.sh
[12.929s] -- Up-to-date: /home/lth/ros_ws/install/hik_camera/share/hik_camera/environment/library_path.dsv
[12.931s] -- Up-to-date: /home/lth/ros_ws/install/hik_camera/lib/libhik_camera.so
[12.932s] -- Up-to-date: /home/lth/ros_ws/install/hik_camera/share/hik_camera/config
[12.933s] -- Up-to-date: /home/lth/ros_ws/install/hik_camera/share/hik_camera/config/camera_info.yaml
[12.933s] -- Up-to-date: /home/lth/ros_ws/install/hik_camera/share/hik_camera/config/camera_params.yaml
[12.934s] -- Up-to-date: /home/lth/ros_ws/install/hik_camera/share/hik_camera/launch
[12.934s] -- Up-to-date: /home/lth/ros_ws/install/hik_camera/share/hik_camera/launch/hik_camera.launch.py
[12.935s] -- Up-to-date: /home/lth/ros_ws/install/hik_camera/share/ament_index/resource_index/package_run_dependencies/hik_camera
[12.936s] -- Up-to-date: /home/lth/ros_ws/install/hik_camera/share/ament_index/resource_index/parent_prefix_path/hik_camera
[12.936s] -- Up-to-date: /home/lth/ros_ws/install/hik_camera/share/hik_camera/environment/ament_prefix_path.sh
[12.937s] -- Up-to-date: /home/lth/ros_ws/install/hik_camera/share/hik_camera/environment/ament_prefix_path.dsv
[12.937s] -- Up-to-date: /home/lth/ros_ws/install/hik_camera/share/hik_camera/environment/path.sh
[12.938s] -- Up-to-date: /home/lth/ros_ws/install/hik_camera/share/hik_camera/environment/path.dsv
[12.939s] -- Up-to-date: /home/lth/ros_ws/install/hik_camera/share/hik_camera/local_setup.bash
[12.940s] -- Up-to-date: /home/lth/ros_ws/install/hik_camera/share/hik_camera/local_setup.sh
[13.029s] -- Up-to-date: /home/lth/ros_ws/install/hik_camera/share/hik_camera/local_setup.zsh
[13.029s] -- Up-to-date: /home/lth/ros_ws/install/hik_camera/share/hik_camera/local_setup.dsv
[13.030s] -- Installing: /home/lth/ros_ws/install/hik_camera/share/hik_camera/package.dsv
[13.032s] -- Up-to-date: /home/lth/ros_ws/install/hik_camera/share/ament_index/resource_index/packages/hik_camera
[13.033s] -- Up-to-date: /home/lth/ros_ws/install/hik_camera/share/ament_index/resource_index/rclcpp_components/hik_camera
[13.033s] -- Up-to-date: /home/lth/ros_ws/install/hik_camera/share/hik_camera/cmake/ament_cmake_export_dependencies-extras.cmake
[13.034s] -- Up-to-date: /home/lth/ros_ws/install/hik_camera/share/hik_camera/cmake/ament_cmake_export_libraries-extras.cmake
[13.035s] -- Up-to-date: /home/lth/ros_ws/install/hik_camera/share/hik_camera/cmake/hik_cameraConfig.cmake
[13.035s] -- Up-to-date: /home/lth/ros_ws/install/hik_camera/share/hik_camera/cmake/hik_cameraConfig-version.cmake
[13.036s] -- Up-to-date: /home/lth/ros_ws/install/hik_camera/share/hik_camera/package.xml
[13.037s] Invoked command in '/home/lth/ros_ws/build/hik_camera' returned '0': CMAKE_PREFIX_PATH=${CMAKE_PREFIX_PATH}:/home/lth/ros_ws/install/video_cam:/home/lth/dev_ws/install/learning_urdf:/home/lth/dev_ws/install/learning_topic:/home/lth/dev_ws/install/learning_tf:/home/lth/dev_ws/install/learning_service:/home/lth/dev_ws/install/learning_qos:/home/lth/dev_ws/install/learning_pkg_python:/home/lth/dev_ws/install/learning_parameter:/home/lth/dev_ws/install/learning_node:/home/lth/dev_ws/install/learning_launch:/home/lth/dev_ws/install/learning_action:/home/lth/dev_ws/install/learning_gazebo_fortress:/home/lth/dev_ws/install/learning_gazebo:/home/lth/dev_ws/install/learning_cv:/opt/ros/humble /usr/bin/cmake --install /home/lth/ros_ws/build/hik_camera
