[8.321s] Invoking command in '/home/lth/ros_ws/src/video_cam': PYTHONPATH=/home/lth/ros_ws/build/video_cam/prefix_override:/home/lth/ros_ws/install/video_cam/lib/python3.10/site-packages:${PYTHONPATH} /usr/bin/python3 -W ignore:setup.py install is deprecated setup.py egg_info --egg-base ../../build/video_cam build --build-base /home/lth/ros_ws/build/video_cam/build install --record /home/lth/ros_ws/build/video_cam/install.log --single-version-externally-managed install_data
[9.946s] running egg_info
[9.947s] writing ../../build/video_cam/video_cam.egg-info/PKG-INFO
[9.954s] writing dependency_links to ../../build/video_cam/video_cam.egg-info/dependency_links.txt
[9.954s] writing entry points to ../../build/video_cam/video_cam.egg-info/entry_points.txt
[9.955s] writing requirements to ../../build/video_cam/video_cam.egg-info/requires.txt
[9.958s] writing top-level names to ../../build/video_cam/video_cam.egg-info/top_level.txt
[9.959s] reading manifest file '../../build/video_cam/video_cam.egg-info/SOURCES.txt'
[9.960s] writing manifest file '../../build/video_cam/video_cam.egg-info/SOURCES.txt'
[9.960s] running build
[9.961s] running build_py
[9.962s] copying video_cam/video_publisher.py -> /home/lth/ros_ws/build/video_cam/build/lib/video_cam
[9.963s] running install
[9.963s] running install_lib
[9.964s] copying /home/lth/ros_ws/build/video_cam/build/lib/video_cam/video_publisher.py -> /home/lth/ros_ws/install/video_cam/lib/python3.10/site-packages/video_cam
[9.971s] byte-compiling /home/lth/ros_ws/install/video_cam/lib/python3.10/site-packages/video_cam/video_publisher.py to video_publisher.cpython-310.pyc
[9.972s] running install_data
[9.972s] running install_egg_info
[9.973s] removing '/home/lth/ros_ws/install/video_cam/lib/python3.10/site-packages/video_cam-0.0.0-py3.10.egg-info' (and everything under it)
[9.975s] Copying ../../build/video_cam/video_cam.egg-info to /home/lth/ros_ws/install/video_cam/lib/python3.10/site-packages/video_cam-0.0.0-py3.10.egg-info
[9.975s] running install_scripts
[9.996s] Installing video_publisher script to /home/lth/ros_ws/install/video_cam/lib/video_cam
[9.997s] writing list of installed files to '/home/lth/ros_ws/build/video_cam/install.log'
[10.007s] Invoked command in '/home/lth/ros_ws/src/video_cam' returned '0': PYTHONPATH=/home/lth/ros_ws/build/video_cam/prefix_override:/home/lth/ros_ws/install/video_cam/lib/python3.10/site-packages:${PYTHONPATH} /usr/bin/python3 -W ignore:setup.py install is deprecated setup.py egg_info --egg-base ../../build/video_cam build --build-base /home/lth/ros_ws/build/video_cam/build install --record /home/lth/ros_ws/build/video_cam/install.log --single-version-externally-managed install_data
