[0.486s] Invoking command in '/home/lth/ros_ws/build/mindvision_camera': CMAKE_PREFIX_PATH=${CMAKE_PREFIX_PATH}:/home/lth/ros_ws/install/video_cam:/home/lth/dev_ws/install/learning_urdf:/home/lth/dev_ws/install/learning_topic:/home/lth/dev_ws/install/learning_tf:/home/lth/dev_ws/install/learning_service:/home/lth/dev_ws/install/learning_qos:/home/lth/dev_ws/install/learning_pkg_python:/home/lth/dev_ws/install/learning_parameter:/home/lth/dev_ws/install/learning_node:/home/lth/dev_ws/install/learning_launch:/home/lth/dev_ws/install/learning_action:/home/lth/dev_ws/install/learning_gazebo_fortress:/home/lth/dev_ws/install/learning_gazebo:/home/lth/dev_ws/install/learning_cv:/opt/ros/humble /usr/bin/cmake --build /home/lth/ros_ws/build/mindvision_camera -- -j16 -l16
[1.811s] [ 50%] Built target mindvision_camera_node
[1.941s] [100%] Built target mindvision_camera
[4.220s] Invoked command in '/home/lth/ros_ws/build/mindvision_camera' returned '0': CMAKE_PREFIX_PATH=${CMAKE_PREFIX_PATH}:/home/lth/ros_ws/install/video_cam:/home/lth/dev_ws/install/learning_urdf:/home/lth/dev_ws/install/learning_topic:/home/lth/dev_ws/install/learning_tf:/home/lth/dev_ws/install/learning_service:/home/lth/dev_ws/install/learning_qos:/home/lth/dev_ws/install/learning_pkg_python:/home/lth/dev_ws/install/learning_parameter:/home/lth/dev_ws/install/learning_node:/home/lth/dev_ws/install/learning_launch:/home/lth/dev_ws/install/learning_action:/home/lth/dev_ws/install/learning_gazebo_fortress:/home/lth/dev_ws/install/learning_gazebo:/home/lth/dev_ws/install/learning_cv:/opt/ros/humble /usr/bin/cmake --build /home/lth/ros_ws/build/mindvision_camera -- -j16 -l16
[6.954s] Invoking command in '/home/lth/ros_ws/build/mindvision_camera': CMAKE_PREFIX_PATH=${CMAKE_PREFIX_PATH}:/home/lth/ros_ws/install/video_cam:/home/lth/dev_ws/install/learning_urdf:/home/lth/dev_ws/install/learning_topic:/home/lth/dev_ws/install/learning_tf:/home/lth/dev_ws/install/learning_service:/home/lth/dev_ws/install/learning_qos:/home/lth/dev_ws/install/learning_pkg_python:/home/lth/dev_ws/install/learning_parameter:/home/lth/dev_ws/install/learning_node:/home/lth/dev_ws/install/learning_launch:/home/lth/dev_ws/install/learning_action:/home/lth/dev_ws/install/learning_gazebo_fortress:/home/lth/dev_ws/install/learning_gazebo:/home/lth/dev_ws/install/learning_cv:/opt/ros/humble /usr/bin/cmake --install /home/lth/ros_ws/build/mindvision_camera
[7.168s] -- Install configuration: ""
[7.169s] -- Up-to-date: /home/lth/ros_ws/install/mindvision_camera/lib/mindvision_camera/mindvision_camera_node
[7.170s] -- Up-to-date: /home/lth/ros_ws/install/mindvision_camera/share/mindvision_camera/environment/library_path.sh
[7.170s] -- Up-to-date: /home/lth/ros_ws/install/mindvision_camera/share/mindvision_camera/environment/library_path.dsv
[7.171s] -- Up-to-date: /home/lth/ros_ws/install/mindvision_camera/lib/libmindvision_camera.so
[7.171s] -- Up-to-date: /home/lth/ros_ws/install/mindvision_camera/share/mindvision_camera/config
[7.172s] -- Up-to-date: /home/lth/ros_ws/install/mindvision_camera/share/mindvision_camera/config/camera_info.yaml
[7.172s] -- Up-to-date: /home/lth/ros_ws/install/mindvision_camera/share/mindvision_camera/config/camera_params.yaml
[7.173s] -- Up-to-date: /home/lth/ros_ws/install/mindvision_camera/share/mindvision_camera/launch
[7.173s] -- Up-to-date: /home/lth/ros_ws/install/mindvision_camera/share/mindvision_camera/launch/mv_launch.py
[7.174s] -- Up-to-date: /home/lth/ros_ws/install/mindvision_camera/share/ament_index/resource_index/package_run_dependencies/mindvision_camera
[7.174s] -- Up-to-date: /home/lth/ros_ws/install/mindvision_camera/share/ament_index/resource_index/parent_prefix_path/mindvision_camera
[7.175s] -- Up-to-date: /home/lth/ros_ws/install/mindvision_camera/share/mindvision_camera/environment/ament_prefix_path.sh
[7.176s] -- Up-to-date: /home/lth/ros_ws/install/mindvision_camera/share/mindvision_camera/environment/ament_prefix_path.dsv
[7.176s] -- Up-to-date: /home/lth/ros_ws/install/mindvision_camera/share/mindvision_camera/environment/path.sh
[7.177s] -- Up-to-date: /home/lth/ros_ws/install/mindvision_camera/share/mindvision_camera/environment/path.dsv
[7.194s] -- Up-to-date: /home/lth/ros_ws/install/mindvision_camera/share/mindvision_camera/local_setup.bash
[7.194s] -- Up-to-date: /home/lth/ros_ws/install/mindvision_camera/share/mindvision_camera/local_setup.sh
[7.195s] -- Up-to-date: /home/lth/ros_ws/install/mindvision_camera/share/mindvision_camera/local_setup.zsh
[7.196s] -- Up-to-date: /home/lth/ros_ws/install/mindvision_camera/share/mindvision_camera/local_setup.dsv
[7.197s] -- Installing: /home/lth/ros_ws/install/mindvision_camera/share/mindvision_camera/package.dsv
[7.197s] -- Up-to-date: /home/lth/ros_ws/install/mindvision_camera/share/ament_index/resource_index/packages/mindvision_camera
[7.198s] -- Up-to-date: /home/lth/ros_ws/install/mindvision_camera/share/ament_index/resource_index/rclcpp_components/mindvision_camera
[7.199s] -- Up-to-date: /home/lth/ros_ws/install/mindvision_camera/share/mindvision_camera/cmake/ament_cmake_export_dependencies-extras.cmake
[7.291s] -- Up-to-date: /home/lth/ros_ws/install/mindvision_camera/share/mindvision_camera/cmake/ament_cmake_export_libraries-extras.cmake
[7.292s] -- Up-to-date: /home/lth/ros_ws/install/mindvision_camera/share/mindvision_camera/cmake/mindvision_cameraConfig.cmake
[7.293s] -- Up-to-date: /home/lth/ros_ws/install/mindvision_camera/share/mindvision_camera/cmake/mindvision_cameraConfig-version.cmake
[7.294s] -- Up-to-date: /home/lth/ros_ws/install/mindvision_camera/share/mindvision_camera/package.xml
[7.425s] Invoked command in '/home/lth/ros_ws/build/mindvision_camera' returned '0': CMAKE_PREFIX_PATH=${CMAKE_PREFIX_PATH}:/home/lth/ros_ws/install/video_cam:/home/lth/dev_ws/install/learning_urdf:/home/lth/dev_ws/install/learning_topic:/home/lth/dev_ws/install/learning_tf:/home/lth/dev_ws/install/learning_service:/home/lth/dev_ws/install/learning_qos:/home/lth/dev_ws/install/learning_pkg_python:/home/lth/dev_ws/install/learning_parameter:/home/lth/dev_ws/install/learning_node:/home/lth/dev_ws/install/learning_launch:/home/lth/dev_ws/install/learning_action:/home/lth/dev_ws/install/learning_gazebo_fortress:/home/lth/dev_ws/install/learning_gazebo:/home/lth/dev_ws/install/learning_cv:/opt/ros/humble /usr/bin/cmake --install /home/lth/ros_ws/build/mindvision_camera
