[0.596s] Invoking command in '/home/lth/ros_ws/build/armor_detector': CMAKE_PREFIX_PATH=/home/lth/ros_ws/install/auto_aim_interfaces:/home/lth/ros_ws/install/rm_vision_bringup:/home/lth/ros_ws/install/rm_serial_driver:/home/lth/ros_ws/install/rm_gimbal_description:/home/lth/ros_ws/install/rm_auto_aim:/home/lth/ros_ws/install/mindvision_camera:/home/lth/ros_ws/install/hik_camera:/home/lth/ros_ws/install/armor_tracker:/home/lth/ros_ws/install/armor_detector:/home/lth/dev_ws/install/learning_topic_cpp:/home/lth/dev_ws/install/learning_tf_cpp:/home/lth/dev_ws/install/learning_service_cpp:/home/lth/dev_ws/install/learning_pkg_c:/home/lth/dev_ws/install/learning_parameter_cpp:/home/lth/dev_ws/install/learning_node_cpp:/home/lth/dev_ws/install/learning_action_cpp:/home/lth/dev_ws/install/learning_interface:/home/lth/ros_ws/install/video_cam:/home/lth/dev_ws/install/learning_urdf:/home/lth/dev_ws/install/learning_topic:/home/lth/dev_ws/install/learning_tf:/home/lth/dev_ws/install/learning_service:/home/lth/dev_ws/install/learning_qos:/home/lth/dev_ws/install/learning_pkg_python:/home/lth/dev_ws/install/learning_parameter:/home/lth/dev_ws/install/learning_node:/home/lth/dev_ws/install/learning_launch:/home/lth/dev_ws/install/learning_action:/home/lth/dev_ws/install/learning_gazebo_fortress:/home/lth/dev_ws/install/learning_gazebo:/home/lth/dev_ws/install/learning_cv:/opt/ros/humble LD_LIBRARY_PATH=/home/lth/ros_ws/install/auto_aim_interfaces/lib:/home/lth/ros_ws/install/rm_serial_driver/lib:/home/lth/ros_ws/install/mindvision_camera/lib:/home/lth/ros_ws/install/hik_camera/lib:/home/lth/ros_ws/install/armor_tracker/lib:/home/lth/ros_ws/install/armor_detector/lib:/home/lth/dev_ws/install/learning_interface/lib:/opt/ros/humble/opt/rviz_ogre_vendor/lib:/opt/ros/humble/lib/x86_64-linux-gnu:/opt/ros/humble/lib /usr/bin/cmake --build /home/lth/ros_ws/build/armor_detector -- -j16 -l16
[2.423s] [ 13%] Built target gtest_main
[2.489s] [ 26%] Built target armor_detector_node
[2.675s] [ 33%] [32mBuilding CXX object CMakeFiles/armor_detector.dir/src/detector_node.cpp.o[0m
[2.783s] [ 46%] Built target gtest
[113.979s] [ 53%] [32m[1mLinking CXX shared library libarmor_detector.so[0m
[121.291s] [ 73%] Built target armor_detector
[121.633s] [ 80%] [32m[1mLinking CXX executable test_number_cls[0m
[121.738s] [ 86%] [32m[1mLinking CXX executable test_node_startup[0m
[123.981s] [ 93%] Built target test_node_startup
[124.759s] /usr/bin/ld: warning: libopencv_core.so.4.5d, needed by /opt/ros/humble/lib/libcv_bridge.so, may conflict with libopencv_core.so.409
[127.300s] [100%] Built target test_number_cls
[127.458s] Invoked command in '/home/lth/ros_ws/build/armor_detector' returned '0': CMAKE_PREFIX_PATH=/home/lth/ros_ws/install/auto_aim_interfaces:/home/lth/ros_ws/install/rm_vision_bringup:/home/lth/ros_ws/install/rm_serial_driver:/home/lth/ros_ws/install/rm_gimbal_description:/home/lth/ros_ws/install/rm_auto_aim:/home/lth/ros_ws/install/mindvision_camera:/home/lth/ros_ws/install/hik_camera:/home/lth/ros_ws/install/armor_tracker:/home/lth/ros_ws/install/armor_detector:/home/lth/dev_ws/install/learning_topic_cpp:/home/lth/dev_ws/install/learning_tf_cpp:/home/lth/dev_ws/install/learning_service_cpp:/home/lth/dev_ws/install/learning_pkg_c:/home/lth/dev_ws/install/learning_parameter_cpp:/home/lth/dev_ws/install/learning_node_cpp:/home/lth/dev_ws/install/learning_action_cpp:/home/lth/dev_ws/install/learning_interface:/home/lth/ros_ws/install/video_cam:/home/lth/dev_ws/install/learning_urdf:/home/lth/dev_ws/install/learning_topic:/home/lth/dev_ws/install/learning_tf:/home/lth/dev_ws/install/learning_service:/home/lth/dev_ws/install/learning_qos:/home/lth/dev_ws/install/learning_pkg_python:/home/lth/dev_ws/install/learning_parameter:/home/lth/dev_ws/install/learning_node:/home/lth/dev_ws/install/learning_launch:/home/lth/dev_ws/install/learning_action:/home/lth/dev_ws/install/learning_gazebo_fortress:/home/lth/dev_ws/install/learning_gazebo:/home/lth/dev_ws/install/learning_cv:/opt/ros/humble LD_LIBRARY_PATH=/home/lth/ros_ws/install/auto_aim_interfaces/lib:/home/lth/ros_ws/install/rm_serial_driver/lib:/home/lth/ros_ws/install/mindvision_camera/lib:/home/lth/ros_ws/install/hik_camera/lib:/home/lth/ros_ws/install/armor_tracker/lib:/home/lth/ros_ws/install/armor_detector/lib:/home/lth/dev_ws/install/learning_interface/lib:/opt/ros/humble/opt/rviz_ogre_vendor/lib:/opt/ros/humble/lib/x86_64-linux-gnu:/opt/ros/humble/lib /usr/bin/cmake --build /home/lth/ros_ws/build/armor_detector -- -j16 -l16
[128.612s] Invoking command in '/home/lth/ros_ws/build/armor_detector': CMAKE_PREFIX_PATH=/home/lth/ros_ws/install/auto_aim_interfaces:/home/lth/ros_ws/install/rm_vision_bringup:/home/lth/ros_ws/install/rm_serial_driver:/home/lth/ros_ws/install/rm_gimbal_description:/home/lth/ros_ws/install/rm_auto_aim:/home/lth/ros_ws/install/mindvision_camera:/home/lth/ros_ws/install/hik_camera:/home/lth/ros_ws/install/armor_tracker:/home/lth/ros_ws/install/armor_detector:/home/lth/dev_ws/install/learning_topic_cpp:/home/lth/dev_ws/install/learning_tf_cpp:/home/lth/dev_ws/install/learning_service_cpp:/home/lth/dev_ws/install/learning_pkg_c:/home/lth/dev_ws/install/learning_parameter_cpp:/home/lth/dev_ws/install/learning_node_cpp:/home/lth/dev_ws/install/learning_action_cpp:/home/lth/dev_ws/install/learning_interface:/home/lth/ros_ws/install/video_cam:/home/lth/dev_ws/install/learning_urdf:/home/lth/dev_ws/install/learning_topic:/home/lth/dev_ws/install/learning_tf:/home/lth/dev_ws/install/learning_service:/home/lth/dev_ws/install/learning_qos:/home/lth/dev_ws/install/learning_pkg_python:/home/lth/dev_ws/install/learning_parameter:/home/lth/dev_ws/install/learning_node:/home/lth/dev_ws/install/learning_launch:/home/lth/dev_ws/install/learning_action:/home/lth/dev_ws/install/learning_gazebo_fortress:/home/lth/dev_ws/install/learning_gazebo:/home/lth/dev_ws/install/learning_cv:/opt/ros/humble LD_LIBRARY_PATH=/home/lth/ros_ws/install/auto_aim_interfaces/lib:/home/lth/ros_ws/install/rm_serial_driver/lib:/home/lth/ros_ws/install/mindvision_camera/lib:/home/lth/ros_ws/install/hik_camera/lib:/home/lth/ros_ws/install/armor_tracker/lib:/home/lth/ros_ws/install/armor_detector/lib:/home/lth/dev_ws/install/learning_interface/lib:/opt/ros/humble/opt/rviz_ogre_vendor/lib:/opt/ros/humble/lib/x86_64-linux-gnu:/opt/ros/humble/lib /usr/bin/cmake --install /home/lth/ros_ws/build/armor_detector
[128.725s] -- Install configuration: ""
[128.734s] -- Up-to-date: /home/lth/ros_ws/install/armor_detector/lib/armor_detector/armor_detector_node
[128.741s] -- Up-to-date: /home/lth/ros_ws/install/armor_detector/include
[128.741s] -- Up-to-date: /home/lth/ros_ws/install/armor_detector/include/armor_detector
[128.742s] -- Up-to-date: /home/lth/ros_ws/install/armor_detector/include/armor_detector/pnp_solver.hpp
[128.743s] -- Up-to-date: /home/lth/ros_ws/install/armor_detector/include/armor_detector/detector.hpp
[128.744s] -- Up-to-date: /home/lth/ros_ws/install/armor_detector/include/armor_detector/number_classifier.hpp
[128.745s] -- Up-to-date: /home/lth/ros_ws/install/armor_detector/include/armor_detector/armor.hpp
[128.745s] -- Up-to-date: /home/lth/ros_ws/install/armor_detector/include/armor_detector/detector_node.hpp
[128.747s] -- Up-to-date: /home/lth/ros_ws/install/armor_detector/share/armor_detector/environment/library_path.sh
[128.748s] -- Up-to-date: /home/lth/ros_ws/install/armor_detector/share/armor_detector/environment/library_path.dsv
[128.761s] -- Installing: /home/lth/ros_ws/install/armor_detector/lib/libarmor_detector.so
[129.764s] -- Set runtime path of "/home/lth/ros_ws/install/armor_detector/lib/libarmor_detector.so" to ""
[129.766s] -- Up-to-date: /home/lth/ros_ws/install/armor_detector/share/armor_detector/model
[129.767s] -- Up-to-date: /home/lth/ros_ws/install/armor_detector/share/armor_detector/model/mlp.onnx
[129.774s] -- Up-to-date: /home/lth/ros_ws/install/armor_detector/share/armor_detector/model/label.txt
[129.774s] -- Up-to-date: /home/lth/ros_ws/install/armor_detector/share/ament_index/resource_index/package_run_dependencies/armor_detector
[129.774s] -- Up-to-date: /home/lth/ros_ws/install/armor_detector/share/ament_index/resource_index/parent_prefix_path/armor_detector
[129.774s] -- Up-to-date: /home/lth/ros_ws/install/armor_detector/share/armor_detector/environment/ament_prefix_path.sh
[129.776s] -- Up-to-date: /home/lth/ros_ws/install/armor_detector/share/armor_detector/environment/ament_prefix_path.dsv
[129.777s] -- Up-to-date: /home/lth/ros_ws/install/armor_detector/share/armor_detector/environment/path.sh
[129.779s] -- Up-to-date: /home/lth/ros_ws/install/armor_detector/share/armor_detector/environment/path.dsv
[129.779s] -- Up-to-date: /home/lth/ros_ws/install/armor_detector/share/armor_detector/local_setup.bash
[129.780s] -- Up-to-date: /home/lth/ros_ws/install/armor_detector/share/armor_detector/local_setup.sh
[129.781s] -- Up-to-date: /home/lth/ros_ws/install/armor_detector/share/armor_detector/local_setup.zsh
[129.787s] -- Up-to-date: /home/lth/ros_ws/install/armor_detector/share/armor_detector/local_setup.dsv
[129.787s] -- Installing: /home/lth/ros_ws/install/armor_detector/share/armor_detector/package.dsv
[129.788s] -- Up-to-date: /home/lth/ros_ws/install/armor_detector/share/ament_index/resource_index/packages/armor_detector
[129.789s] -- Up-to-date: /home/lth/ros_ws/install/armor_detector/share/ament_index/resource_index/rclcpp_components/armor_detector
[129.791s] -- Up-to-date: /home/lth/ros_ws/install/armor_detector/share/armor_detector/cmake/ament_cmake_export_dependencies-extras.cmake
[129.792s] -- Up-to-date: /home/lth/ros_ws/install/armor_detector/share/armor_detector/cmake/ament_cmake_export_include_directories-extras.cmake
[129.793s] -- Up-to-date: /home/lth/ros_ws/install/armor_detector/share/armor_detector/cmake/ament_cmake_export_libraries-extras.cmake
[129.793s] -- Up-to-date: /home/lth/ros_ws/install/armor_detector/share/armor_detector/cmake/armor_detectorConfig.cmake
[129.794s] -- Up-to-date: /home/lth/ros_ws/install/armor_detector/share/armor_detector/cmake/armor_detectorConfig-version.cmake
[129.795s] -- Up-to-date: /home/lth/ros_ws/install/armor_detector/share/armor_detector/package.xml
[129.807s] Invoked command in '/home/lth/ros_ws/build/armor_detector' returned '0': CMAKE_PREFIX_PATH=/home/lth/ros_ws/install/auto_aim_interfaces:/home/lth/ros_ws/install/rm_vision_bringup:/home/lth/ros_ws/install/rm_serial_driver:/home/lth/ros_ws/install/rm_gimbal_description:/home/lth/ros_ws/install/rm_auto_aim:/home/lth/ros_ws/install/mindvision_camera:/home/lth/ros_ws/install/hik_camera:/home/lth/ros_ws/install/armor_tracker:/home/lth/ros_ws/install/armor_detector:/home/lth/dev_ws/install/learning_topic_cpp:/home/lth/dev_ws/install/learning_tf_cpp:/home/lth/dev_ws/install/learning_service_cpp:/home/lth/dev_ws/install/learning_pkg_c:/home/lth/dev_ws/install/learning_parameter_cpp:/home/lth/dev_ws/install/learning_node_cpp:/home/lth/dev_ws/install/learning_action_cpp:/home/lth/dev_ws/install/learning_interface:/home/lth/ros_ws/install/video_cam:/home/lth/dev_ws/install/learning_urdf:/home/lth/dev_ws/install/learning_topic:/home/lth/dev_ws/install/learning_tf:/home/lth/dev_ws/install/learning_service:/home/lth/dev_ws/install/learning_qos:/home/lth/dev_ws/install/learning_pkg_python:/home/lth/dev_ws/install/learning_parameter:/home/lth/dev_ws/install/learning_node:/home/lth/dev_ws/install/learning_launch:/home/lth/dev_ws/install/learning_action:/home/lth/dev_ws/install/learning_gazebo_fortress:/home/lth/dev_ws/install/learning_gazebo:/home/lth/dev_ws/install/learning_cv:/opt/ros/humble LD_LIBRARY_PATH=/home/lth/ros_ws/install/auto_aim_interfaces/lib:/home/lth/ros_ws/install/rm_serial_driver/lib:/home/lth/ros_ws/install/mindvision_camera/lib:/home/lth/ros_ws/install/hik_camera/lib:/home/lth/ros_ws/install/armor_tracker/lib:/home/lth/ros_ws/install/armor_detector/lib:/home/lth/dev_ws/install/learning_interface/lib:/opt/ros/humble/opt/rviz_ogre_vendor/lib:/opt/ros/humble/lib/x86_64-linux-gnu:/opt/ros/humble/lib /usr/bin/cmake --install /home/lth/ros_ws/build/armor_detector
