[0.372s] Invoking command in '/home/lth/ros_ws/build/rm_gimbal_description': CMAKE_PREFIX_PATH=${CMAKE_PREFIX_PATH}:/home/lth/ros_ws/install/video_cam:/home/lth/dev_ws/install/learning_urdf:/home/lth/dev_ws/install/learning_topic:/home/lth/dev_ws/install/learning_tf:/home/lth/dev_ws/install/learning_service:/home/lth/dev_ws/install/learning_qos:/home/lth/dev_ws/install/learning_pkg_python:/home/lth/dev_ws/install/learning_parameter:/home/lth/dev_ws/install/learning_node:/home/lth/dev_ws/install/learning_launch:/home/lth/dev_ws/install/learning_action:/home/lth/dev_ws/install/learning_gazebo_fortress:/home/lth/dev_ws/install/learning_gazebo:/home/lth/dev_ws/install/learning_cv:/opt/ros/humble /usr/bin/cmake --build /home/lth/ros_ws/build/rm_gimbal_description -- -j16 -l16
[4.135s] Invoked command in '/home/lth/ros_ws/build/rm_gimbal_description' returned '0': CMAKE_PREFIX_PATH=${CMAKE_PREFIX_PATH}:/home/lth/ros_ws/install/video_cam:/home/lth/dev_ws/install/learning_urdf:/home/lth/dev_ws/install/learning_topic:/home/lth/dev_ws/install/learning_tf:/home/lth/dev_ws/install/learning_service:/home/lth/dev_ws/install/learning_qos:/home/lth/dev_ws/install/learning_pkg_python:/home/lth/dev_ws/install/learning_parameter:/home/lth/dev_ws/install/learning_node:/home/lth/dev_ws/install/learning_launch:/home/lth/dev_ws/install/learning_action:/home/lth/dev_ws/install/learning_gazebo_fortress:/home/lth/dev_ws/install/learning_gazebo:/home/lth/dev_ws/install/learning_cv:/opt/ros/humble /usr/bin/cmake --build /home/lth/ros_ws/build/rm_gimbal_description -- -j16 -l16
[5.568s] Invoking command in '/home/lth/ros_ws/build/rm_gimbal_description': CMAKE_PREFIX_PATH=${CMAKE_PREFIX_PATH}:/home/lth/ros_ws/install/video_cam:/home/lth/dev_ws/install/learning_urdf:/home/lth/dev_ws/install/learning_topic:/home/lth/dev_ws/install/learning_tf:/home/lth/dev_ws/install/learning_service:/home/lth/dev_ws/install/learning_qos:/home/lth/dev_ws/install/learning_pkg_python:/home/lth/dev_ws/install/learning_parameter:/home/lth/dev_ws/install/learning_node:/home/lth/dev_ws/install/learning_launch:/home/lth/dev_ws/install/learning_action:/home/lth/dev_ws/install/learning_gazebo_fortress:/home/lth/dev_ws/install/learning_gazebo:/home/lth/dev_ws/install/learning_cv:/opt/ros/humble /usr/bin/cmake --install /home/lth/ros_ws/build/rm_gimbal_description
[5.752s] -- Install configuration: ""
[5.752s] -- Up-to-date: /home/lth/ros_ws/install/rm_gimbal_description/share/rm_gimbal_description/urdf
[5.753s] -- Up-to-date: /home/lth/ros_ws/install/rm_gimbal_description/share/rm_gimbal_description/urdf/rm_gimbal.urdf.xacro
[5.753s] -- Up-to-date: /home/lth/ros_ws/install/rm_gimbal_description/share/ament_index/resource_index/package_run_dependencies/rm_gimbal_description
[5.753s] -- Up-to-date: /home/lth/ros_ws/install/rm_gimbal_description/share/ament_index/resource_index/parent_prefix_path/rm_gimbal_description
[5.753s] -- Up-to-date: /home/lth/ros_ws/install/rm_gimbal_description/share/rm_gimbal_description/environment/ament_prefix_path.sh
[5.753s] -- Up-to-date: /home/lth/ros_ws/install/rm_gimbal_description/share/rm_gimbal_description/environment/ament_prefix_path.dsv
[5.753s] -- Up-to-date: /home/lth/ros_ws/install/rm_gimbal_description/share/rm_gimbal_description/environment/path.sh
[5.753s] -- Up-to-date: /home/lth/ros_ws/install/rm_gimbal_description/share/rm_gimbal_description/environment/path.dsv
[5.753s] -- Up-to-date: /home/lth/ros_ws/install/rm_gimbal_description/share/rm_gimbal_description/local_setup.bash
[5.753s] -- Up-to-date: /home/lth/ros_ws/install/rm_gimbal_description/share/rm_gimbal_description/local_setup.sh
[5.754s] -- Up-to-date: /home/lth/ros_ws/install/rm_gimbal_description/share/rm_gimbal_description/local_setup.zsh
[5.754s] -- Up-to-date: /home/lth/ros_ws/install/rm_gimbal_description/share/rm_gimbal_description/local_setup.dsv
[5.754s] -- Installing: /home/lth/ros_ws/install/rm_gimbal_description/share/rm_gimbal_description/package.dsv
[5.802s] -- Up-to-date: /home/lth/ros_ws/install/rm_gimbal_description/share/ament_index/resource_index/packages/rm_gimbal_description
[5.803s] -- Up-to-date: /home/lth/ros_ws/install/rm_gimbal_description/share/rm_gimbal_description/cmake/rm_gimbal_descriptionConfig.cmake
[5.803s] -- Up-to-date: /home/lth/ros_ws/install/rm_gimbal_description/share/rm_gimbal_description/cmake/rm_gimbal_descriptionConfig-version.cmake
[5.804s] -- Up-to-date: /home/lth/ros_ws/install/rm_gimbal_description/share/rm_gimbal_description/package.xml
[5.905s] Invoked command in '/home/lth/ros_ws/build/rm_gimbal_description' returned '0': CMAKE_PREFIX_PATH=${CMAKE_PREFIX_PATH}:/home/lth/ros_ws/install/video_cam:/home/lth/dev_ws/install/learning_urdf:/home/lth/dev_ws/install/learning_topic:/home/lth/dev_ws/install/learning_tf:/home/lth/dev_ws/install/learning_service:/home/lth/dev_ws/install/learning_qos:/home/lth/dev_ws/install/learning_pkg_python:/home/lth/dev_ws/install/learning_parameter:/home/lth/dev_ws/install/learning_node:/home/lth/dev_ws/install/learning_launch:/home/lth/dev_ws/install/learning_action:/home/lth/dev_ws/install/learning_gazebo_fortress:/home/lth/dev_ws/install/learning_gazebo:/home/lth/dev_ws/install/learning_cv:/opt/ros/humble /usr/bin/cmake --install /home/lth/ros_ws/build/rm_gimbal_description
