[0.616s] Invoking command in '/home/lth/ros_ws/build/auto_aim_interfaces': CMAKE_PREFIX_PATH=${CMAKE_PREFIX_PATH}:/home/lth/ros_ws/install/video_cam:/home/lth/dev_ws/install/learning_urdf:/home/lth/dev_ws/install/learning_topic:/home/lth/dev_ws/install/learning_tf:/home/lth/dev_ws/install/learning_service:/home/lth/dev_ws/install/learning_qos:/home/lth/dev_ws/install/learning_pkg_python:/home/lth/dev_ws/install/learning_parameter:/home/lth/dev_ws/install/learning_node:/home/lth/dev_ws/install/learning_launch:/home/lth/dev_ws/install/learning_action:/home/lth/dev_ws/install/learning_gazebo_fortress:/home/lth/dev_ws/install/learning_gazebo:/home/lth/dev_ws/install/learning_cv:/opt/ros/humble /usr/bin/cmake --build /home/lth/ros_ws/build/auto_aim_interfaces -- -j16 -l16
[1.952s] [  1%] Built target auto_aim_interfaces__cpp
[2.416s] [ 12%] Built target auto_aim_interfaces__rosidl_generator_c
[2.455s] [ 24%] Built target auto_aim_interfaces__rosidl_typesupport_cpp
[2.513s] [ 24%] Built target ament_cmake_python_copy_auto_aim_interfaces
[2.755s] [ 35%] Built target auto_aim_interfaces__rosidl_typesupport_fastrtps_cpp
[3.199s] [ 47%] Built target auto_aim_interfaces__rosidl_typesupport_introspection_c
[3.232s] [ 58%] Built target auto_aim_interfaces__rosidl_typesupport_introspection_cpp
[3.296s] [ 70%] Built target auto_aim_interfaces__rosidl_typesupport_fastrtps_c
[3.418s] [ 81%] Built target auto_aim_interfaces__rosidl_typesupport_c
[3.614s] running egg_info
[3.616s] writing auto_aim_interfaces.egg-info/PKG-INFO
[3.616s] writing dependency_links to auto_aim_interfaces.egg-info/dependency_links.txt
[3.617s] writing top-level names to auto_aim_interfaces.egg-info/top_level.txt
[3.618s] reading manifest file 'auto_aim_interfaces.egg-info/SOURCES.txt'
[3.619s] writing manifest file 'auto_aim_interfaces.egg-info/SOURCES.txt'
[3.796s] [ 81%] Built target ament_cmake_python_build_auto_aim_interfaces_egg
[3.825s] [ 81%] Built target auto_aim_interfaces
[4.165s] [ 82%] Built target auto_aim_interfaces__py
[4.773s] [ 93%] Built target auto_aim_interfaces__rosidl_generator_py
[6.164s] [ 95%] Built target auto_aim_interfaces__rosidl_typesupport_fastrtps_c__pyext
[6.195s] [ 97%] Built target auto_aim_interfaces__rosidl_typesupport_c__pyext
[6.422s] [100%] Built target auto_aim_interfaces__rosidl_typesupport_introspection_c__pyext
[6.970s] Invoked command in '/home/lth/ros_ws/build/auto_aim_interfaces' returned '0': CMAKE_PREFIX_PATH=${CMAKE_PREFIX_PATH}:/home/lth/ros_ws/install/video_cam:/home/lth/dev_ws/install/learning_urdf:/home/lth/dev_ws/install/learning_topic:/home/lth/dev_ws/install/learning_tf:/home/lth/dev_ws/install/learning_service:/home/lth/dev_ws/install/learning_qos:/home/lth/dev_ws/install/learning_pkg_python:/home/lth/dev_ws/install/learning_parameter:/home/lth/dev_ws/install/learning_node:/home/lth/dev_ws/install/learning_launch:/home/lth/dev_ws/install/learning_action:/home/lth/dev_ws/install/learning_gazebo_fortress:/home/lth/dev_ws/install/learning_gazebo:/home/lth/dev_ws/install/learning_cv:/opt/ros/humble /usr/bin/cmake --build /home/lth/ros_ws/build/auto_aim_interfaces -- -j16 -l16
[19.073s] Invoking command in '/home/lth/ros_ws/build/auto_aim_interfaces': CMAKE_PREFIX_PATH=${CMAKE_PREFIX_PATH}:/home/lth/ros_ws/install/video_cam:/home/lth/dev_ws/install/learning_urdf:/home/lth/dev_ws/install/learning_topic:/home/lth/dev_ws/install/learning_tf:/home/lth/dev_ws/install/learning_service:/home/lth/dev_ws/install/learning_qos:/home/lth/dev_ws/install/learning_pkg_python:/home/lth/dev_ws/install/learning_parameter:/home/lth/dev_ws/install/learning_node:/home/lth/dev_ws/install/learning_launch:/home/lth/dev_ws/install/learning_action:/home/lth/dev_ws/install/learning_gazebo_fortress:/home/lth/dev_ws/install/learning_gazebo:/home/lth/dev_ws/install/learning_cv:/opt/ros/humble /usr/bin/cmake --install /home/lth/ros_ws/build/auto_aim_interfaces
[19.214s] -- Install configuration: ""
[19.215s] -- Up-to-date: /home/lth/ros_ws/install/auto_aim_interfaces/share/ament_index/resource_index/rosidl_interfaces/auto_aim_interfaces
[19.216s] -- Up-to-date: /home/lth/ros_ws/install/auto_aim_interfaces/include/auto_aim_interfaces/auto_aim_interfaces
[19.217s] -- Up-to-date: /home/lth/ros_ws/install/auto_aim_interfaces/include/auto_aim_interfaces/auto_aim_interfaces/msg
[19.218s] -- Up-to-date: /home/lth/ros_ws/install/auto_aim_interfaces/include/auto_aim_interfaces/auto_aim_interfaces/msg/target.h
[19.219s] -- Up-to-date: /home/lth/ros_ws/install/auto_aim_interfaces/include/auto_aim_interfaces/auto_aim_interfaces/msg/debug_armors.h
[19.220s] -- Up-to-date: /home/lth/ros_ws/install/auto_aim_interfaces/include/auto_aim_interfaces/auto_aim_interfaces/msg/tracker_info.h
[19.220s] -- Up-to-date: /home/lth/ros_ws/install/auto_aim_interfaces/include/auto_aim_interfaces/auto_aim_interfaces/msg/armors.h
[19.221s] -- Up-to-date: /home/lth/ros_ws/install/auto_aim_interfaces/include/auto_aim_interfaces/auto_aim_interfaces/msg/detail
[19.222s] -- Up-to-date: /home/lth/ros_ws/install/auto_aim_interfaces/include/auto_aim_interfaces/auto_aim_interfaces/msg/detail/debug_armors__functions.h
[19.222s] -- Up-to-date: /home/lth/ros_ws/install/auto_aim_interfaces/include/auto_aim_interfaces/auto_aim_interfaces/msg/detail/debug_lights__struct.h
[19.223s] -- Up-to-date: /home/lth/ros_ws/install/auto_aim_interfaces/include/auto_aim_interfaces/auto_aim_interfaces/msg/detail/tracker_info__functions.h
[19.224s] -- Up-to-date: /home/lth/ros_ws/install/auto_aim_interfaces/include/auto_aim_interfaces/auto_aim_interfaces/msg/detail/tracker_info__type_support.h
[19.225s] -- Up-to-date: /home/lth/ros_ws/install/auto_aim_interfaces/include/auto_aim_interfaces/auto_aim_interfaces/msg/detail/debug_light__functions.c
[19.225s] -- Up-to-date: /home/lth/ros_ws/install/auto_aim_interfaces/include/auto_aim_interfaces/auto_aim_interfaces/msg/detail/armors__struct.h
[19.226s] -- Up-to-date: /home/lth/ros_ws/install/auto_aim_interfaces/include/auto_aim_interfaces/auto_aim_interfaces/msg/detail/armor__functions.h
[19.227s] -- Up-to-date: /home/lth/ros_ws/install/auto_aim_interfaces/include/auto_aim_interfaces/auto_aim_interfaces/msg/detail/target__type_support.h
[19.227s] -- Up-to-date: /home/lth/ros_ws/install/auto_aim_interfaces/include/auto_aim_interfaces/auto_aim_interfaces/msg/detail/debug_armor__type_support.h
[19.228s] -- Up-to-date: /home/lth/ros_ws/install/auto_aim_interfaces/include/auto_aim_interfaces/auto_aim_interfaces/msg/detail/tracker_info__functions.c
[19.229s] -- Up-to-date: /home/lth/ros_ws/install/auto_aim_interfaces/include/auto_aim_interfaces/auto_aim_interfaces/msg/detail/armors__functions.h
[19.229s] -- Up-to-date: /home/lth/ros_ws/install/auto_aim_interfaces/include/auto_aim_interfaces/auto_aim_interfaces/msg/detail/debug_armors__struct.h
[19.230s] -- Up-to-date: /home/lth/ros_ws/install/auto_aim_interfaces/include/auto_aim_interfaces/auto_aim_interfaces/msg/detail/debug_lights__type_support.h
[19.230s] -- Up-to-date: /home/lth/ros_ws/install/auto_aim_interfaces/include/auto_aim_interfaces/auto_aim_interfaces/msg/detail/armor__struct.h
[19.231s] -- Up-to-date: /home/lth/ros_ws/install/auto_aim_interfaces/include/auto_aim_interfaces/auto_aim_interfaces/msg/detail/target__struct.h
[19.232s] -- Up-to-date: /home/lth/ros_ws/install/auto_aim_interfaces/include/auto_aim_interfaces/auto_aim_interfaces/msg/detail/armors__type_support.h
[19.232s] -- Up-to-date: /home/lth/ros_ws/install/auto_aim_interfaces/include/auto_aim_interfaces/auto_aim_interfaces/msg/detail/armor__type_support.h
[19.233s] -- Up-to-date: /home/lth/ros_ws/install/auto_aim_interfaces/include/auto_aim_interfaces/auto_aim_interfaces/msg/detail/debug_armor__functions.h
[19.241s] -- Up-to-date: /home/lth/ros_ws/install/auto_aim_interfaces/include/auto_aim_interfaces/auto_aim_interfaces/msg/detail/tracker_info__struct.h
[19.242s] -- Up-to-date: /home/lth/ros_ws/install/auto_aim_interfaces/include/auto_aim_interfaces/auto_aim_interfaces/msg/detail/target__functions.h
[19.242s] -- Up-to-date: /home/lth/ros_ws/install/auto_aim_interfaces/include/auto_aim_interfaces/auto_aim_interfaces/msg/detail/debug_light__struct.h
[19.262s] -- Up-to-date: /home/lth/ros_ws/install/auto_aim_interfaces/include/auto_aim_interfaces/auto_aim_interfaces/msg/detail/debug_light__type_support.h
[19.263s] -- Up-to-date: /home/lth/ros_ws/install/auto_aim_interfaces/include/auto_aim_interfaces/auto_aim_interfaces/msg/detail/debug_lights__functions.c
[19.264s] -- Up-to-date: /home/lth/ros_ws/install/auto_aim_interfaces/include/auto_aim_interfaces/auto_aim_interfaces/msg/detail/debug_lights__functions.h
[19.265s] -- Up-to-date: /home/lth/ros_ws/install/auto_aim_interfaces/include/auto_aim_interfaces/auto_aim_interfaces/msg/detail/armor__functions.c
[19.265s] -- Up-to-date: /home/lth/ros_ws/install/auto_aim_interfaces/include/auto_aim_interfaces/auto_aim_interfaces/msg/detail/debug_armors__type_support.h
[19.266s] -- Up-to-date: /home/lth/ros_ws/install/auto_aim_interfaces/include/auto_aim_interfaces/auto_aim_interfaces/msg/detail/debug_armors__functions.c
[19.267s] -- Up-to-date: /home/lth/ros_ws/install/auto_aim_interfaces/include/auto_aim_interfaces/auto_aim_interfaces/msg/detail/armors__functions.c
[19.267s] -- Up-to-date: /home/lth/ros_ws/install/auto_aim_interfaces/include/auto_aim_interfaces/auto_aim_interfaces/msg/detail/target__functions.c
[19.268s] -- Up-to-date: /home/lth/ros_ws/install/auto_aim_interfaces/include/auto_aim_interfaces/auto_aim_interfaces/msg/detail/debug_armor__functions.c
[19.269s] -- Up-to-date: /home/lth/ros_ws/install/auto_aim_interfaces/include/auto_aim_interfaces/auto_aim_interfaces/msg/detail/debug_light__functions.h
[19.270s] -- Up-to-date: /home/lth/ros_ws/install/auto_aim_interfaces/include/auto_aim_interfaces/auto_aim_interfaces/msg/detail/debug_armor__struct.h
[19.270s] -- Up-to-date: /home/lth/ros_ws/install/auto_aim_interfaces/include/auto_aim_interfaces/auto_aim_interfaces/msg/debug_light.h
[19.271s] -- Up-to-date: /home/lth/ros_ws/install/auto_aim_interfaces/include/auto_aim_interfaces/auto_aim_interfaces/msg/debug_armor.h
[19.272s] -- Up-to-date: /home/lth/ros_ws/install/auto_aim_interfaces/include/auto_aim_interfaces/auto_aim_interfaces/msg/rosidl_generator_c__visibility_control.h
[19.272s] -- Up-to-date: /home/lth/ros_ws/install/auto_aim_interfaces/include/auto_aim_interfaces/auto_aim_interfaces/msg/armor.h
[19.273s] -- Up-to-date: /home/lth/ros_ws/install/auto_aim_interfaces/include/auto_aim_interfaces/auto_aim_interfaces/msg/debug_lights.h
[19.274s] -- Up-to-date: /home/lth/ros_ws/install/auto_aim_interfaces/share/auto_aim_interfaces/environment/library_path.sh
[19.274s] -- Up-to-date: /home/lth/ros_ws/install/auto_aim_interfaces/share/auto_aim_interfaces/environment/library_path.dsv
[19.275s] -- Up-to-date: /home/lth/ros_ws/install/auto_aim_interfaces/lib/libauto_aim_interfaces__rosidl_generator_c.so
[19.284s] -- Up-to-date: /home/lth/ros_ws/install/auto_aim_interfaces/include/auto_aim_interfaces/auto_aim_interfaces
[19.285s] -- Up-to-date: /home/lth/ros_ws/install/auto_aim_interfaces/include/auto_aim_interfaces/auto_aim_interfaces/msg
[19.286s] -- Up-to-date: /home/lth/ros_ws/install/auto_aim_interfaces/include/auto_aim_interfaces/auto_aim_interfaces/msg/detail
[19.286s] -- Up-to-date: /home/lth/ros_ws/install/auto_aim_interfaces/include/auto_aim_interfaces/auto_aim_interfaces/msg/detail/armors__rosidl_typesupport_fastrtps_c.h
[19.287s] -- Up-to-date: /home/lth/ros_ws/install/auto_aim_interfaces/include/auto_aim_interfaces/auto_aim_interfaces/msg/detail/tracker_info__rosidl_typesupport_fastrtps_c.h
[19.288s] -- Up-to-date: /home/lth/ros_ws/install/auto_aim_interfaces/include/auto_aim_interfaces/auto_aim_interfaces/msg/detail/debug_lights__rosidl_typesupport_fastrtps_c.h
[19.288s] -- Up-to-date: /home/lth/ros_ws/install/auto_aim_interfaces/include/auto_aim_interfaces/auto_aim_interfaces/msg/detail/debug_armor__rosidl_typesupport_fastrtps_c.h
[19.289s] -- Up-to-date: /home/lth/ros_ws/install/auto_aim_interfaces/include/auto_aim_interfaces/auto_aim_interfaces/msg/detail/debug_armors__rosidl_typesupport_fastrtps_c.h
[19.290s] -- Up-to-date: /home/lth/ros_ws/install/auto_aim_interfaces/include/auto_aim_interfaces/auto_aim_interfaces/msg/detail/debug_light__rosidl_typesupport_fastrtps_c.h
[19.290s] -- Up-to-date: /home/lth/ros_ws/install/auto_aim_interfaces/include/auto_aim_interfaces/auto_aim_interfaces/msg/detail/target__rosidl_typesupport_fastrtps_c.h
[19.291s] -- Up-to-date: /home/lth/ros_ws/install/auto_aim_interfaces/include/auto_aim_interfaces/auto_aim_interfaces/msg/detail/armor__rosidl_typesupport_fastrtps_c.h
[19.292s] -- Up-to-date: /home/lth/ros_ws/install/auto_aim_interfaces/include/auto_aim_interfaces/auto_aim_interfaces/msg/rosidl_typesupport_fastrtps_c__visibility_control.h
[19.292s] -- Up-to-date: /home/lth/ros_ws/install/auto_aim_interfaces/lib/libauto_aim_interfaces__rosidl_typesupport_fastrtps_c.so
[19.293s] -- Up-to-date: /home/lth/ros_ws/install/auto_aim_interfaces/include/auto_aim_interfaces/auto_aim_interfaces
[19.293s] -- Up-to-date: /home/lth/ros_ws/install/auto_aim_interfaces/include/auto_aim_interfaces/auto_aim_interfaces/msg
[19.294s] -- Up-to-date: /home/lth/ros_ws/install/auto_aim_interfaces/include/auto_aim_interfaces/auto_aim_interfaces/msg/rosidl_typesupport_introspection_c__visibility_control.h
[19.295s] -- Up-to-date: /home/lth/ros_ws/install/auto_aim_interfaces/include/auto_aim_interfaces/auto_aim_interfaces/msg/detail
[19.295s] -- Up-to-date: /home/lth/ros_ws/install/auto_aim_interfaces/include/auto_aim_interfaces/auto_aim_interfaces/msg/detail/tracker_info__type_support.c
[19.296s] -- Up-to-date: /home/lth/ros_ws/install/auto_aim_interfaces/include/auto_aim_interfaces/auto_aim_interfaces/msg/detail/tracker_info__rosidl_typesupport_introspection_c.h
[19.297s] -- Up-to-date: /home/lth/ros_ws/install/auto_aim_interfaces/include/auto_aim_interfaces/auto_aim_interfaces/msg/detail/debug_armors__type_support.c
[19.297s] -- Up-to-date: /home/lth/ros_ws/install/auto_aim_interfaces/include/auto_aim_interfaces/auto_aim_interfaces/msg/detail/debug_armors__rosidl_typesupport_introspection_c.h
[19.323s] -- Up-to-date: /home/lth/ros_ws/install/auto_aim_interfaces/include/auto_aim_interfaces/auto_aim_interfaces/msg/detail/debug_lights__type_support.c
[19.324s] -- Up-to-date: /home/lth/ros_ws/install/auto_aim_interfaces/include/auto_aim_interfaces/auto_aim_interfaces/msg/detail/target__type_support.c
[19.325s] -- Up-to-date: /home/lth/ros_ws/install/auto_aim_interfaces/include/auto_aim_interfaces/auto_aim_interfaces/msg/detail/debug_light__rosidl_typesupport_introspection_c.h
[19.326s] -- Up-to-date: /home/lth/ros_ws/install/auto_aim_interfaces/include/auto_aim_interfaces/auto_aim_interfaces/msg/detail/debug_light__type_support.c
[19.326s] -- Up-to-date: /home/lth/ros_ws/install/auto_aim_interfaces/include/auto_aim_interfaces/auto_aim_interfaces/msg/detail/armors__type_support.c
[19.327s] -- Up-to-date: /home/lth/ros_ws/install/auto_aim_interfaces/include/auto_aim_interfaces/auto_aim_interfaces/msg/detail/armors__rosidl_typesupport_introspection_c.h
[19.328s] -- Up-to-date: /home/lth/ros_ws/install/auto_aim_interfaces/include/auto_aim_interfaces/auto_aim_interfaces/msg/detail/debug_armor__type_support.c
[19.329s] -- Up-to-date: /home/lth/ros_ws/install/auto_aim_interfaces/include/auto_aim_interfaces/auto_aim_interfaces/msg/detail/target__rosidl_typesupport_introspection_c.h
[19.329s] -- Up-to-date: /home/lth/ros_ws/install/auto_aim_interfaces/include/auto_aim_interfaces/auto_aim_interfaces/msg/detail/debug_armor__rosidl_typesupport_introspection_c.h
[19.330s] -- Up-to-date: /home/lth/ros_ws/install/auto_aim_interfaces/include/auto_aim_interfaces/auto_aim_interfaces/msg/detail/debug_lights__rosidl_typesupport_introspection_c.h
[19.331s] -- Up-to-date: /home/lth/ros_ws/install/auto_aim_interfaces/include/auto_aim_interfaces/auto_aim_interfaces/msg/detail/armor__rosidl_typesupport_introspection_c.h
[19.332s] -- Up-to-date: /home/lth/ros_ws/install/auto_aim_interfaces/include/auto_aim_interfaces/auto_aim_interfaces/msg/detail/armor__type_support.c
[19.332s] -- Up-to-date: /home/lth/ros_ws/install/auto_aim_interfaces/lib/libauto_aim_interfaces__rosidl_typesupport_introspection_c.so
[19.333s] -- Up-to-date: /home/lth/ros_ws/install/auto_aim_interfaces/lib/libauto_aim_interfaces__rosidl_typesupport_c.so
[19.342s] -- Up-to-date: /home/lth/ros_ws/install/auto_aim_interfaces/include/auto_aim_interfaces/auto_aim_interfaces
[19.343s] -- Up-to-date: /home/lth/ros_ws/install/auto_aim_interfaces/include/auto_aim_interfaces/auto_aim_interfaces/msg
[19.344s] -- Up-to-date: /home/lth/ros_ws/install/auto_aim_interfaces/include/auto_aim_interfaces/auto_aim_interfaces/msg/tracker_info.hpp
[19.344s] -- Up-to-date: /home/lth/ros_ws/install/auto_aim_interfaces/include/auto_aim_interfaces/auto_aim_interfaces/msg/target.hpp
[19.345s] -- Up-to-date: /home/lth/ros_ws/install/auto_aim_interfaces/include/auto_aim_interfaces/auto_aim_interfaces/msg/debug_armor.hpp
[19.346s] -- Up-to-date: /home/lth/ros_ws/install/auto_aim_interfaces/include/auto_aim_interfaces/auto_aim_interfaces/msg/detail
[19.347s] -- Up-to-date: /home/lth/ros_ws/install/auto_aim_interfaces/include/auto_aim_interfaces/auto_aim_interfaces/msg/detail/debug_armors__builder.hpp
[19.347s] -- Up-to-date: /home/lth/ros_ws/install/auto_aim_interfaces/include/auto_aim_interfaces/auto_aim_interfaces/msg/detail/tracker_info__struct.hpp
[19.348s] -- Up-to-date: /home/lth/ros_ws/install/auto_aim_interfaces/include/auto_aim_interfaces/auto_aim_interfaces/msg/detail/armor__builder.hpp
[19.348s] -- Up-to-date: /home/lth/ros_ws/install/auto_aim_interfaces/include/auto_aim_interfaces/auto_aim_interfaces/msg/detail/debug_light__struct.hpp
[19.349s] -- Up-to-date: /home/lth/ros_ws/install/auto_aim_interfaces/include/auto_aim_interfaces/auto_aim_interfaces/msg/detail/armors__struct.hpp
[19.349s] -- Up-to-date: /home/lth/ros_ws/install/auto_aim_interfaces/include/auto_aim_interfaces/auto_aim_interfaces/msg/detail/debug_armors__struct.hpp
[19.350s] -- Up-to-date: /home/lth/ros_ws/install/auto_aim_interfaces/include/auto_aim_interfaces/auto_aim_interfaces/msg/detail/tracker_info__traits.hpp
[19.350s] -- Up-to-date: /home/lth/ros_ws/install/auto_aim_interfaces/include/auto_aim_interfaces/auto_aim_interfaces/msg/detail/debug_light__builder.hpp
[19.351s] -- Up-to-date: /home/lth/ros_ws/install/auto_aim_interfaces/include/auto_aim_interfaces/auto_aim_interfaces/msg/detail/debug_armor__traits.hpp
[19.352s] -- Up-to-date: /home/lth/ros_ws/install/auto_aim_interfaces/include/auto_aim_interfaces/auto_aim_interfaces/msg/detail/debug_lights__builder.hpp
[19.352s] -- Up-to-date: /home/lth/ros_ws/install/auto_aim_interfaces/include/auto_aim_interfaces/auto_aim_interfaces/msg/detail/armors__builder.hpp
[19.353s] -- Up-to-date: /home/lth/ros_ws/install/auto_aim_interfaces/include/auto_aim_interfaces/auto_aim_interfaces/msg/detail/debug_light__traits.hpp
[19.353s] -- Up-to-date: /home/lth/ros_ws/install/auto_aim_interfaces/include/auto_aim_interfaces/auto_aim_interfaces/msg/detail/debug_armor__builder.hpp
[19.354s] -- Up-to-date: /home/lth/ros_ws/install/auto_aim_interfaces/include/auto_aim_interfaces/auto_aim_interfaces/msg/detail/debug_armors__traits.hpp
[19.355s] -- Up-to-date: /home/lth/ros_ws/install/auto_aim_interfaces/include/auto_aim_interfaces/auto_aim_interfaces/msg/detail/target__traits.hpp
[19.355s] -- Up-to-date: /home/lth/ros_ws/install/auto_aim_interfaces/include/auto_aim_interfaces/auto_aim_interfaces/msg/detail/debug_armor__struct.hpp
[19.356s] -- Up-to-date: /home/lth/ros_ws/install/auto_aim_interfaces/include/auto_aim_interfaces/auto_aim_interfaces/msg/detail/armor__struct.hpp
[19.357s] -- Up-to-date: /home/lth/ros_ws/install/auto_aim_interfaces/include/auto_aim_interfaces/auto_aim_interfaces/msg/detail/tracker_info__builder.hpp
[19.357s] -- Up-to-date: /home/lth/ros_ws/install/auto_aim_interfaces/include/auto_aim_interfaces/auto_aim_interfaces/msg/detail/armors__traits.hpp
[19.358s] -- Up-to-date: /home/lth/ros_ws/install/auto_aim_interfaces/include/auto_aim_interfaces/auto_aim_interfaces/msg/detail/debug_lights__struct.hpp
[19.380s] -- Up-to-date: /home/lth/ros_ws/install/auto_aim_interfaces/include/auto_aim_interfaces/auto_aim_interfaces/msg/detail/armor__traits.hpp
[19.381s] -- Up-to-date: /home/lth/ros_ws/install/auto_aim_interfaces/include/auto_aim_interfaces/auto_aim_interfaces/msg/detail/debug_lights__traits.hpp
[19.382s] -- Up-to-date: /home/lth/ros_ws/install/auto_aim_interfaces/include/auto_aim_interfaces/auto_aim_interfaces/msg/detail/target__builder.hpp
[19.382s] -- Up-to-date: /home/lth/ros_ws/install/auto_aim_interfaces/include/auto_aim_interfaces/auto_aim_interfaces/msg/detail/target__struct.hpp
[19.383s] -- Up-to-date: /home/lth/ros_ws/install/auto_aim_interfaces/include/auto_aim_interfaces/auto_aim_interfaces/msg/armors.hpp
[19.384s] -- Up-to-date: /home/lth/ros_ws/install/auto_aim_interfaces/include/auto_aim_interfaces/auto_aim_interfaces/msg/armor.hpp
[19.385s] -- Up-to-date: /home/lth/ros_ws/install/auto_aim_interfaces/include/auto_aim_interfaces/auto_aim_interfaces/msg/debug_armors.hpp
[19.385s] -- Up-to-date: /home/lth/ros_ws/install/auto_aim_interfaces/include/auto_aim_interfaces/auto_aim_interfaces/msg/debug_lights.hpp
[19.386s] -- Up-to-date: /home/lth/ros_ws/install/auto_aim_interfaces/include/auto_aim_interfaces/auto_aim_interfaces/msg/debug_light.hpp
[19.387s] -- Up-to-date: /home/lth/ros_ws/install/auto_aim_interfaces/include/auto_aim_interfaces/auto_aim_interfaces
[19.387s] -- Up-to-date: /home/lth/ros_ws/install/auto_aim_interfaces/include/auto_aim_interfaces/auto_aim_interfaces/msg
[19.388s] -- Up-to-date: /home/lth/ros_ws/install/auto_aim_interfaces/include/auto_aim_interfaces/auto_aim_interfaces/msg/detail
[19.389s] -- Up-to-date: /home/lth/ros_ws/install/auto_aim_interfaces/include/auto_aim_interfaces/auto_aim_interfaces/msg/detail/debug_armor__rosidl_typesupport_fastrtps_cpp.hpp
[19.389s] -- Up-to-date: /home/lth/ros_ws/install/auto_aim_interfaces/include/auto_aim_interfaces/auto_aim_interfaces/msg/detail/debug_armors__rosidl_typesupport_fastrtps_cpp.hpp
[19.390s] -- Up-to-date: /home/lth/ros_ws/install/auto_aim_interfaces/include/auto_aim_interfaces/auto_aim_interfaces/msg/detail/armor__rosidl_typesupport_fastrtps_cpp.hpp
[19.391s] -- Up-to-date: /home/lth/ros_ws/install/auto_aim_interfaces/include/auto_aim_interfaces/auto_aim_interfaces/msg/detail/target__rosidl_typesupport_fastrtps_cpp.hpp
[19.392s] -- Up-to-date: /home/lth/ros_ws/install/auto_aim_interfaces/include/auto_aim_interfaces/auto_aim_interfaces/msg/detail/tracker_info__rosidl_typesupport_fastrtps_cpp.hpp
[19.392s] -- Up-to-date: /home/lth/ros_ws/install/auto_aim_interfaces/include/auto_aim_interfaces/auto_aim_interfaces/msg/detail/armors__rosidl_typesupport_fastrtps_cpp.hpp
[19.393s] -- Up-to-date: /home/lth/ros_ws/install/auto_aim_interfaces/include/auto_aim_interfaces/auto_aim_interfaces/msg/detail/debug_light__rosidl_typesupport_fastrtps_cpp.hpp
[19.393s] -- Up-to-date: /home/lth/ros_ws/install/auto_aim_interfaces/include/auto_aim_interfaces/auto_aim_interfaces/msg/detail/debug_lights__rosidl_typesupport_fastrtps_cpp.hpp
[19.394s] -- Up-to-date: /home/lth/ros_ws/install/auto_aim_interfaces/include/auto_aim_interfaces/auto_aim_interfaces/msg/detail/dds_fastrtps
[19.395s] -- Up-to-date: /home/lth/ros_ws/install/auto_aim_interfaces/include/auto_aim_interfaces/auto_aim_interfaces/msg/rosidl_typesupport_fastrtps_cpp__visibility_control.h
[19.395s] -- Up-to-date: /home/lth/ros_ws/install/auto_aim_interfaces/lib/libauto_aim_interfaces__rosidl_typesupport_fastrtps_cpp.so
[19.396s] -- Up-to-date: /home/lth/ros_ws/install/auto_aim_interfaces/include/auto_aim_interfaces/auto_aim_interfaces
[19.397s] -- Up-to-date: /home/lth/ros_ws/install/auto_aim_interfaces/include/auto_aim_interfaces/auto_aim_interfaces/msg
[19.397s] -- Up-to-date: /home/lth/ros_ws/install/auto_aim_interfaces/include/auto_aim_interfaces/auto_aim_interfaces/msg/detail
[19.398s] -- Up-to-date: /home/lth/ros_ws/install/auto_aim_interfaces/include/auto_aim_interfaces/auto_aim_interfaces/msg/detail/armor__rosidl_typesupport_introspection_cpp.hpp
[19.400s] -- Up-to-date: /home/lth/ros_ws/install/auto_aim_interfaces/include/auto_aim_interfaces/auto_aim_interfaces/msg/detail/target__rosidl_typesupport_introspection_cpp.hpp
[19.400s] -- Up-to-date: /home/lth/ros_ws/install/auto_aim_interfaces/include/auto_aim_interfaces/auto_aim_interfaces/msg/detail/debug_armor__rosidl_typesupport_introspection_cpp.hpp
[19.401s] -- Up-to-date: /home/lth/ros_ws/install/auto_aim_interfaces/include/auto_aim_interfaces/auto_aim_interfaces/msg/detail/debug_armor__type_support.cpp
[19.402s] -- Up-to-date: /home/lth/ros_ws/install/auto_aim_interfaces/include/auto_aim_interfaces/auto_aim_interfaces/msg/detail/debug_light__type_support.cpp
[19.402s] -- Up-to-date: /home/lth/ros_ws/install/auto_aim_interfaces/include/auto_aim_interfaces/auto_aim_interfaces/msg/detail/debug_lights__rosidl_typesupport_introspection_cpp.hpp
[19.403s] -- Up-to-date: /home/lth/ros_ws/install/auto_aim_interfaces/include/auto_aim_interfaces/auto_aim_interfaces/msg/detail/armor__type_support.cpp
[19.404s] -- Up-to-date: /home/lth/ros_ws/install/auto_aim_interfaces/include/auto_aim_interfaces/auto_aim_interfaces/msg/detail/target__type_support.cpp
[19.405s] -- Up-to-date: /home/lth/ros_ws/install/auto_aim_interfaces/include/auto_aim_interfaces/auto_aim_interfaces/msg/detail/debug_armors__rosidl_typesupport_introspection_cpp.hpp
[19.405s] -- Up-to-date: /home/lth/ros_ws/install/auto_aim_interfaces/include/auto_aim_interfaces/auto_aim_interfaces/msg/detail/tracker_info__rosidl_typesupport_introspection_cpp.hpp
[19.406s] -- Up-to-date: /home/lth/ros_ws/install/auto_aim_interfaces/include/auto_aim_interfaces/auto_aim_interfaces/msg/detail/debug_light__rosidl_typesupport_introspection_cpp.hpp
[19.406s] -- Up-to-date: /home/lth/ros_ws/install/auto_aim_interfaces/include/auto_aim_interfaces/auto_aim_interfaces/msg/detail/debug_lights__type_support.cpp
[19.408s] -- Up-to-date: /home/lth/ros_ws/install/auto_aim_interfaces/include/auto_aim_interfaces/auto_aim_interfaces/msg/detail/tracker_info__type_support.cpp
[19.408s] -- Up-to-date: /home/lth/ros_ws/install/auto_aim_interfaces/include/auto_aim_interfaces/auto_aim_interfaces/msg/detail/armors__rosidl_typesupport_introspection_cpp.hpp
[19.409s] -- Up-to-date: /home/lth/ros_ws/install/auto_aim_interfaces/include/auto_aim_interfaces/auto_aim_interfaces/msg/detail/armors__type_support.cpp
[19.410s] -- Up-to-date: /home/lth/ros_ws/install/auto_aim_interfaces/include/auto_aim_interfaces/auto_aim_interfaces/msg/detail/debug_armors__type_support.cpp
[19.411s] -- Up-to-date: /home/lth/ros_ws/install/auto_aim_interfaces/lib/libauto_aim_interfaces__rosidl_typesupport_introspection_cpp.so
[19.419s] -- Up-to-date: /home/lth/ros_ws/install/auto_aim_interfaces/lib/libauto_aim_interfaces__rosidl_typesupport_cpp.so
[19.420s] -- Up-to-date: /home/lth/ros_ws/install/auto_aim_interfaces/share/auto_aim_interfaces/environment/pythonpath.sh
[19.420s] -- Up-to-date: /home/lth/ros_ws/install/auto_aim_interfaces/share/auto_aim_interfaces/environment/pythonpath.dsv
[19.421s] -- Up-to-date: /home/lth/ros_ws/install/auto_aim_interfaces/local/lib/python3.10/dist-packages/auto_aim_interfaces-0.0.0-py3.10.egg-info
[19.422s] -- Installing: /home/lth/ros_ws/install/auto_aim_interfaces/local/lib/python3.10/dist-packages/auto_aim_interfaces-0.0.0-py3.10.egg-info/top_level.txt
[19.422s] -- Installing: /home/lth/ros_ws/install/auto_aim_interfaces/local/lib/python3.10/dist-packages/auto_aim_interfaces-0.0.0-py3.10.egg-info/dependency_links.txt
[19.423s] -- Installing: /home/lth/ros_ws/install/auto_aim_interfaces/local/lib/python3.10/dist-packages/auto_aim_interfaces-0.0.0-py3.10.egg-info/PKG-INFO
[19.424s] -- Installing: /home/lth/ros_ws/install/auto_aim_interfaces/local/lib/python3.10/dist-packages/auto_aim_interfaces-0.0.0-py3.10.egg-info/SOURCES.txt
[19.439s] -- Up-to-date: /home/lth/ros_ws/install/auto_aim_interfaces/local/lib/python3.10/dist-packages/auto_aim_interfaces
[19.440s] -- Up-to-date: /home/lth/ros_ws/install/auto_aim_interfaces/local/lib/python3.10/dist-packages/auto_aim_interfaces/_auto_aim_interfaces_s.ep.rosidl_typesupport_introspection_c.c
[19.441s] -- Up-to-date: /home/lth/ros_ws/install/auto_aim_interfaces/local/lib/python3.10/dist-packages/auto_aim_interfaces/_auto_aim_interfaces_s.ep.rosidl_typesupport_fastrtps_c.c
[19.442s] -- Up-to-date: /home/lth/ros_ws/install/auto_aim_interfaces/local/lib/python3.10/dist-packages/auto_aim_interfaces/auto_aim_interfaces_s__rosidl_typesupport_c.cpython-310-x86_64-linux-gnu.so
[19.443s] -- Up-to-date: /home/lth/ros_ws/install/auto_aim_interfaces/local/lib/python3.10/dist-packages/auto_aim_interfaces/_auto_aim_interfaces_s.ep.rosidl_typesupport_c.c
[19.444s] -- Up-to-date: /home/lth/ros_ws/install/auto_aim_interfaces/local/lib/python3.10/dist-packages/auto_aim_interfaces/libauto_aim_interfaces__rosidl_generator_py.so
[19.444s] -- Up-to-date: /home/lth/ros_ws/install/auto_aim_interfaces/local/lib/python3.10/dist-packages/auto_aim_interfaces/__init__.py
[19.445s] -- Up-to-date: /home/lth/ros_ws/install/auto_aim_interfaces/local/lib/python3.10/dist-packages/auto_aim_interfaces/msg
[19.445s] -- Up-to-date: /home/lth/ros_ws/install/auto_aim_interfaces/local/lib/python3.10/dist-packages/auto_aim_interfaces/msg/_armor_s.c
[19.446s] -- Up-to-date: /home/lth/ros_ws/install/auto_aim_interfaces/local/lib/python3.10/dist-packages/auto_aim_interfaces/msg/_debug_lights.py
[19.447s] -- Up-to-date: /home/lth/ros_ws/install/auto_aim_interfaces/local/lib/python3.10/dist-packages/auto_aim_interfaces/msg/_debug_light_s.c
[19.447s] -- Up-to-date: /home/lth/ros_ws/install/auto_aim_interfaces/local/lib/python3.10/dist-packages/auto_aim_interfaces/msg/_debug_lights_s.c
[19.448s] -- Up-to-date: /home/lth/ros_ws/install/auto_aim_interfaces/local/lib/python3.10/dist-packages/auto_aim_interfaces/msg/_armor.py
[19.449s] -- Up-to-date: /home/lth/ros_ws/install/auto_aim_interfaces/local/lib/python3.10/dist-packages/auto_aim_interfaces/msg/_tracker_info.py
[19.450s] -- Up-to-date: /home/lth/ros_ws/install/auto_aim_interfaces/local/lib/python3.10/dist-packages/auto_aim_interfaces/msg/_debug_armors_s.c
[19.450s] -- Up-to-date: /home/lth/ros_ws/install/auto_aim_interfaces/local/lib/python3.10/dist-packages/auto_aim_interfaces/msg/_armors.py
[19.451s] -- Up-to-date: /home/lth/ros_ws/install/auto_aim_interfaces/local/lib/python3.10/dist-packages/auto_aim_interfaces/msg/__init__.py
[19.452s] -- Up-to-date: /home/lth/ros_ws/install/auto_aim_interfaces/local/lib/python3.10/dist-packages/auto_aim_interfaces/msg/_debug_armor.py
[19.453s] -- Up-to-date: /home/lth/ros_ws/install/auto_aim_interfaces/local/lib/python3.10/dist-packages/auto_aim_interfaces/msg/_debug_light.py
[19.454s] -- Up-to-date: /home/lth/ros_ws/install/auto_aim_interfaces/local/lib/python3.10/dist-packages/auto_aim_interfaces/msg/_target_s.c
[19.454s] -- Up-to-date: /home/lth/ros_ws/install/auto_aim_interfaces/local/lib/python3.10/dist-packages/auto_aim_interfaces/msg/_armors_s.c
[19.456s] -- Up-to-date: /home/lth/ros_ws/install/auto_aim_interfaces/local/lib/python3.10/dist-packages/auto_aim_interfaces/msg/_debug_armor_s.c
[19.456s] -- Up-to-date: /home/lth/ros_ws/install/auto_aim_interfaces/local/lib/python3.10/dist-packages/auto_aim_interfaces/msg/_tracker_info_s.c
[19.457s] -- Up-to-date: /home/lth/ros_ws/install/auto_aim_interfaces/local/lib/python3.10/dist-packages/auto_aim_interfaces/msg/_target.py
[19.458s] -- Up-to-date: /home/lth/ros_ws/install/auto_aim_interfaces/local/lib/python3.10/dist-packages/auto_aim_interfaces/msg/_debug_armors.py
[19.458s] -- Up-to-date: /home/lth/ros_ws/install/auto_aim_interfaces/local/lib/python3.10/dist-packages/auto_aim_interfaces/auto_aim_interfaces_s__rosidl_typesupport_introspection_c.cpython-310-x86_64-linux-gnu.so
[19.459s] -- Up-to-date: /home/lth/ros_ws/install/auto_aim_interfaces/local/lib/python3.10/dist-packages/auto_aim_interfaces/auto_aim_interfaces_s__rosidl_typesupport_fastrtps_c.cpython-310-x86_64-linux-gnu.so
[19.842s] Listing '/home/lth/ros_ws/install/auto_aim_interfaces/local/lib/python3.10/dist-packages/auto_aim_interfaces'...
[19.842s] Listing '/home/lth/ros_ws/install/auto_aim_interfaces/local/lib/python3.10/dist-packages/auto_aim_interfaces/msg'...
[19.872s] -- Up-to-date: /home/lth/ros_ws/install/auto_aim_interfaces/local/lib/python3.10/dist-packages/auto_aim_interfaces/auto_aim_interfaces_s__rosidl_typesupport_fastrtps_c.cpython-310-x86_64-linux-gnu.so
[19.893s] -- Up-to-date: /home/lth/ros_ws/install/auto_aim_interfaces/local/lib/python3.10/dist-packages/auto_aim_interfaces/auto_aim_interfaces_s__rosidl_typesupport_introspection_c.cpython-310-x86_64-linux-gnu.so
[19.894s] -- Up-to-date: /home/lth/ros_ws/install/auto_aim_interfaces/local/lib/python3.10/dist-packages/auto_aim_interfaces/auto_aim_interfaces_s__rosidl_typesupport_c.cpython-310-x86_64-linux-gnu.so
[19.909s] -- Up-to-date: /home/lth/ros_ws/install/auto_aim_interfaces/lib/libauto_aim_interfaces__rosidl_generator_py.so
[19.911s] -- Up-to-date: /home/lth/ros_ws/install/auto_aim_interfaces/share/auto_aim_interfaces/msg/Armor.idl
[19.912s] -- Up-to-date: /home/lth/ros_ws/install/auto_aim_interfaces/share/auto_aim_interfaces/msg/Armors.idl
[19.919s] -- Up-to-date: /home/lth/ros_ws/install/auto_aim_interfaces/share/auto_aim_interfaces/msg/Target.idl
[19.920s] -- Up-to-date: /home/lth/ros_ws/install/auto_aim_interfaces/share/auto_aim_interfaces/msg/DebugLight.idl
[19.921s] -- Up-to-date: /home/lth/ros_ws/install/auto_aim_interfaces/share/auto_aim_interfaces/msg/DebugLights.idl
[19.921s] -- Up-to-date: /home/lth/ros_ws/install/auto_aim_interfaces/share/auto_aim_interfaces/msg/DebugArmor.idl
[19.922s] -- Up-to-date: /home/lth/ros_ws/install/auto_aim_interfaces/share/auto_aim_interfaces/msg/DebugArmors.idl
[19.924s] -- Up-to-date: /home/lth/ros_ws/install/auto_aim_interfaces/share/auto_aim_interfaces/msg/TrackerInfo.idl
[19.924s] -- Up-to-date: /home/lth/ros_ws/install/auto_aim_interfaces/share/auto_aim_interfaces/msg/Armor.msg
[19.925s] -- Up-to-date: /home/lth/ros_ws/install/auto_aim_interfaces/share/auto_aim_interfaces/msg/Armors.msg
[19.926s] -- Up-to-date: /home/lth/ros_ws/install/auto_aim_interfaces/share/auto_aim_interfaces/msg/Target.msg
[19.926s] -- Up-to-date: /home/lth/ros_ws/install/auto_aim_interfaces/share/auto_aim_interfaces/msg/DebugLight.msg
[19.927s] -- Up-to-date: /home/lth/ros_ws/install/auto_aim_interfaces/share/auto_aim_interfaces/msg/DebugLights.msg
[19.929s] -- Up-to-date: /home/lth/ros_ws/install/auto_aim_interfaces/share/auto_aim_interfaces/msg/DebugArmor.msg
[19.929s] -- Up-to-date: /home/lth/ros_ws/install/auto_aim_interfaces/share/auto_aim_interfaces/msg/DebugArmors.msg
[19.930s] -- Up-to-date: /home/lth/ros_ws/install/auto_aim_interfaces/share/auto_aim_interfaces/msg/TrackerInfo.msg
[19.930s] -- Up-to-date: /home/lth/ros_ws/install/auto_aim_interfaces/share/ament_index/resource_index/package_run_dependencies/auto_aim_interfaces
[19.931s] -- Up-to-date: /home/lth/ros_ws/install/auto_aim_interfaces/share/ament_index/resource_index/parent_prefix_path/auto_aim_interfaces
[19.932s] -- Up-to-date: /home/lth/ros_ws/install/auto_aim_interfaces/share/auto_aim_interfaces/environment/ament_prefix_path.sh
[19.953s] -- Up-to-date: /home/lth/ros_ws/install/auto_aim_interfaces/share/auto_aim_interfaces/environment/ament_prefix_path.dsv
[19.954s] -- Up-to-date: /home/lth/ros_ws/install/auto_aim_interfaces/share/auto_aim_interfaces/environment/path.sh
[19.955s] -- Up-to-date: /home/lth/ros_ws/install/auto_aim_interfaces/share/auto_aim_interfaces/environment/path.dsv
[19.956s] -- Up-to-date: /home/lth/ros_ws/install/auto_aim_interfaces/share/auto_aim_interfaces/local_setup.bash
[19.957s] -- Up-to-date: /home/lth/ros_ws/install/auto_aim_interfaces/share/auto_aim_interfaces/local_setup.sh
[19.957s] -- Up-to-date: /home/lth/ros_ws/install/auto_aim_interfaces/share/auto_aim_interfaces/local_setup.zsh
[19.958s] -- Up-to-date: /home/lth/ros_ws/install/auto_aim_interfaces/share/auto_aim_interfaces/local_setup.dsv
[19.959s] -- Installing: /home/lth/ros_ws/install/auto_aim_interfaces/share/auto_aim_interfaces/package.dsv
[19.968s] -- Up-to-date: /home/lth/ros_ws/install/auto_aim_interfaces/share/ament_index/resource_index/packages/auto_aim_interfaces
[19.968s] -- Up-to-date: /home/lth/ros_ws/install/auto_aim_interfaces/share/auto_aim_interfaces/cmake/export_auto_aim_interfaces__rosidl_generator_cExport.cmake
[19.969s] -- Up-to-date: /home/lth/ros_ws/install/auto_aim_interfaces/share/auto_aim_interfaces/cmake/export_auto_aim_interfaces__rosidl_generator_cExport-noconfig.cmake
[19.970s] -- Up-to-date: /home/lth/ros_ws/install/auto_aim_interfaces/share/auto_aim_interfaces/cmake/export_auto_aim_interfaces__rosidl_typesupport_fastrtps_cExport.cmake
[19.970s] -- Up-to-date: /home/lth/ros_ws/install/auto_aim_interfaces/share/auto_aim_interfaces/cmake/export_auto_aim_interfaces__rosidl_typesupport_fastrtps_cExport-noconfig.cmake
[19.971s] -- Up-to-date: /home/lth/ros_ws/install/auto_aim_interfaces/share/auto_aim_interfaces/cmake/auto_aim_interfaces__rosidl_typesupport_introspection_cExport.cmake
[19.972s] -- Up-to-date: /home/lth/ros_ws/install/auto_aim_interfaces/share/auto_aim_interfaces/cmake/auto_aim_interfaces__rosidl_typesupport_introspection_cExport-noconfig.cmake
[19.973s] -- Up-to-date: /home/lth/ros_ws/install/auto_aim_interfaces/share/auto_aim_interfaces/cmake/auto_aim_interfaces__rosidl_typesupport_cExport.cmake
[19.973s] -- Up-to-date: /home/lth/ros_ws/install/auto_aim_interfaces/share/auto_aim_interfaces/cmake/auto_aim_interfaces__rosidl_typesupport_cExport-noconfig.cmake
[19.974s] -- Up-to-date: /home/lth/ros_ws/install/auto_aim_interfaces/share/auto_aim_interfaces/cmake/export_auto_aim_interfaces__rosidl_generator_cppExport.cmake
[19.975s] -- Up-to-date: /home/lth/ros_ws/install/auto_aim_interfaces/share/auto_aim_interfaces/cmake/export_auto_aim_interfaces__rosidl_typesupport_fastrtps_cppExport.cmake
[19.976s] -- Up-to-date: /home/lth/ros_ws/install/auto_aim_interfaces/share/auto_aim_interfaces/cmake/export_auto_aim_interfaces__rosidl_typesupport_fastrtps_cppExport-noconfig.cmake
[19.976s] -- Up-to-date: /home/lth/ros_ws/install/auto_aim_interfaces/share/auto_aim_interfaces/cmake/auto_aim_interfaces__rosidl_typesupport_introspection_cppExport.cmake
[19.977s] -- Up-to-date: /home/lth/ros_ws/install/auto_aim_interfaces/share/auto_aim_interfaces/cmake/auto_aim_interfaces__rosidl_typesupport_introspection_cppExport-noconfig.cmake
[19.977s] -- Up-to-date: /home/lth/ros_ws/install/auto_aim_interfaces/share/auto_aim_interfaces/cmake/auto_aim_interfaces__rosidl_typesupport_cppExport.cmake
[19.978s] -- Up-to-date: /home/lth/ros_ws/install/auto_aim_interfaces/share/auto_aim_interfaces/cmake/auto_aim_interfaces__rosidl_typesupport_cppExport-noconfig.cmake
[19.979s] -- Up-to-date: /home/lth/ros_ws/install/auto_aim_interfaces/share/auto_aim_interfaces/cmake/export_auto_aim_interfaces__rosidl_generator_pyExport.cmake
[19.979s] -- Up-to-date: /home/lth/ros_ws/install/auto_aim_interfaces/share/auto_aim_interfaces/cmake/export_auto_aim_interfaces__rosidl_generator_pyExport-noconfig.cmake
[19.980s] -- Up-to-date: /home/lth/ros_ws/install/auto_aim_interfaces/share/auto_aim_interfaces/cmake/rosidl_cmake-extras.cmake
[19.981s] -- Up-to-date: /home/lth/ros_ws/install/auto_aim_interfaces/share/auto_aim_interfaces/cmake/ament_cmake_export_dependencies-extras.cmake
[19.981s] -- Up-to-date: /home/lth/ros_ws/install/auto_aim_interfaces/share/auto_aim_interfaces/cmake/ament_cmake_export_include_directories-extras.cmake
[19.982s] -- Up-to-date: /home/lth/ros_ws/install/auto_aim_interfaces/share/auto_aim_interfaces/cmake/ament_cmake_export_libraries-extras.cmake
[19.994s] -- Up-to-date: /home/lth/ros_ws/install/auto_aim_interfaces/share/auto_aim_interfaces/cmake/ament_cmake_export_targets-extras.cmake
[19.994s] -- Up-to-date: /home/lth/ros_ws/install/auto_aim_interfaces/share/auto_aim_interfaces/cmake/rosidl_cmake_export_typesupport_targets-extras.cmake
[20.001s] -- Up-to-date: /home/lth/ros_ws/install/auto_aim_interfaces/share/auto_aim_interfaces/cmake/rosidl_cmake_export_typesupport_libraries-extras.cmake
[20.009s] -- Up-to-date: /home/lth/ros_ws/install/auto_aim_interfaces/share/auto_aim_interfaces/cmake/auto_aim_interfacesConfig.cmake
[20.010s] -- Up-to-date: /home/lth/ros_ws/install/auto_aim_interfaces/share/auto_aim_interfaces/cmake/auto_aim_interfacesConfig-version.cmake
[20.013s] -- Up-to-date: /home/lth/ros_ws/install/auto_aim_interfaces/share/auto_aim_interfaces/package.xml
[20.017s] Invoked command in '/home/lth/ros_ws/build/auto_aim_interfaces' returned '0': CMAKE_PREFIX_PATH=${CMAKE_PREFIX_PATH}:/home/lth/ros_ws/install/video_cam:/home/lth/dev_ws/install/learning_urdf:/home/lth/dev_ws/install/learning_topic:/home/lth/dev_ws/install/learning_tf:/home/lth/dev_ws/install/learning_service:/home/lth/dev_ws/install/learning_qos:/home/lth/dev_ws/install/learning_pkg_python:/home/lth/dev_ws/install/learning_parameter:/home/lth/dev_ws/install/learning_node:/home/lth/dev_ws/install/learning_launch:/home/lth/dev_ws/install/learning_action:/home/lth/dev_ws/install/learning_gazebo_fortress:/home/lth/dev_ws/install/learning_gazebo:/home/lth/dev_ws/install/learning_cv:/opt/ros/humble /usr/bin/cmake --install /home/lth/ros_ws/build/auto_aim_interfaces
