[0.405s] Invoking command in '/home/lth/ros_ws/build/armor_detector': CMAKE_PREFIX_PATH=/home/lth/ros_ws/install/auto_aim_interfaces:/home/lth/ros_ws/install/rm_vision_bringup:/home/lth/ros_ws/install/rm_serial_driver:/home/lth/ros_ws/install/rm_gimbal_description:/home/lth/ros_ws/install/rm_auto_aim:/home/lth/ros_ws/install/mindvision_camera:/home/lth/ros_ws/install/hik_camera:/home/lth/ros_ws/install/armor_tracker:/home/lth/ros_ws/install/armor_detector:/home/lth/dev_ws/install/learning_topic_cpp:/home/lth/dev_ws/install/learning_tf_cpp:/home/lth/dev_ws/install/learning_service_cpp:/home/lth/dev_ws/install/learning_pkg_c:/home/lth/dev_ws/install/learning_parameter_cpp:/home/lth/dev_ws/install/learning_node_cpp:/home/lth/dev_ws/install/learning_action_cpp:/home/lth/dev_ws/install/learning_interface:/home/lth/ros_ws/install/video_cam:/home/lth/dev_ws/install/learning_urdf:/home/lth/dev_ws/install/learning_topic:/home/lth/dev_ws/install/learning_tf:/home/lth/dev_ws/install/learning_service:/home/lth/dev_ws/install/learning_qos:/home/lth/dev_ws/install/learning_pkg_python:/home/lth/dev_ws/install/learning_parameter:/home/lth/dev_ws/install/learning_node:/home/lth/dev_ws/install/learning_launch:/home/lth/dev_ws/install/learning_action:/home/lth/dev_ws/install/learning_gazebo_fortress:/home/lth/dev_ws/install/learning_gazebo:/home/lth/dev_ws/install/learning_cv:/opt/ros/humble LD_LIBRARY_PATH=/home/lth/ros_ws/install/auto_aim_interfaces/lib:/home/lth/ros_ws/install/rm_serial_driver/lib:/home/lth/ros_ws/install/mindvision_camera/lib:/home/lth/ros_ws/install/hik_camera/lib:/home/lth/ros_ws/install/armor_tracker/lib:/home/lth/ros_ws/install/armor_detector/lib:/home/lth/dev_ws/install/learning_interface/lib:/opt/ros/humble/opt/rviz_ogre_vendor/lib:/opt/ros/humble/lib/x86_64-linux-gnu:/opt/ros/humble/lib /usr/bin/cmake --build /home/lth/ros_ws/build/armor_detector -- -j16 -l16
[1.541s] [ 13%] Built target armor_detector_node
[2.228s] [ 26%] Built target gtest_main
[2.261s] [ 60%] Built target armor_detector
[2.272s] [ 73%] Built target gtest
[2.907s] [ 86%] Built target test_node_startup
[2.965s] [100%] Built target test_number_cls
[3.222s] Invoked command in '/home/lth/ros_ws/build/armor_detector' returned '0': CMAKE_PREFIX_PATH=/home/lth/ros_ws/install/auto_aim_interfaces:/home/lth/ros_ws/install/rm_vision_bringup:/home/lth/ros_ws/install/rm_serial_driver:/home/lth/ros_ws/install/rm_gimbal_description:/home/lth/ros_ws/install/rm_auto_aim:/home/lth/ros_ws/install/mindvision_camera:/home/lth/ros_ws/install/hik_camera:/home/lth/ros_ws/install/armor_tracker:/home/lth/ros_ws/install/armor_detector:/home/lth/dev_ws/install/learning_topic_cpp:/home/lth/dev_ws/install/learning_tf_cpp:/home/lth/dev_ws/install/learning_service_cpp:/home/lth/dev_ws/install/learning_pkg_c:/home/lth/dev_ws/install/learning_parameter_cpp:/home/lth/dev_ws/install/learning_node_cpp:/home/lth/dev_ws/install/learning_action_cpp:/home/lth/dev_ws/install/learning_interface:/home/lth/ros_ws/install/video_cam:/home/lth/dev_ws/install/learning_urdf:/home/lth/dev_ws/install/learning_topic:/home/lth/dev_ws/install/learning_tf:/home/lth/dev_ws/install/learning_service:/home/lth/dev_ws/install/learning_qos:/home/lth/dev_ws/install/learning_pkg_python:/home/lth/dev_ws/install/learning_parameter:/home/lth/dev_ws/install/learning_node:/home/lth/dev_ws/install/learning_launch:/home/lth/dev_ws/install/learning_action:/home/lth/dev_ws/install/learning_gazebo_fortress:/home/lth/dev_ws/install/learning_gazebo:/home/lth/dev_ws/install/learning_cv:/opt/ros/humble LD_LIBRARY_PATH=/home/lth/ros_ws/install/auto_aim_interfaces/lib:/home/lth/ros_ws/install/rm_serial_driver/lib:/home/lth/ros_ws/install/mindvision_camera/lib:/home/lth/ros_ws/install/hik_camera/lib:/home/lth/ros_ws/install/armor_tracker/lib:/home/lth/ros_ws/install/armor_detector/lib:/home/lth/dev_ws/install/learning_interface/lib:/opt/ros/humble/opt/rviz_ogre_vendor/lib:/opt/ros/humble/lib/x86_64-linux-gnu:/opt/ros/humble/lib /usr/bin/cmake --build /home/lth/ros_ws/build/armor_detector -- -j16 -l16
[5.278s] Invoking command in '/home/lth/ros_ws/build/armor_detector': CMAKE_PREFIX_PATH=/home/lth/ros_ws/install/auto_aim_interfaces:/home/lth/ros_ws/install/rm_vision_bringup:/home/lth/ros_ws/install/rm_serial_driver:/home/lth/ros_ws/install/rm_gimbal_description:/home/lth/ros_ws/install/rm_auto_aim:/home/lth/ros_ws/install/mindvision_camera:/home/lth/ros_ws/install/hik_camera:/home/lth/ros_ws/install/armor_tracker:/home/lth/ros_ws/install/armor_detector:/home/lth/dev_ws/install/learning_topic_cpp:/home/lth/dev_ws/install/learning_tf_cpp:/home/lth/dev_ws/install/learning_service_cpp:/home/lth/dev_ws/install/learning_pkg_c:/home/lth/dev_ws/install/learning_parameter_cpp:/home/lth/dev_ws/install/learning_node_cpp:/home/lth/dev_ws/install/learning_action_cpp:/home/lth/dev_ws/install/learning_interface:/home/lth/ros_ws/install/video_cam:/home/lth/dev_ws/install/learning_urdf:/home/lth/dev_ws/install/learning_topic:/home/lth/dev_ws/install/learning_tf:/home/lth/dev_ws/install/learning_service:/home/lth/dev_ws/install/learning_qos:/home/lth/dev_ws/install/learning_pkg_python:/home/lth/dev_ws/install/learning_parameter:/home/lth/dev_ws/install/learning_node:/home/lth/dev_ws/install/learning_launch:/home/lth/dev_ws/install/learning_action:/home/lth/dev_ws/install/learning_gazebo_fortress:/home/lth/dev_ws/install/learning_gazebo:/home/lth/dev_ws/install/learning_cv:/opt/ros/humble LD_LIBRARY_PATH=/home/lth/ros_ws/install/auto_aim_interfaces/lib:/home/lth/ros_ws/install/rm_serial_driver/lib:/home/lth/ros_ws/install/mindvision_camera/lib:/home/lth/ros_ws/install/hik_camera/lib:/home/lth/ros_ws/install/armor_tracker/lib:/home/lth/ros_ws/install/armor_detector/lib:/home/lth/dev_ws/install/learning_interface/lib:/opt/ros/humble/opt/rviz_ogre_vendor/lib:/opt/ros/humble/lib/x86_64-linux-gnu:/opt/ros/humble/lib /usr/bin/cmake --install /home/lth/ros_ws/build/armor_detector
[5.473s] -- Install configuration: ""
[5.475s] -- Up-to-date: /home/lth/ros_ws/install/armor_detector/lib/armor_detector/armor_detector_node
[5.491s] -- Up-to-date: /home/lth/ros_ws/install/armor_detector/include
[5.492s] -- Up-to-date: /home/lth/ros_ws/install/armor_detector/include/armor_detector
[5.493s] -- Up-to-date: /home/lth/ros_ws/install/armor_detector/include/armor_detector/pnp_solver.hpp
[5.523s] -- Up-to-date: /home/lth/ros_ws/install/armor_detector/include/armor_detector/detector.hpp
[5.524s] -- Up-to-date: /home/lth/ros_ws/install/armor_detector/include/armor_detector/number_classifier.hpp
[5.525s] -- Up-to-date: /home/lth/ros_ws/install/armor_detector/include/armor_detector/armor.hpp
[5.525s] -- Up-to-date: /home/lth/ros_ws/install/armor_detector/include/armor_detector/detector_node.hpp
[5.526s] -- Up-to-date: /home/lth/ros_ws/install/armor_detector/share/armor_detector/environment/library_path.sh
[5.527s] -- Up-to-date: /home/lth/ros_ws/install/armor_detector/share/armor_detector/environment/library_path.dsv
[5.528s] -- Up-to-date: /home/lth/ros_ws/install/armor_detector/lib/libarmor_detector.so
[5.528s] -- Up-to-date: /home/lth/ros_ws/install/armor_detector/share/armor_detector/model
[5.529s] -- Up-to-date: /home/lth/ros_ws/install/armor_detector/share/armor_detector/model/mlp.onnx
[5.530s] -- Up-to-date: /home/lth/ros_ws/install/armor_detector/share/armor_detector/model/label.txt
[5.530s] -- Up-to-date: /home/lth/ros_ws/install/armor_detector/share/ament_index/resource_index/package_run_dependencies/armor_detector
[5.531s] -- Up-to-date: /home/lth/ros_ws/install/armor_detector/share/ament_index/resource_index/parent_prefix_path/armor_detector
[5.532s] -- Up-to-date: /home/lth/ros_ws/install/armor_detector/share/armor_detector/environment/ament_prefix_path.sh
[5.532s] -- Up-to-date: /home/lth/ros_ws/install/armor_detector/share/armor_detector/environment/ament_prefix_path.dsv
[5.533s] -- Up-to-date: /home/lth/ros_ws/install/armor_detector/share/armor_detector/environment/path.sh
[5.534s] -- Up-to-date: /home/lth/ros_ws/install/armor_detector/share/armor_detector/environment/path.dsv
[5.535s] -- Up-to-date: /home/lth/ros_ws/install/armor_detector/share/armor_detector/local_setup.bash
[5.536s] -- Up-to-date: /home/lth/ros_ws/install/armor_detector/share/armor_detector/local_setup.sh
[5.536s] -- Up-to-date: /home/lth/ros_ws/install/armor_detector/share/armor_detector/local_setup.zsh
[5.662s] -- Up-to-date: /home/lth/ros_ws/install/armor_detector/share/armor_detector/local_setup.dsv
[5.662s] -- Installing: /home/lth/ros_ws/install/armor_detector/share/armor_detector/package.dsv
[5.662s] -- Up-to-date: /home/lth/ros_ws/install/armor_detector/share/ament_index/resource_index/packages/armor_detector
[5.663s] -- Up-to-date: /home/lth/ros_ws/install/armor_detector/share/ament_index/resource_index/rclcpp_components/armor_detector
[5.663s] -- Up-to-date: /home/lth/ros_ws/install/armor_detector/share/armor_detector/cmake/ament_cmake_export_dependencies-extras.cmake
[5.664s] -- Up-to-date: /home/lth/ros_ws/install/armor_detector/share/armor_detector/cmake/ament_cmake_export_include_directories-extras.cmake
[5.664s] -- Up-to-date: /home/lth/ros_ws/install/armor_detector/share/armor_detector/cmake/ament_cmake_export_libraries-extras.cmake
[5.665s] -- Up-to-date: /home/lth/ros_ws/install/armor_detector/share/armor_detector/cmake/armor_detectorConfig.cmake
[5.665s] -- Up-to-date: /home/lth/ros_ws/install/armor_detector/share/armor_detector/cmake/armor_detectorConfig-version.cmake
[5.666s] -- Up-to-date: /home/lth/ros_ws/install/armor_detector/share/armor_detector/package.xml
[5.676s] Invoked command in '/home/lth/ros_ws/build/armor_detector' returned '0': CMAKE_PREFIX_PATH=/home/lth/ros_ws/install/auto_aim_interfaces:/home/lth/ros_ws/install/rm_vision_bringup:/home/lth/ros_ws/install/rm_serial_driver:/home/lth/ros_ws/install/rm_gimbal_description:/home/lth/ros_ws/install/rm_auto_aim:/home/lth/ros_ws/install/mindvision_camera:/home/lth/ros_ws/install/hik_camera:/home/lth/ros_ws/install/armor_tracker:/home/lth/ros_ws/install/armor_detector:/home/lth/dev_ws/install/learning_topic_cpp:/home/lth/dev_ws/install/learning_tf_cpp:/home/lth/dev_ws/install/learning_service_cpp:/home/lth/dev_ws/install/learning_pkg_c:/home/lth/dev_ws/install/learning_parameter_cpp:/home/lth/dev_ws/install/learning_node_cpp:/home/lth/dev_ws/install/learning_action_cpp:/home/lth/dev_ws/install/learning_interface:/home/lth/ros_ws/install/video_cam:/home/lth/dev_ws/install/learning_urdf:/home/lth/dev_ws/install/learning_topic:/home/lth/dev_ws/install/learning_tf:/home/lth/dev_ws/install/learning_service:/home/lth/dev_ws/install/learning_qos:/home/lth/dev_ws/install/learning_pkg_python:/home/lth/dev_ws/install/learning_parameter:/home/lth/dev_ws/install/learning_node:/home/lth/dev_ws/install/learning_launch:/home/lth/dev_ws/install/learning_action:/home/lth/dev_ws/install/learning_gazebo_fortress:/home/lth/dev_ws/install/learning_gazebo:/home/lth/dev_ws/install/learning_cv:/opt/ros/humble LD_LIBRARY_PATH=/home/lth/ros_ws/install/auto_aim_interfaces/lib:/home/lth/ros_ws/install/rm_serial_driver/lib:/home/lth/ros_ws/install/mindvision_camera/lib:/home/lth/ros_ws/install/hik_camera/lib:/home/lth/ros_ws/install/armor_tracker/lib:/home/lth/ros_ws/install/armor_detector/lib:/home/lth/dev_ws/install/learning_interface/lib:/opt/ros/humble/opt/rviz_ogre_vendor/lib:/opt/ros/humble/lib/x86_64-linux-gnu:/opt/ros/humble/lib /usr/bin/cmake --install /home/lth/ros_ws/build/armor_detector
