[0.448s] Invoking command in '/home/lth/ros_ws/build/rm_serial_driver': CMAKE_PREFIX_PATH=/home/lth/ros_ws/install/auto_aim_interfaces:/home/lth/ros_ws/install/rm_vision_bringup:/home/lth/ros_ws/install/rm_serial_driver:/home/lth/ros_ws/install/rm_gimbal_description:/home/lth/ros_ws/install/rm_auto_aim:/home/lth/ros_ws/install/mindvision_camera:/home/lth/ros_ws/install/hik_camera:/home/lth/ros_ws/install/armor_tracker:/home/lth/ros_ws/install/armor_detector:/home/lth/dev_ws/install/learning_topic_cpp:/home/lth/dev_ws/install/learning_tf_cpp:/home/lth/dev_ws/install/learning_service_cpp:/home/lth/dev_ws/install/learning_pkg_c:/home/lth/dev_ws/install/learning_parameter_cpp:/home/lth/dev_ws/install/learning_node_cpp:/home/lth/dev_ws/install/learning_action_cpp:/home/lth/dev_ws/install/learning_interface:/home/lth/ros_ws/install/video_cam:/home/lth/dev_ws/install/learning_urdf:/home/lth/dev_ws/install/learning_topic:/home/lth/dev_ws/install/learning_tf:/home/lth/dev_ws/install/learning_service:/home/lth/dev_ws/install/learning_qos:/home/lth/dev_ws/install/learning_pkg_python:/home/lth/dev_ws/install/learning_parameter:/home/lth/dev_ws/install/learning_node:/home/lth/dev_ws/install/learning_launch:/home/lth/dev_ws/install/learning_action:/home/lth/dev_ws/install/learning_gazebo_fortress:/home/lth/dev_ws/install/learning_gazebo:/home/lth/dev_ws/install/learning_cv:/opt/ros/humble LD_LIBRARY_PATH=/home/lth/ros_ws/install/auto_aim_interfaces/lib:/home/lth/ros_ws/install/rm_serial_driver/lib:/home/lth/ros_ws/install/mindvision_camera/lib:/home/lth/ros_ws/install/hik_camera/lib:/home/lth/ros_ws/install/armor_tracker/lib:/home/lth/ros_ws/install/armor_detector/lib:/home/lth/dev_ws/install/learning_interface/lib:/opt/ros/humble/opt/rviz_ogre_vendor/lib:/opt/ros/humble/lib/x86_64-linux-gnu:/opt/ros/humble/lib /usr/bin/cmake /home/lth/ros_ws/src/rm_serial_driver -DCMAKE_INSTALL_PREFIX=/home/lth/ros_ws/install/rm_serial_driver
[1.875s] -- The C compiler identification is GNU 11.4.0
[2.984s] -- The CXX compiler identification is GNU 11.4.0
[3.101s] -- Detecting C compiler ABI info
[4.807s] -- Detecting C compiler ABI info - done
[4.860s] -- Check for working C compiler: /usr/bin/cc - skipped
[4.861s] -- Detecting C compile features
[4.862s] -- Detecting C compile features - done
[4.890s] -- Detecting CXX compiler ABI info
[7.234s] -- Detecting CXX compiler ABI info - done
[7.386s] -- Check for working CXX compiler: /usr/bin/c++ - skipped
[7.386s] -- Detecting CXX compile features
[7.387s] -- Detecting CXX compile features - done
[7.518s] -- Found ament_cmake_auto: 1.3.9 (/opt/ros/humble/share/ament_cmake_auto/cmake)
[10.418s] -- Found Python3: /usr/bin/python3 (found version "3.10.12") found components: Interpreter 
[15.980s] -- Found rosidl_generator_c: 3.1.5 (/opt/ros/humble/share/rosidl_generator_c/cmake)
[16.258s] -- Found rosidl_adapter: 3.1.5 (/opt/ros/humble/share/rosidl_adapter/cmake)
[16.534s] -- Found rosidl_generator_cpp: 3.1.5 (/opt/ros/humble/share/rosidl_generator_cpp/cmake)
[16.941s] -- Using all available rosidl_typesupport_c: rosidl_typesupport_fastrtps_c;rosidl_typesupport_introspection_c
[17.642s] -- Using all available rosidl_typesupport_cpp: rosidl_typesupport_fastrtps_cpp;rosidl_typesupport_introspection_cpp
[19.708s] -- Found rmw_implementation_cmake: 6.1.2 (/opt/ros/humble/share/rmw_implementation_cmake/cmake)
[19.869s] -- Found rmw_fastrtps_cpp: 6.2.6 (/opt/ros/humble/share/rmw_fastrtps_cpp/cmake)
[23.152s] -- Found OpenSSL: /usr/lib/x86_64-linux-gnu/libcrypto.so (found version "3.0.2")  
[23.546s] -- Found FastRTPS: /opt/ros/humble/include  
[24.273s] -- Using RMW implementation 'rmw_fastrtps_cpp' as default
[24.665s] -- Looking for pthread.h
[26.395s] -- Looking for pthread.h - found
[26.395s] -- Performing Test CMAKE_HAVE_LIBC_PTHREAD
[27.815s] -- Performing Test CMAKE_HAVE_LIBC_PTHREAD - Success
[27.816s] -- Found Threads: TRUE  
[36.975s] -- Found eigen3_cmake_module: 0.1.1 (/opt/ros/humble/share/eigen3_cmake_module/cmake)
[36.998s] -- Found Eigen3: TRUE (found version "3.4.0") 
[36.999s] -- Ensuring Eigen3 include directory is part of orocos-kdl CMake target
[40.409s] -- Found ament_lint_auto: 0.12.11 (/opt/ros/humble/share/ament_lint_auto/cmake)
[42.636s] -- Added test 'cppcheck' to perform static code analysis on C / C++ code
[42.637s] -- Configured cppcheck include dirs: /home/lth/ros_ws/src/rm_serial_driver/include
[42.637s] -- Configured cppcheck exclude dirs and/or files: 
[42.840s] -- Added test 'cpplint' to check C / C++ code against the Google style
[42.841s] -- Configured cpplint exclude dirs and/or files: 
[42.954s] -- Added test 'flake8' to check Python code syntax and style conventions
[42.974s] -- Added test 'lint_cmake' to check CMake code style
[42.975s] -- Added test 'pep257' to check Python code against some of the docstring style conventions in PEP 257
[43.122s] -- Added test 'xmllint' to check XML markup files
[43.408s] -- Added test 'clang_format' to check C / C++ code style
[43.504s] -- Configuring done
[45.578s] -- Generating done
[45.945s] -- Build files have been written to: /home/lth/ros_ws/build/rm_serial_driver
[46.480s] Invoked command in '/home/lth/ros_ws/build/rm_serial_driver' returned '0': CMAKE_PREFIX_PATH=/home/lth/ros_ws/install/auto_aim_interfaces:/home/lth/ros_ws/install/rm_vision_bringup:/home/lth/ros_ws/install/rm_serial_driver:/home/lth/ros_ws/install/rm_gimbal_description:/home/lth/ros_ws/install/rm_auto_aim:/home/lth/ros_ws/install/mindvision_camera:/home/lth/ros_ws/install/hik_camera:/home/lth/ros_ws/install/armor_tracker:/home/lth/ros_ws/install/armor_detector:/home/lth/dev_ws/install/learning_topic_cpp:/home/lth/dev_ws/install/learning_tf_cpp:/home/lth/dev_ws/install/learning_service_cpp:/home/lth/dev_ws/install/learning_pkg_c:/home/lth/dev_ws/install/learning_parameter_cpp:/home/lth/dev_ws/install/learning_node_cpp:/home/lth/dev_ws/install/learning_action_cpp:/home/lth/dev_ws/install/learning_interface:/home/lth/ros_ws/install/video_cam:/home/lth/dev_ws/install/learning_urdf:/home/lth/dev_ws/install/learning_topic:/home/lth/dev_ws/install/learning_tf:/home/lth/dev_ws/install/learning_service:/home/lth/dev_ws/install/learning_qos:/home/lth/dev_ws/install/learning_pkg_python:/home/lth/dev_ws/install/learning_parameter:/home/lth/dev_ws/install/learning_node:/home/lth/dev_ws/install/learning_launch:/home/lth/dev_ws/install/learning_action:/home/lth/dev_ws/install/learning_gazebo_fortress:/home/lth/dev_ws/install/learning_gazebo:/home/lth/dev_ws/install/learning_cv:/opt/ros/humble LD_LIBRARY_PATH=/home/lth/ros_ws/install/auto_aim_interfaces/lib:/home/lth/ros_ws/install/rm_serial_driver/lib:/home/lth/ros_ws/install/mindvision_camera/lib:/home/lth/ros_ws/install/hik_camera/lib:/home/lth/ros_ws/install/armor_tracker/lib:/home/lth/ros_ws/install/armor_detector/lib:/home/lth/dev_ws/install/learning_interface/lib:/opt/ros/humble/opt/rviz_ogre_vendor/lib:/opt/ros/humble/lib/x86_64-linux-gnu:/opt/ros/humble/lib /usr/bin/cmake /home/lth/ros_ws/src/rm_serial_driver -DCMAKE_INSTALL_PREFIX=/home/lth/ros_ws/install/rm_serial_driver
[46.483s] Invoking command in '/home/lth/ros_ws/build/rm_serial_driver': CMAKE_PREFIX_PATH=/home/lth/ros_ws/install/auto_aim_interfaces:/home/lth/ros_ws/install/rm_vision_bringup:/home/lth/ros_ws/install/rm_serial_driver:/home/lth/ros_ws/install/rm_gimbal_description:/home/lth/ros_ws/install/rm_auto_aim:/home/lth/ros_ws/install/mindvision_camera:/home/lth/ros_ws/install/hik_camera:/home/lth/ros_ws/install/armor_tracker:/home/lth/ros_ws/install/armor_detector:/home/lth/dev_ws/install/learning_topic_cpp:/home/lth/dev_ws/install/learning_tf_cpp:/home/lth/dev_ws/install/learning_service_cpp:/home/lth/dev_ws/install/learning_pkg_c:/home/lth/dev_ws/install/learning_parameter_cpp:/home/lth/dev_ws/install/learning_node_cpp:/home/lth/dev_ws/install/learning_action_cpp:/home/lth/dev_ws/install/learning_interface:/home/lth/ros_ws/install/video_cam:/home/lth/dev_ws/install/learning_urdf:/home/lth/dev_ws/install/learning_topic:/home/lth/dev_ws/install/learning_tf:/home/lth/dev_ws/install/learning_service:/home/lth/dev_ws/install/learning_qos:/home/lth/dev_ws/install/learning_pkg_python:/home/lth/dev_ws/install/learning_parameter:/home/lth/dev_ws/install/learning_node:/home/lth/dev_ws/install/learning_launch:/home/lth/dev_ws/install/learning_action:/home/lth/dev_ws/install/learning_gazebo_fortress:/home/lth/dev_ws/install/learning_gazebo:/home/lth/dev_ws/install/learning_cv:/opt/ros/humble LD_LIBRARY_PATH=/home/lth/ros_ws/install/auto_aim_interfaces/lib:/home/lth/ros_ws/install/rm_serial_driver/lib:/home/lth/ros_ws/install/mindvision_camera/lib:/home/lth/ros_ws/install/hik_camera/lib:/home/lth/ros_ws/install/armor_tracker/lib:/home/lth/ros_ws/install/armor_detector/lib:/home/lth/dev_ws/install/learning_interface/lib:/opt/ros/humble/opt/rviz_ogre_vendor/lib:/opt/ros/humble/lib/x86_64-linux-gnu:/opt/ros/humble/lib /usr/bin/cmake --build /home/lth/ros_ws/build/rm_serial_driver -- -j16 -l16
[49.661s] [ 20%] [32mBuilding CXX object CMakeFiles/rm_serial_driver_node.dir/rclcpp_components/node_main_rm_serial_driver_node.cpp.o[0m
[49.903s] [ 40%] [32mBuilding CXX object CMakeFiles/rm_serial_driver.dir/src/rm_serial_driver.cpp.o[0m
[50.071s] [ 60%] [32mBuilding CXX object CMakeFiles/rm_serial_driver.dir/src/crc.cpp.o[0m
[60.080s] [ 80%] [32m[1mLinking CXX executable rm_serial_driver_node[0m
[62.550s] [ 80%] Built target rm_serial_driver_node
[155.507s] [100%] [32m[1mLinking CXX shared library librm_serial_driver.so[0m
[161.820s] [100%] Built target rm_serial_driver
[162.428s] Invoked command in '/home/lth/ros_ws/build/rm_serial_driver' returned '0': CMAKE_PREFIX_PATH=/home/lth/ros_ws/install/auto_aim_interfaces:/home/lth/ros_ws/install/rm_vision_bringup:/home/lth/ros_ws/install/rm_serial_driver:/home/lth/ros_ws/install/rm_gimbal_description:/home/lth/ros_ws/install/rm_auto_aim:/home/lth/ros_ws/install/mindvision_camera:/home/lth/ros_ws/install/hik_camera:/home/lth/ros_ws/install/armor_tracker:/home/lth/ros_ws/install/armor_detector:/home/lth/dev_ws/install/learning_topic_cpp:/home/lth/dev_ws/install/learning_tf_cpp:/home/lth/dev_ws/install/learning_service_cpp:/home/lth/dev_ws/install/learning_pkg_c:/home/lth/dev_ws/install/learning_parameter_cpp:/home/lth/dev_ws/install/learning_node_cpp:/home/lth/dev_ws/install/learning_action_cpp:/home/lth/dev_ws/install/learning_interface:/home/lth/ros_ws/install/video_cam:/home/lth/dev_ws/install/learning_urdf:/home/lth/dev_ws/install/learning_topic:/home/lth/dev_ws/install/learning_tf:/home/lth/dev_ws/install/learning_service:/home/lth/dev_ws/install/learning_qos:/home/lth/dev_ws/install/learning_pkg_python:/home/lth/dev_ws/install/learning_parameter:/home/lth/dev_ws/install/learning_node:/home/lth/dev_ws/install/learning_launch:/home/lth/dev_ws/install/learning_action:/home/lth/dev_ws/install/learning_gazebo_fortress:/home/lth/dev_ws/install/learning_gazebo:/home/lth/dev_ws/install/learning_cv:/opt/ros/humble LD_LIBRARY_PATH=/home/lth/ros_ws/install/auto_aim_interfaces/lib:/home/lth/ros_ws/install/rm_serial_driver/lib:/home/lth/ros_ws/install/mindvision_camera/lib:/home/lth/ros_ws/install/hik_camera/lib:/home/lth/ros_ws/install/armor_tracker/lib:/home/lth/ros_ws/install/armor_detector/lib:/home/lth/dev_ws/install/learning_interface/lib:/opt/ros/humble/opt/rviz_ogre_vendor/lib:/opt/ros/humble/lib/x86_64-linux-gnu:/opt/ros/humble/lib /usr/bin/cmake --build /home/lth/ros_ws/build/rm_serial_driver -- -j16 -l16
[164.913s] Invoking command in '/home/lth/ros_ws/build/rm_serial_driver': CMAKE_PREFIX_PATH=/home/lth/ros_ws/install/auto_aim_interfaces:/home/lth/ros_ws/install/rm_vision_bringup:/home/lth/ros_ws/install/rm_serial_driver:/home/lth/ros_ws/install/rm_gimbal_description:/home/lth/ros_ws/install/rm_auto_aim:/home/lth/ros_ws/install/mindvision_camera:/home/lth/ros_ws/install/hik_camera:/home/lth/ros_ws/install/armor_tracker:/home/lth/ros_ws/install/armor_detector:/home/lth/dev_ws/install/learning_topic_cpp:/home/lth/dev_ws/install/learning_tf_cpp:/home/lth/dev_ws/install/learning_service_cpp:/home/lth/dev_ws/install/learning_pkg_c:/home/lth/dev_ws/install/learning_parameter_cpp:/home/lth/dev_ws/install/learning_node_cpp:/home/lth/dev_ws/install/learning_action_cpp:/home/lth/dev_ws/install/learning_interface:/home/lth/ros_ws/install/video_cam:/home/lth/dev_ws/install/learning_urdf:/home/lth/dev_ws/install/learning_topic:/home/lth/dev_ws/install/learning_tf:/home/lth/dev_ws/install/learning_service:/home/lth/dev_ws/install/learning_qos:/home/lth/dev_ws/install/learning_pkg_python:/home/lth/dev_ws/install/learning_parameter:/home/lth/dev_ws/install/learning_node:/home/lth/dev_ws/install/learning_launch:/home/lth/dev_ws/install/learning_action:/home/lth/dev_ws/install/learning_gazebo_fortress:/home/lth/dev_ws/install/learning_gazebo:/home/lth/dev_ws/install/learning_cv:/opt/ros/humble LD_LIBRARY_PATH=/home/lth/ros_ws/install/auto_aim_interfaces/lib:/home/lth/ros_ws/install/rm_serial_driver/lib:/home/lth/ros_ws/install/mindvision_camera/lib:/home/lth/ros_ws/install/hik_camera/lib:/home/lth/ros_ws/install/armor_tracker/lib:/home/lth/ros_ws/install/armor_detector/lib:/home/lth/dev_ws/install/learning_interface/lib:/opt/ros/humble/opt/rviz_ogre_vendor/lib:/opt/ros/humble/lib/x86_64-linux-gnu:/opt/ros/humble/lib /usr/bin/cmake --install /home/lth/ros_ws/build/rm_serial_driver
[164.983s] -- Install configuration: ""
[164.983s] -- Installing: /home/lth/ros_ws/install/rm_serial_driver/lib/rm_serial_driver/rm_serial_driver_node
[165.019s] -- Set runtime path of "/home/lth/ros_ws/install/rm_serial_driver/lib/rm_serial_driver/rm_serial_driver_node" to ""
[165.019s] -- Installing: /home/lth/ros_ws/install/rm_serial_driver/include
[165.020s] -- Installing: /home/lth/ros_ws/install/rm_serial_driver/include/rm_serial_driver
[165.020s] -- Installing: /home/lth/ros_ws/install/rm_serial_driver/include/rm_serial_driver/packet.hpp
[165.021s] -- Installing: /home/lth/ros_ws/install/rm_serial_driver/include/rm_serial_driver/rm_serial_driver.hpp
[165.022s] -- Installing: /home/lth/ros_ws/install/rm_serial_driver/include/rm_serial_driver/crc.hpp
[165.023s] -- Installing: /home/lth/ros_ws/install/rm_serial_driver/share/rm_serial_driver/environment/library_path.sh
[165.024s] -- Installing: /home/lth/ros_ws/install/rm_serial_driver/share/rm_serial_driver/environment/library_path.dsv
[165.025s] -- Installing: /home/lth/ros_ws/install/rm_serial_driver/lib/librm_serial_driver.so
[165.046s] -- Set runtime path of "/home/lth/ros_ws/install/rm_serial_driver/lib/librm_serial_driver.so" to ""
[165.047s] -- Installing: /home/lth/ros_ws/install/rm_serial_driver/share/rm_serial_driver/config
[165.049s] -- Installing: /home/lth/ros_ws/install/rm_serial_driver/share/rm_serial_driver/config/serial_driver.yaml
[165.050s] -- Installing: /home/lth/ros_ws/install/rm_serial_driver/share/rm_serial_driver/launch
[165.050s] -- Installing: /home/lth/ros_ws/install/rm_serial_driver/share/rm_serial_driver/launch/serial_driver.launch.py
[165.051s] -- Installing: /home/lth/ros_ws/install/rm_serial_driver/share/ament_index/resource_index/package_run_dependencies/rm_serial_driver
[165.052s] -- Installing: /home/lth/ros_ws/install/rm_serial_driver/share/ament_index/resource_index/parent_prefix_path/rm_serial_driver
[165.053s] -- Installing: /home/lth/ros_ws/install/rm_serial_driver/share/rm_serial_driver/environment/ament_prefix_path.sh
[165.054s] -- Installing: /home/lth/ros_ws/install/rm_serial_driver/share/rm_serial_driver/environment/ament_prefix_path.dsv
[165.054s] -- Installing: /home/lth/ros_ws/install/rm_serial_driver/share/rm_serial_driver/environment/path.sh
[165.055s] -- Installing: /home/lth/ros_ws/install/rm_serial_driver/share/rm_serial_driver/environment/path.dsv
[165.055s] -- Installing: /home/lth/ros_ws/install/rm_serial_driver/share/rm_serial_driver/local_setup.bash
[165.056s] -- Installing: /home/lth/ros_ws/install/rm_serial_driver/share/rm_serial_driver/local_setup.sh
[165.057s] -- Installing: /home/lth/ros_ws/install/rm_serial_driver/share/rm_serial_driver/local_setup.zsh
[165.057s] -- Installing: /home/lth/ros_ws/install/rm_serial_driver/share/rm_serial_driver/local_setup.dsv
[165.058s] -- Installing: /home/lth/ros_ws/install/rm_serial_driver/share/rm_serial_driver/package.dsv
[165.059s] -- Installing: /home/lth/ros_ws/install/rm_serial_driver/share/ament_index/resource_index/packages/rm_serial_driver
[165.059s] -- Installing: /home/lth/ros_ws/install/rm_serial_driver/share/ament_index/resource_index/rclcpp_components/rm_serial_driver
[165.059s] -- Installing: /home/lth/ros_ws/install/rm_serial_driver/share/rm_serial_driver/cmake/ament_cmake_export_dependencies-extras.cmake
[165.060s] -- Installing: /home/lth/ros_ws/install/rm_serial_driver/share/rm_serial_driver/cmake/ament_cmake_export_include_directories-extras.cmake
[165.061s] -- Installing: /home/lth/ros_ws/install/rm_serial_driver/share/rm_serial_driver/cmake/ament_cmake_export_libraries-extras.cmake
[165.061s] -- Installing: /home/lth/ros_ws/install/rm_serial_driver/share/rm_serial_driver/cmake/rm_serial_driverConfig.cmake
[165.062s] -- Installing: /home/lth/ros_ws/install/rm_serial_driver/share/rm_serial_driver/cmake/rm_serial_driverConfig-version.cmake
[165.063s] -- Installing: /home/lth/ros_ws/install/rm_serial_driver/share/rm_serial_driver/package.xml
[165.378s] Invoked command in '/home/lth/ros_ws/build/rm_serial_driver' returned '0': CMAKE_PREFIX_PATH=/home/lth/ros_ws/install/auto_aim_interfaces:/home/lth/ros_ws/install/rm_vision_bringup:/home/lth/ros_ws/install/rm_serial_driver:/home/lth/ros_ws/install/rm_gimbal_description:/home/lth/ros_ws/install/rm_auto_aim:/home/lth/ros_ws/install/mindvision_camera:/home/lth/ros_ws/install/hik_camera:/home/lth/ros_ws/install/armor_tracker:/home/lth/ros_ws/install/armor_detector:/home/lth/dev_ws/install/learning_topic_cpp:/home/lth/dev_ws/install/learning_tf_cpp:/home/lth/dev_ws/install/learning_service_cpp:/home/lth/dev_ws/install/learning_pkg_c:/home/lth/dev_ws/install/learning_parameter_cpp:/home/lth/dev_ws/install/learning_node_cpp:/home/lth/dev_ws/install/learning_action_cpp:/home/lth/dev_ws/install/learning_interface:/home/lth/ros_ws/install/video_cam:/home/lth/dev_ws/install/learning_urdf:/home/lth/dev_ws/install/learning_topic:/home/lth/dev_ws/install/learning_tf:/home/lth/dev_ws/install/learning_service:/home/lth/dev_ws/install/learning_qos:/home/lth/dev_ws/install/learning_pkg_python:/home/lth/dev_ws/install/learning_parameter:/home/lth/dev_ws/install/learning_node:/home/lth/dev_ws/install/learning_launch:/home/lth/dev_ws/install/learning_action:/home/lth/dev_ws/install/learning_gazebo_fortress:/home/lth/dev_ws/install/learning_gazebo:/home/lth/dev_ws/install/learning_cv:/opt/ros/humble LD_LIBRARY_PATH=/home/lth/ros_ws/install/auto_aim_interfaces/lib:/home/lth/ros_ws/install/rm_serial_driver/lib:/home/lth/ros_ws/install/mindvision_camera/lib:/home/lth/ros_ws/install/hik_camera/lib:/home/lth/ros_ws/install/armor_tracker/lib:/home/lth/ros_ws/install/armor_detector/lib:/home/lth/dev_ws/install/learning_interface/lib:/opt/ros/humble/opt/rviz_ogre_vendor/lib:/opt/ros/humble/lib/x86_64-linux-gnu:/opt/ros/humble/lib /usr/bin/cmake --install /home/lth/ros_ws/build/rm_serial_driver
