[0.809s] DEBUG:colcon:Command line arguments: ['/usr/bin/colcon', 'build', '--packages-select', 'video_cam']
[0.809s] DEBUG:colcon:Parsed command line arguments: Namespace(log_base=None, log_level=None, verb_name='build', build_base='build', install_base='install', merge_install=False, symlink_install=False, test_result_base=None, continue_on_error=False, executor='parallel', parallel_workers=16, event_handlers=None, ignore_user_meta=False, metas=['./colcon.meta'], base_paths=['.'], packages_ignore=None, packages_ignore_regex=None, paths=None, packages_up_to=None, packages_up_to_regex=None, packages_above=None, packages_above_and_dependencies=None, packages_above_depth=None, packages_select_by_dep=None, packages_skip_by_dep=None, packages_skip_up_to=None, packages_select_build_failed=False, packages_skip_build_finished=False, packages_select_test_failures=False, packages_skip_test_passed=False, packages_select=['video_cam'], packages_skip=None, packages_select_regex=None, packages_skip_regex=None, packages_start=None, packages_end=None, allow_overriding=[], cmake_args=None, cmake_target=None, cmake_target_skip_unavailable=False, cmake_clean_cache=False, cmake_clean_first=False, cmake_force_configure=False, ament_cmake_args=None, catkin_cmake_args=None, catkin_skip_building_tests=False, verb_parser=<colcon_defaults.argument_parser.defaults.DefaultArgumentsDecorator object at 0x75e220a32ad0>, verb_extension=<colcon_core.verb.build.BuildVerb object at 0x75e220a321a0>, main=<bound method BuildVerb.main of <colcon_core.verb.build.BuildVerb object at 0x75e220a321a0>>)
[2.213s] Level 1:colcon.colcon_core.package_discovery:discover_packages(colcon_meta) check parameters
[2.214s] Level 1:colcon.colcon_core.package_discovery:discover_packages(recursive) check parameters
[2.215s] Level 1:colcon.colcon_core.package_discovery:discover_packages(ignore) check parameters
[2.215s] Level 1:colcon.colcon_core.package_discovery:discover_packages(path) check parameters
[2.215s] Level 1:colcon.colcon_core.package_discovery:discover_packages(colcon_meta) discover
[2.216s] Level 1:colcon.colcon_core.package_discovery:discover_packages(recursive) discover
[2.216s] INFO:colcon.colcon_core.package_discovery:Crawling recursively for packages in '/home/lth/ros_ws'
[2.217s] Level 1:colcon.colcon_core.package_identification:_identify(.) by extensions ['ignore', 'ignore_ament_install']
[2.217s] Level 1:colcon.colcon_core.package_identification:_identify(.) by extension 'ignore'
[2.218s] Level 1:colcon.colcon_core.package_identification:_identify(.) by extension 'ignore_ament_install'
[2.218s] Level 1:colcon.colcon_core.package_identification:_identify(.) by extensions ['colcon_pkg']
[2.219s] Level 1:colcon.colcon_core.package_identification:_identify(.) by extension 'colcon_pkg'
[2.219s] Level 1:colcon.colcon_core.package_identification:_identify(.) by extensions ['colcon_meta']
[2.219s] Level 1:colcon.colcon_core.package_identification:_identify(.) by extension 'colcon_meta'
[2.220s] Level 1:colcon.colcon_core.package_identification:_identify(.) by extensions ['ros']
[2.221s] Level 1:colcon.colcon_core.package_identification:_identify(.) by extension 'ros'
[2.304s] Level 1:colcon.colcon_core.package_identification:_identify(.) by extensions ['cmake', 'python']
[2.304s] Level 1:colcon.colcon_core.package_identification:_identify(.) by extension 'cmake'
[2.305s] Level 1:colcon.colcon_core.package_identification:_identify(.) by extension 'python'
[2.305s] Level 1:colcon.colcon_core.package_identification:_identify(.) by extensions ['python_setup_py']
[2.305s] Level 1:colcon.colcon_core.package_identification:_identify(.) by extension 'python_setup_py'
[2.306s] Level 1:colcon.colcon_core.package_identification:_identify(build) by extensions ['ignore', 'ignore_ament_install']
[2.307s] Level 1:colcon.colcon_core.package_identification:_identify(build) by extension 'ignore'
[2.307s] Level 1:colcon.colcon_core.package_identification:_identify(build) ignored
[2.309s] Level 1:colcon.colcon_core.package_identification:_identify(install) by extensions ['ignore', 'ignore_ament_install']
[2.310s] Level 1:colcon.colcon_core.package_identification:_identify(install) by extension 'ignore'
[2.310s] Level 1:colcon.colcon_core.package_identification:_identify(install) ignored
[2.311s] Level 1:colcon.colcon_core.package_identification:_identify(log) by extensions ['ignore', 'ignore_ament_install']
[2.312s] Level 1:colcon.colcon_core.package_identification:_identify(log) by extension 'ignore'
[2.312s] Level 1:colcon.colcon_core.package_identification:_identify(log) ignored
[2.313s] Level 1:colcon.colcon_core.package_identification:_identify(src) by extensions ['ignore', 'ignore_ament_install']
[2.314s] Level 1:colcon.colcon_core.package_identification:_identify(src) by extension 'ignore'
[2.314s] Level 1:colcon.colcon_core.package_identification:_identify(src) by extension 'ignore_ament_install'
[2.315s] Level 1:colcon.colcon_core.package_identification:_identify(src) by extensions ['colcon_pkg']
[2.315s] Level 1:colcon.colcon_core.package_identification:_identify(src) by extension 'colcon_pkg'
[2.315s] Level 1:colcon.colcon_core.package_identification:_identify(src) by extensions ['colcon_meta']
[2.315s] Level 1:colcon.colcon_core.package_identification:_identify(src) by extension 'colcon_meta'
[2.316s] Level 1:colcon.colcon_core.package_identification:_identify(src) by extensions ['ros']
[2.316s] Level 1:colcon.colcon_core.package_identification:_identify(src) by extension 'ros'
[2.317s] Level 1:colcon.colcon_core.package_identification:_identify(src) by extensions ['cmake', 'python']
[2.317s] Level 1:colcon.colcon_core.package_identification:_identify(src) by extension 'cmake'
[2.318s] Level 1:colcon.colcon_core.package_identification:_identify(src) by extension 'python'
[2.318s] Level 1:colcon.colcon_core.package_identification:_identify(src) by extensions ['python_setup_py']
[2.318s] Level 1:colcon.colcon_core.package_identification:_identify(src) by extension 'python_setup_py'
[2.319s] Level 1:colcon.colcon_core.package_identification:_identify(src/rm_auto_aim) by extensions ['ignore', 'ignore_ament_install']
[2.320s] Level 1:colcon.colcon_core.package_identification:_identify(src/rm_auto_aim) by extension 'ignore'
[2.320s] Level 1:colcon.colcon_core.package_identification:_identify(src/rm_auto_aim) by extension 'ignore_ament_install'
[2.321s] Level 1:colcon.colcon_core.package_identification:_identify(src/rm_auto_aim) by extensions ['colcon_pkg']
[2.321s] Level 1:colcon.colcon_core.package_identification:_identify(src/rm_auto_aim) by extension 'colcon_pkg'
[2.321s] Level 1:colcon.colcon_core.package_identification:_identify(src/rm_auto_aim) by extensions ['colcon_meta']
[2.322s] Level 1:colcon.colcon_core.package_identification:_identify(src/rm_auto_aim) by extension 'colcon_meta'
[2.322s] Level 1:colcon.colcon_core.package_identification:_identify(src/rm_auto_aim) by extensions ['ros']
[2.323s] Level 1:colcon.colcon_core.package_identification:_identify(src/rm_auto_aim) by extension 'ros'
[2.323s] Level 1:colcon.colcon_core.package_identification:_identify(src/rm_auto_aim) by extensions ['cmake', 'python']
[2.324s] Level 1:colcon.colcon_core.package_identification:_identify(src/rm_auto_aim) by extension 'cmake'
[2.324s] Level 1:colcon.colcon_core.package_identification:_identify(src/rm_auto_aim) by extension 'python'
[2.324s] Level 1:colcon.colcon_core.package_identification:_identify(src/rm_auto_aim) by extensions ['python_setup_py']
[2.325s] Level 1:colcon.colcon_core.package_identification:_identify(src/rm_auto_aim) by extension 'python_setup_py'
[2.325s] Level 1:colcon.colcon_core.package_identification:_identify(src/rm_auto_aim/armor_detector) by extensions ['ignore', 'ignore_ament_install']
[2.327s] Level 1:colcon.colcon_core.package_identification:_identify(src/rm_auto_aim/armor_detector) by extension 'ignore'
[2.327s] Level 1:colcon.colcon_core.package_identification:_identify(src/rm_auto_aim/armor_detector) by extension 'ignore_ament_install'
[2.328s] Level 1:colcon.colcon_core.package_identification:_identify(src/rm_auto_aim/armor_detector) by extensions ['colcon_pkg']
[2.328s] Level 1:colcon.colcon_core.package_identification:_identify(src/rm_auto_aim/armor_detector) by extension 'colcon_pkg'
[2.328s] Level 1:colcon.colcon_core.package_identification:_identify(src/rm_auto_aim/armor_detector) by extensions ['colcon_meta']
[2.328s] Level 1:colcon.colcon_core.package_identification:_identify(src/rm_auto_aim/armor_detector) by extension 'colcon_meta'
[2.329s] Level 1:colcon.colcon_core.package_identification:_identify(src/rm_auto_aim/armor_detector) by extensions ['ros']
[2.329s] Level 1:colcon.colcon_core.package_identification:_identify(src/rm_auto_aim/armor_detector) by extension 'ros'
[2.344s] DEBUG:colcon.colcon_core.package_identification:Package 'src/rm_auto_aim/armor_detector' with type 'ros.ament_cmake' and name 'armor_detector'
[2.345s] Level 1:colcon.colcon_core.package_identification:_identify(src/rm_auto_aim/armor_tracker) by extensions ['ignore', 'ignore_ament_install']
[2.345s] Level 1:colcon.colcon_core.package_identification:_identify(src/rm_auto_aim/armor_tracker) by extension 'ignore'
[2.346s] Level 1:colcon.colcon_core.package_identification:_identify(src/rm_auto_aim/armor_tracker) by extension 'ignore_ament_install'
[2.346s] Level 1:colcon.colcon_core.package_identification:_identify(src/rm_auto_aim/armor_tracker) by extensions ['colcon_pkg']
[2.347s] Level 1:colcon.colcon_core.package_identification:_identify(src/rm_auto_aim/armor_tracker) by extension 'colcon_pkg'
[2.347s] Level 1:colcon.colcon_core.package_identification:_identify(src/rm_auto_aim/armor_tracker) by extensions ['colcon_meta']
[2.347s] Level 1:colcon.colcon_core.package_identification:_identify(src/rm_auto_aim/armor_tracker) by extension 'colcon_meta'
[2.348s] Level 1:colcon.colcon_core.package_identification:_identify(src/rm_auto_aim/armor_tracker) by extensions ['ros']
[2.348s] Level 1:colcon.colcon_core.package_identification:_identify(src/rm_auto_aim/armor_tracker) by extension 'ros'
[2.353s] DEBUG:colcon.colcon_core.package_identification:Package 'src/rm_auto_aim/armor_tracker' with type 'ros.ament_cmake' and name 'armor_tracker'
[2.354s] Level 1:colcon.colcon_core.package_identification:_identify(src/rm_auto_aim/auto_aim_interfaces) by extensions ['ignore', 'ignore_ament_install']
[2.354s] Level 1:colcon.colcon_core.package_identification:_identify(src/rm_auto_aim/auto_aim_interfaces) by extension 'ignore'
[2.355s] Level 1:colcon.colcon_core.package_identification:_identify(src/rm_auto_aim/auto_aim_interfaces) by extension 'ignore_ament_install'
[2.355s] Level 1:colcon.colcon_core.package_identification:_identify(src/rm_auto_aim/auto_aim_interfaces) by extensions ['colcon_pkg']
[2.356s] Level 1:colcon.colcon_core.package_identification:_identify(src/rm_auto_aim/auto_aim_interfaces) by extension 'colcon_pkg'
[2.356s] Level 1:colcon.colcon_core.package_identification:_identify(src/rm_auto_aim/auto_aim_interfaces) by extensions ['colcon_meta']
[2.356s] Level 1:colcon.colcon_core.package_identification:_identify(src/rm_auto_aim/auto_aim_interfaces) by extension 'colcon_meta'
[2.357s] Level 1:colcon.colcon_core.package_identification:_identify(src/rm_auto_aim/auto_aim_interfaces) by extensions ['ros']
[2.357s] Level 1:colcon.colcon_core.package_identification:_identify(src/rm_auto_aim/auto_aim_interfaces) by extension 'ros'
[2.360s] DEBUG:colcon.colcon_core.package_identification:Package 'src/rm_auto_aim/auto_aim_interfaces' with type 'ros.ament_cmake' and name 'auto_aim_interfaces'
[2.361s] Level 1:colcon.colcon_core.package_identification:_identify(src/rm_auto_aim/docs) by extensions ['ignore', 'ignore_ament_install']
[2.361s] Level 1:colcon.colcon_core.package_identification:_identify(src/rm_auto_aim/docs) by extension 'ignore'
[2.362s] Level 1:colcon.colcon_core.package_identification:_identify(src/rm_auto_aim/docs) by extension 'ignore_ament_install'
[2.363s] Level 1:colcon.colcon_core.package_identification:_identify(src/rm_auto_aim/docs) by extensions ['colcon_pkg']
[2.363s] Level 1:colcon.colcon_core.package_identification:_identify(src/rm_auto_aim/docs) by extension 'colcon_pkg'
[2.364s] Level 1:colcon.colcon_core.package_identification:_identify(src/rm_auto_aim/docs) by extensions ['colcon_meta']
[2.364s] Level 1:colcon.colcon_core.package_identification:_identify(src/rm_auto_aim/docs) by extension 'colcon_meta'
[2.364s] Level 1:colcon.colcon_core.package_identification:_identify(src/rm_auto_aim/docs) by extensions ['ros']
[2.365s] Level 1:colcon.colcon_core.package_identification:_identify(src/rm_auto_aim/docs) by extension 'ros'
[2.365s] Level 1:colcon.colcon_core.package_identification:_identify(src/rm_auto_aim/docs) by extensions ['cmake', 'python']
[2.366s] Level 1:colcon.colcon_core.package_identification:_identify(src/rm_auto_aim/docs) by extension 'cmake'
[2.366s] Level 1:colcon.colcon_core.package_identification:_identify(src/rm_auto_aim/docs) by extension 'python'
[2.367s] Level 1:colcon.colcon_core.package_identification:_identify(src/rm_auto_aim/docs) by extensions ['python_setup_py']
[2.367s] Level 1:colcon.colcon_core.package_identification:_identify(src/rm_auto_aim/docs) by extension 'python_setup_py'
[2.368s] Level 1:colcon.colcon_core.package_identification:_identify(src/rm_auto_aim/rm_auto_aim) by extensions ['ignore', 'ignore_ament_install']
[2.368s] Level 1:colcon.colcon_core.package_identification:_identify(src/rm_auto_aim/rm_auto_aim) by extension 'ignore'
[2.369s] Level 1:colcon.colcon_core.package_identification:_identify(src/rm_auto_aim/rm_auto_aim) by extension 'ignore_ament_install'
[2.370s] Level 1:colcon.colcon_core.package_identification:_identify(src/rm_auto_aim/rm_auto_aim) by extensions ['colcon_pkg']
[2.370s] Level 1:colcon.colcon_core.package_identification:_identify(src/rm_auto_aim/rm_auto_aim) by extension 'colcon_pkg'
[2.371s] Level 1:colcon.colcon_core.package_identification:_identify(src/rm_auto_aim/rm_auto_aim) by extensions ['colcon_meta']
[2.371s] Level 1:colcon.colcon_core.package_identification:_identify(src/rm_auto_aim/rm_auto_aim) by extension 'colcon_meta'
[2.372s] Level 1:colcon.colcon_core.package_identification:_identify(src/rm_auto_aim/rm_auto_aim) by extensions ['ros']
[2.372s] Level 1:colcon.colcon_core.package_identification:_identify(src/rm_auto_aim/rm_auto_aim) by extension 'ros'
[2.375s] DEBUG:colcon.colcon_core.package_identification:Package 'src/rm_auto_aim/rm_auto_aim' with type 'ros.ament_cmake' and name 'rm_auto_aim'
[2.376s] Level 1:colcon.colcon_core.package_identification:_identify(src/rm_gimbal_description) by extensions ['ignore', 'ignore_ament_install']
[2.376s] Level 1:colcon.colcon_core.package_identification:_identify(src/rm_gimbal_description) by extension 'ignore'
[2.377s] Level 1:colcon.colcon_core.package_identification:_identify(src/rm_gimbal_description) by extension 'ignore_ament_install'
[2.377s] Level 1:colcon.colcon_core.package_identification:_identify(src/rm_gimbal_description) by extensions ['colcon_pkg']
[2.378s] Level 1:colcon.colcon_core.package_identification:_identify(src/rm_gimbal_description) by extension 'colcon_pkg'
[2.378s] Level 1:colcon.colcon_core.package_identification:_identify(src/rm_gimbal_description) by extensions ['colcon_meta']
[2.379s] Level 1:colcon.colcon_core.package_identification:_identify(src/rm_gimbal_description) by extension 'colcon_meta'
[2.379s] Level 1:colcon.colcon_core.package_identification:_identify(src/rm_gimbal_description) by extensions ['ros']
[2.379s] Level 1:colcon.colcon_core.package_identification:_identify(src/rm_gimbal_description) by extension 'ros'
[2.382s] DEBUG:colcon.colcon_core.package_identification:Package 'src/rm_gimbal_description' with type 'ros.ament_cmake' and name 'rm_gimbal_description'
[2.383s] Level 1:colcon.colcon_core.package_identification:_identify(src/rm_serial_driver) by extensions ['ignore', 'ignore_ament_install']
[2.383s] Level 1:colcon.colcon_core.package_identification:_identify(src/rm_serial_driver) by extension 'ignore'
[2.384s] Level 1:colcon.colcon_core.package_identification:_identify(src/rm_serial_driver) by extension 'ignore_ament_install'
[2.384s] Level 1:colcon.colcon_core.package_identification:_identify(src/rm_serial_driver) by extensions ['colcon_pkg']
[2.385s] Level 1:colcon.colcon_core.package_identification:_identify(src/rm_serial_driver) by extension 'colcon_pkg'
[2.385s] Level 1:colcon.colcon_core.package_identification:_identify(src/rm_serial_driver) by extensions ['colcon_meta']
[2.385s] Level 1:colcon.colcon_core.package_identification:_identify(src/rm_serial_driver) by extension 'colcon_meta'
[2.386s] Level 1:colcon.colcon_core.package_identification:_identify(src/rm_serial_driver) by extensions ['ros']
[2.386s] Level 1:colcon.colcon_core.package_identification:_identify(src/rm_serial_driver) by extension 'ros'
[2.391s] DEBUG:colcon.colcon_core.package_identification:Package 'src/rm_serial_driver' with type 'ros.ament_cmake' and name 'rm_serial_driver'
[2.392s] Level 1:colcon.colcon_core.package_identification:_identify(src/rm_vision) by extensions ['ignore', 'ignore_ament_install']
[2.392s] Level 1:colcon.colcon_core.package_identification:_identify(src/rm_vision) by extension 'ignore'
[2.393s] Level 1:colcon.colcon_core.package_identification:_identify(src/rm_vision) by extension 'ignore_ament_install'
[2.393s] Level 1:colcon.colcon_core.package_identification:_identify(src/rm_vision) by extensions ['colcon_pkg']
[2.394s] Level 1:colcon.colcon_core.package_identification:_identify(src/rm_vision) by extension 'colcon_pkg'
[2.394s] Level 1:colcon.colcon_core.package_identification:_identify(src/rm_vision) by extensions ['colcon_meta']
[2.395s] Level 1:colcon.colcon_core.package_identification:_identify(src/rm_vision) by extension 'colcon_meta'
[2.395s] Level 1:colcon.colcon_core.package_identification:_identify(src/rm_vision) by extensions ['ros']
[2.396s] Level 1:colcon.colcon_core.package_identification:_identify(src/rm_vision) by extension 'ros'
[2.396s] Level 1:colcon.colcon_core.package_identification:_identify(src/rm_vision) by extensions ['cmake', 'python']
[2.397s] Level 1:colcon.colcon_core.package_identification:_identify(src/rm_vision) by extension 'cmake'
[2.397s] Level 1:colcon.colcon_core.package_identification:_identify(src/rm_vision) by extension 'python'
[2.397s] Level 1:colcon.colcon_core.package_identification:_identify(src/rm_vision) by extensions ['python_setup_py']
[2.398s] Level 1:colcon.colcon_core.package_identification:_identify(src/rm_vision) by extension 'python_setup_py'
[2.399s] Level 1:colcon.colcon_core.package_identification:_identify(src/rm_vision/docs) by extensions ['ignore', 'ignore_ament_install']
[2.400s] Level 1:colcon.colcon_core.package_identification:_identify(src/rm_vision/docs) by extension 'ignore'
[2.400s] Level 1:colcon.colcon_core.package_identification:_identify(src/rm_vision/docs) by extension 'ignore_ament_install'
[2.401s] Level 1:colcon.colcon_core.package_identification:_identify(src/rm_vision/docs) by extensions ['colcon_pkg']
[2.401s] Level 1:colcon.colcon_core.package_identification:_identify(src/rm_vision/docs) by extension 'colcon_pkg'
[2.401s] Level 1:colcon.colcon_core.package_identification:_identify(src/rm_vision/docs) by extensions ['colcon_meta']
[2.402s] Level 1:colcon.colcon_core.package_identification:_identify(src/rm_vision/docs) by extension 'colcon_meta'
[2.402s] Level 1:colcon.colcon_core.package_identification:_identify(src/rm_vision/docs) by extensions ['ros']
[2.403s] Level 1:colcon.colcon_core.package_identification:_identify(src/rm_vision/docs) by extension 'ros'
[2.404s] Level 1:colcon.colcon_core.package_identification:_identify(src/rm_vision/docs) by extensions ['cmake', 'python']
[2.404s] Level 1:colcon.colcon_core.package_identification:_identify(src/rm_vision/docs) by extension 'cmake'
[2.404s] Level 1:colcon.colcon_core.package_identification:_identify(src/rm_vision/docs) by extension 'python'
[2.405s] Level 1:colcon.colcon_core.package_identification:_identify(src/rm_vision/docs) by extensions ['python_setup_py']
[2.405s] Level 1:colcon.colcon_core.package_identification:_identify(src/rm_vision/docs) by extension 'python_setup_py'
[2.407s] Level 1:colcon.colcon_core.package_identification:_identify(src/rm_vision/rm_vision_bringup) by extensions ['ignore', 'ignore_ament_install']
[2.407s] Level 1:colcon.colcon_core.package_identification:_identify(src/rm_vision/rm_vision_bringup) by extension 'ignore'
[2.408s] Level 1:colcon.colcon_core.package_identification:_identify(src/rm_vision/rm_vision_bringup) by extension 'ignore_ament_install'
[2.408s] Level 1:colcon.colcon_core.package_identification:_identify(src/rm_vision/rm_vision_bringup) by extensions ['colcon_pkg']
[2.409s] Level 1:colcon.colcon_core.package_identification:_identify(src/rm_vision/rm_vision_bringup) by extension 'colcon_pkg'
[2.409s] Level 1:colcon.colcon_core.package_identification:_identify(src/rm_vision/rm_vision_bringup) by extensions ['colcon_meta']
[2.409s] Level 1:colcon.colcon_core.package_identification:_identify(src/rm_vision/rm_vision_bringup) by extension 'colcon_meta'
[2.410s] Level 1:colcon.colcon_core.package_identification:_identify(src/rm_vision/rm_vision_bringup) by extensions ['ros']
[2.411s] Level 1:colcon.colcon_core.package_identification:_identify(src/rm_vision/rm_vision_bringup) by extension 'ros'
[2.413s] DEBUG:colcon.colcon_core.package_identification:Package 'src/rm_vision/rm_vision_bringup' with type 'ros.ament_cmake' and name 'rm_vision_bringup'
[2.415s] Level 1:colcon.colcon_core.package_identification:_identify(src/ros2_hik_camera) by extensions ['ignore', 'ignore_ament_install']
[2.415s] Level 1:colcon.colcon_core.package_identification:_identify(src/ros2_hik_camera) by extension 'ignore'
[2.415s] Level 1:colcon.colcon_core.package_identification:_identify(src/ros2_hik_camera) by extension 'ignore_ament_install'
[2.416s] Level 1:colcon.colcon_core.package_identification:_identify(src/ros2_hik_camera) by extensions ['colcon_pkg']
[2.416s] Level 1:colcon.colcon_core.package_identification:_identify(src/ros2_hik_camera) by extension 'colcon_pkg'
[2.417s] Level 1:colcon.colcon_core.package_identification:_identify(src/ros2_hik_camera) by extensions ['colcon_meta']
[2.417s] Level 1:colcon.colcon_core.package_identification:_identify(src/ros2_hik_camera) by extension 'colcon_meta'
[2.418s] Level 1:colcon.colcon_core.package_identification:_identify(src/ros2_hik_camera) by extensions ['ros']
[2.418s] Level 1:colcon.colcon_core.package_identification:_identify(src/ros2_hik_camera) by extension 'ros'
[2.422s] DEBUG:colcon.colcon_core.package_identification:Package 'src/ros2_hik_camera' with type 'ros.ament_cmake' and name 'hik_camera'
[2.423s] Level 1:colcon.colcon_core.package_identification:_identify(src/ros2_mindvision_camera) by extensions ['ignore', 'ignore_ament_install']
[2.424s] Level 1:colcon.colcon_core.package_identification:_identify(src/ros2_mindvision_camera) by extension 'ignore'
[2.424s] Level 1:colcon.colcon_core.package_identification:_identify(src/ros2_mindvision_camera) by extension 'ignore_ament_install'
[2.424s] Level 1:colcon.colcon_core.package_identification:_identify(src/ros2_mindvision_camera) by extensions ['colcon_pkg']
[2.425s] Level 1:colcon.colcon_core.package_identification:_identify(src/ros2_mindvision_camera) by extension 'colcon_pkg'
[2.425s] Level 1:colcon.colcon_core.package_identification:_identify(src/ros2_mindvision_camera) by extensions ['colcon_meta']
[2.425s] Level 1:colcon.colcon_core.package_identification:_identify(src/ros2_mindvision_camera) by extension 'colcon_meta'
[2.426s] Level 1:colcon.colcon_core.package_identification:_identify(src/ros2_mindvision_camera) by extensions ['ros']
[2.426s] Level 1:colcon.colcon_core.package_identification:_identify(src/ros2_mindvision_camera) by extension 'ros'
[2.430s] DEBUG:colcon.colcon_core.package_identification:Package 'src/ros2_mindvision_camera' with type 'ros.ament_cmake' and name 'mindvision_camera'
[2.431s] Level 1:colcon.colcon_core.package_identification:_identify(src/video_cam) by extensions ['ignore', 'ignore_ament_install']
[2.431s] Level 1:colcon.colcon_core.package_identification:_identify(src/video_cam) by extension 'ignore'
[2.432s] Level 1:colcon.colcon_core.package_identification:_identify(src/video_cam) by extension 'ignore_ament_install'
[2.432s] Level 1:colcon.colcon_core.package_identification:_identify(src/video_cam) by extensions ['colcon_pkg']
[2.432s] Level 1:colcon.colcon_core.package_identification:_identify(src/video_cam) by extension 'colcon_pkg'
[2.433s] Level 1:colcon.colcon_core.package_identification:_identify(src/video_cam) by extensions ['colcon_meta']
[2.433s] Level 1:colcon.colcon_core.package_identification:_identify(src/video_cam) by extension 'colcon_meta'
[2.433s] Level 1:colcon.colcon_core.package_identification:_identify(src/video_cam) by extensions ['ros']
[2.434s] Level 1:colcon.colcon_core.package_identification:_identify(src/video_cam) by extension 'ros'
[2.436s] DEBUG:colcon.colcon_core.package_identification:Package 'src/video_cam' with type 'ros.ament_python' and name 'video_cam'
[2.437s] Level 1:colcon.colcon_core.package_discovery:discover_packages(recursive) using defaults
[2.437s] Level 1:colcon.colcon_core.package_discovery:discover_packages(ignore) discover
[2.437s] Level 1:colcon.colcon_core.package_discovery:discover_packages(ignore) using defaults
[2.438s] Level 1:colcon.colcon_core.package_discovery:discover_packages(path) discover
[2.438s] Level 1:colcon.colcon_core.package_discovery:discover_packages(path) using defaults
[2.598s] INFO:colcon.colcon_core.package_selection:Skipping not selected package 'auto_aim_interfaces' in 'src/rm_auto_aim/auto_aim_interfaces'
[2.599s] INFO:colcon.colcon_core.package_selection:Skipping not selected package 'hik_camera' in 'src/ros2_hik_camera'
[2.599s] INFO:colcon.colcon_core.package_selection:Skipping not selected package 'mindvision_camera' in 'src/ros2_mindvision_camera'
[2.600s] INFO:colcon.colcon_core.package_selection:Skipping not selected package 'rm_gimbal_description' in 'src/rm_gimbal_description'
[2.600s] INFO:colcon.colcon_core.package_selection:Skipping not selected package 'armor_detector' in 'src/rm_auto_aim/armor_detector'
[2.600s] INFO:colcon.colcon_core.package_selection:Skipping not selected package 'armor_tracker' in 'src/rm_auto_aim/armor_tracker'
[2.600s] INFO:colcon.colcon_core.package_selection:Skipping not selected package 'rm_serial_driver' in 'src/rm_serial_driver'
[2.601s] INFO:colcon.colcon_core.package_selection:Skipping not selected package 'rm_auto_aim' in 'src/rm_auto_aim/rm_auto_aim'
[2.601s] INFO:colcon.colcon_core.package_selection:Skipping not selected package 'rm_vision_bringup' in 'src/rm_vision/rm_vision_bringup'
[2.603s] Level 1:colcon.colcon_core.package_discovery:discover_packages(prefix_path) check parameters
[2.604s] Level 1:colcon.colcon_core.package_discovery:discover_packages(prefix_path) discover
[2.648s] DEBUG:colcon.colcon_installed_package_information.package_discovery:Found 10 installed packages in /home/lth/ros_ws/install
[2.657s] DEBUG:colcon.colcon_installed_package_information.package_discovery:Found 21 installed packages in /home/lth/dev_ws/install
[2.678s] DEBUG:colcon.colcon_installed_package_information.package_discovery:Found 290 installed packages in /opt/ros/humble
[2.685s] Level 1:colcon.colcon_core.package_discovery:discover_packages(prefix_path) using defaults
[2.999s] Level 5:colcon.colcon_core.verb:set package 'video_cam' build argument 'cmake_args' from command line to 'None'
[2.999s] Level 5:colcon.colcon_core.verb:set package 'video_cam' build argument 'cmake_target' from command line to 'None'
[3.000s] Level 5:colcon.colcon_core.verb:set package 'video_cam' build argument 'cmake_target_skip_unavailable' from command line to 'False'
[3.000s] Level 5:colcon.colcon_core.verb:set package 'video_cam' build argument 'cmake_clean_cache' from command line to 'False'
[3.000s] Level 5:colcon.colcon_core.verb:set package 'video_cam' build argument 'cmake_clean_first' from command line to 'False'
[3.000s] Level 5:colcon.colcon_core.verb:set package 'video_cam' build argument 'cmake_force_configure' from command line to 'False'
[3.001s] Level 5:colcon.colcon_core.verb:set package 'video_cam' build argument 'ament_cmake_args' from command line to 'None'
[3.001s] Level 5:colcon.colcon_core.verb:set package 'video_cam' build argument 'catkin_cmake_args' from command line to 'None'
[3.001s] Level 5:colcon.colcon_core.verb:set package 'video_cam' build argument 'catkin_skip_building_tests' from command line to 'False'
[3.001s] DEBUG:colcon.colcon_core.verb:Building package 'video_cam' with the following arguments: {'ament_cmake_args': None, 'build_base': '/home/lth/ros_ws/build/video_cam', 'catkin_cmake_args': None, 'catkin_skip_building_tests': False, 'cmake_args': None, 'cmake_clean_cache': False, 'cmake_clean_first': False, 'cmake_force_configure': False, 'cmake_target': None, 'cmake_target_skip_unavailable': False, 'install_base': '/home/lth/ros_ws/install/video_cam', 'merge_install': False, 'path': '/home/lth/ros_ws/src/video_cam', 'symlink_install': False, 'test_result_base': None}
[3.002s] INFO:colcon.colcon_core.executor:Executing jobs using 'parallel' executor
[3.011s] DEBUG:colcon.colcon_parallel_executor.executor.parallel:run_until_complete
[3.013s] INFO:colcon.colcon_ros.task.ament_python.build:Building ROS package in '/home/lth/ros_ws/src/video_cam' with build type 'ament_python'
[3.013s] Level 1:colcon.colcon_core.shell:create_environment_hook('video_cam', 'ament_prefix_path')
[3.032s] INFO:colcon.colcon_core.plugin_system:Skipping extension 'colcon_core.shell.bat': Not used on non-Windows systems
[3.033s] INFO:colcon.colcon_core.shell:Creating environment hook '/home/lth/ros_ws/install/video_cam/share/video_cam/hook/ament_prefix_path.ps1'
[3.036s] INFO:colcon.colcon_core.shell:Creating environment descriptor '/home/lth/ros_ws/install/video_cam/share/video_cam/hook/ament_prefix_path.dsv'
[3.039s] INFO:colcon.colcon_core.shell:Creating environment hook '/home/lth/ros_ws/install/video_cam/share/video_cam/hook/ament_prefix_path.sh'
[3.044s] INFO:colcon.colcon_core.shell:Skip shell extension 'powershell' for command environment: Not usable outside of PowerShell
[3.045s] DEBUG:colcon.colcon_core.shell:Skip shell extension 'dsv' for command environment
[5.185s] INFO:colcon.colcon_core.task.python.build:Building Python package in '/home/lth/ros_ws/src/video_cam'
[5.187s] INFO:colcon.colcon_core.shell:Skip shell extension 'powershell' for command environment: Not usable outside of PowerShell
[5.187s] DEBUG:colcon.colcon_core.shell:Skip shell extension 'dsv' for command environment
[7.858s] DEBUG:colcon.colcon_core.event_handler.log_command:Invoking command in '/home/lth/ros_ws/src/video_cam': PYTHONPATH=/home/lth/ros_ws/build/video_cam/prefix_override:/home/lth/ros_ws/install/video_cam/lib/python3.10/site-packages:${PYTHONPATH} /usr/bin/python3 -W ignore:setup.py install is deprecated setup.py egg_info --egg-base ../../build/video_cam build --build-base /home/lth/ros_ws/build/video_cam/build install --record /home/lth/ros_ws/build/video_cam/install.log --single-version-externally-managed install_data
[10.135s] DEBUG:colcon.colcon_core.event_handler.log_command:Invoked command in '/home/lth/ros_ws/src/video_cam' returned '0': PYTHONPATH=/home/lth/ros_ws/build/video_cam/prefix_override:/home/lth/ros_ws/install/video_cam/lib/python3.10/site-packages:${PYTHONPATH} /usr/bin/python3 -W ignore:setup.py install is deprecated setup.py egg_info --egg-base ../../build/video_cam build --build-base /home/lth/ros_ws/build/video_cam/build install --record /home/lth/ros_ws/build/video_cam/install.log --single-version-externally-managed install_data
[10.155s] Level 1:colcon.colcon_core.environment:checking '/home/lth/ros_ws/install/video_cam' for CMake module files
[10.158s] Level 1:colcon.colcon_core.environment:checking '/home/lth/ros_ws/install/video_cam' for CMake config files
[10.165s] Level 1:colcon.colcon_core.environment:checking '/home/lth/ros_ws/install/video_cam/lib'
[10.167s] Level 1:colcon.colcon_core.environment:checking '/home/lth/ros_ws/install/video_cam/bin'
[10.167s] Level 1:colcon.colcon_core.environment:checking '/home/lth/ros_ws/install/video_cam/lib/pkgconfig/video_cam.pc'
[10.168s] Level 1:colcon.colcon_core.environment:checking '/home/lth/ros_ws/install/video_cam/lib/python3.10/site-packages'
[10.169s] Level 1:colcon.colcon_core.shell:create_environment_hook('video_cam', 'pythonpath')
[10.170s] INFO:colcon.colcon_core.shell:Creating environment hook '/home/lth/ros_ws/install/video_cam/share/video_cam/hook/pythonpath.ps1'
[10.174s] INFO:colcon.colcon_core.shell:Creating environment descriptor '/home/lth/ros_ws/install/video_cam/share/video_cam/hook/pythonpath.dsv'
[10.176s] INFO:colcon.colcon_core.shell:Creating environment hook '/home/lth/ros_ws/install/video_cam/share/video_cam/hook/pythonpath.sh'
[10.180s] Level 1:colcon.colcon_core.environment:checking '/home/lth/ros_ws/install/video_cam/bin'
[10.181s] Level 1:colcon.colcon_core.environment:create_environment_scripts_only(video_cam)
[10.182s] INFO:colcon.colcon_core.shell:Creating package script '/home/lth/ros_ws/install/video_cam/share/video_cam/package.ps1'
[10.186s] INFO:colcon.colcon_core.shell:Creating package descriptor '/home/lth/ros_ws/install/video_cam/share/video_cam/package.dsv'
[10.189s] INFO:colcon.colcon_core.shell:Creating package script '/home/lth/ros_ws/install/video_cam/share/video_cam/package.sh'
[10.193s] INFO:colcon.colcon_core.shell:Creating package script '/home/lth/ros_ws/install/video_cam/share/video_cam/package.bash'
[10.196s] INFO:colcon.colcon_core.shell:Creating package script '/home/lth/ros_ws/install/video_cam/share/video_cam/package.zsh'
[10.200s] Level 1:colcon.colcon_core.environment:create_file_with_runtime_dependencies(/home/lth/ros_ws/install/video_cam/share/colcon-core/packages/video_cam)
[10.203s] DEBUG:colcon.colcon_parallel_executor.executor.parallel:closing loop
[10.205s] DEBUG:colcon.colcon_parallel_executor.executor.parallel:loop closed
[10.205s] DEBUG:colcon.colcon_parallel_executor.executor.parallel:run_until_complete finished with '0'
[10.205s] DEBUG:colcon.colcon_core.event_reactor:joining thread
[10.226s] INFO:colcon.colcon_core.plugin_system:Skipping extension 'colcon_notification.desktop_notification.terminal_notifier': Not used on non-Darwin systems
[10.226s] INFO:colcon.colcon_core.plugin_system:Skipping extension 'colcon_notification.desktop_notification.win32': Not used on non-Windows systems
[10.226s] INFO:colcon.colcon_notification.desktop_notification:Sending desktop notification using 'notify2'
[10.306s] DEBUG:colcon.colcon_core.event_reactor:joined thread
[10.309s] INFO:colcon.colcon_core.shell:Creating prefix script '/home/lth/ros_ws/install/local_setup.ps1'
[10.313s] INFO:colcon.colcon_core.shell:Creating prefix util module '/home/lth/ros_ws/install/_local_setup_util_ps1.py'
[10.320s] INFO:colcon.colcon_core.shell:Creating prefix chain script '/home/lth/ros_ws/install/setup.ps1'
[10.359s] INFO:colcon.colcon_core.shell:Creating prefix script '/home/lth/ros_ws/install/local_setup.sh'
[10.362s] INFO:colcon.colcon_core.shell:Creating prefix util module '/home/lth/ros_ws/install/_local_setup_util_sh.py'
[10.366s] INFO:colcon.colcon_core.shell:Creating prefix chain script '/home/lth/ros_ws/install/setup.sh'
[10.402s] INFO:colcon.colcon_core.shell:Creating prefix script '/home/lth/ros_ws/install/local_setup.bash'
[10.405s] INFO:colcon.colcon_core.shell:Creating prefix chain script '/home/lth/ros_ws/install/setup.bash'
[10.441s] INFO:colcon.colcon_core.shell:Creating prefix script '/home/lth/ros_ws/install/local_setup.zsh'
[10.445s] INFO:colcon.colcon_core.shell:Creating prefix chain script '/home/lth/ros_ws/install/setup.zsh'
