[0.190s] Invoking command in '/home/lth/ros_ws/build/hik_camera': CMAKE_PREFIX_PATH=${CMAKE_PREFIX_PATH}:/home/lth/ros_ws/install/video_cam:/home/lth/dev_ws/install/learning_urdf:/home/lth/dev_ws/install/learning_topic:/home/lth/dev_ws/install/learning_tf:/home/lth/dev_ws/install/learning_service:/home/lth/dev_ws/install/learning_qos:/home/lth/dev_ws/install/learning_pkg_python:/home/lth/dev_ws/install/learning_parameter:/home/lth/dev_ws/install/learning_node:/home/lth/dev_ws/install/learning_launch:/home/lth/dev_ws/install/learning_action:/home/lth/dev_ws/install/learning_gazebo_fortress:/home/lth/dev_ws/install/learning_gazebo:/home/lth/dev_ws/install/learning_cv:/opt/ros/humble /usr/bin/cmake --build /home/lth/ros_ws/build/hik_camera -- -j16 -l16
[1.951s] [ 50%] Built target hik_camera
[2.093s] [100%] Built target hik_camera_node
[4.895s] Invoked command in '/home/lth/ros_ws/build/hik_camera' returned '0': CMAKE_PREFIX_PATH=${CMAKE_PREFIX_PATH}:/home/lth/ros_ws/install/video_cam:/home/lth/dev_ws/install/learning_urdf:/home/lth/dev_ws/install/learning_topic:/home/lth/dev_ws/install/learning_tf:/home/lth/dev_ws/install/learning_service:/home/lth/dev_ws/install/learning_qos:/home/lth/dev_ws/install/learning_pkg_python:/home/lth/dev_ws/install/learning_parameter:/home/lth/dev_ws/install/learning_node:/home/lth/dev_ws/install/learning_launch:/home/lth/dev_ws/install/learning_action:/home/lth/dev_ws/install/learning_gazebo_fortress:/home/lth/dev_ws/install/learning_gazebo:/home/lth/dev_ws/install/learning_cv:/opt/ros/humble /usr/bin/cmake --build /home/lth/ros_ws/build/hik_camera -- -j16 -l16
[7.426s] Invoking command in '/home/lth/ros_ws/build/hik_camera': CMAKE_PREFIX_PATH=${CMAKE_PREFIX_PATH}:/home/lth/ros_ws/install/video_cam:/home/lth/dev_ws/install/learning_urdf:/home/lth/dev_ws/install/learning_topic:/home/lth/dev_ws/install/learning_tf:/home/lth/dev_ws/install/learning_service:/home/lth/dev_ws/install/learning_qos:/home/lth/dev_ws/install/learning_pkg_python:/home/lth/dev_ws/install/learning_parameter:/home/lth/dev_ws/install/learning_node:/home/lth/dev_ws/install/learning_launch:/home/lth/dev_ws/install/learning_action:/home/lth/dev_ws/install/learning_gazebo_fortress:/home/lth/dev_ws/install/learning_gazebo:/home/lth/dev_ws/install/learning_cv:/opt/ros/humble /usr/bin/cmake --install /home/lth/ros_ws/build/hik_camera
[7.708s] -- Install configuration: ""
[7.708s] -- Up-to-date: /home/lth/ros_ws/install/hik_camera/lib
[7.709s] -- Up-to-date: /home/lth/ros_ws/install/hik_camera/lib/libMediaProcess.so
[7.709s] -- Up-to-date: /home/lth/ros_ws/install/hik_camera/lib/libFormatConversion.so
[7.709s] -- Up-to-date: /home/lth/ros_ws/install/hik_camera/lib/libMvUsb3vTL.so
[7.709s] -- Up-to-date: /home/lth/ros_ws/install/hik_camera/lib/libMvCameraControl.so
[7.710s] -- Up-to-date: /home/lth/ros_ws/install/hik_camera/lib/libMVRender.so
[7.710s] -- Up-to-date: /home/lth/ros_ws/install/hik_camera/lib/hik_camera/hik_camera_node
[7.733s] -- Up-to-date: /home/lth/ros_ws/install/hik_camera/share/hik_camera/environment/library_path.sh
[7.733s] -- Up-to-date: /home/lth/ros_ws/install/hik_camera/share/hik_camera/environment/library_path.dsv
[7.813s] -- Up-to-date: /home/lth/ros_ws/install/hik_camera/lib/libhik_camera.so
[7.934s] -- Up-to-date: /home/lth/ros_ws/install/hik_camera/share/hik_camera/config
[7.935s] -- Up-to-date: /home/lth/ros_ws/install/hik_camera/share/hik_camera/config/camera_info.yaml
[7.935s] -- Up-to-date: /home/lth/ros_ws/install/hik_camera/share/hik_camera/config/camera_params.yaml
[7.936s] -- Up-to-date: /home/lth/ros_ws/install/hik_camera/share/hik_camera/launch
[7.937s] -- Up-to-date: /home/lth/ros_ws/install/hik_camera/share/hik_camera/launch/hik_camera.launch.py
[7.937s] -- Up-to-date: /home/lth/ros_ws/install/hik_camera/share/ament_index/resource_index/package_run_dependencies/hik_camera
[7.938s] -- Up-to-date: /home/lth/ros_ws/install/hik_camera/share/ament_index/resource_index/parent_prefix_path/hik_camera
[7.939s] -- Up-to-date: /home/lth/ros_ws/install/hik_camera/share/hik_camera/environment/ament_prefix_path.sh
[7.940s] -- Up-to-date: /home/lth/ros_ws/install/hik_camera/share/hik_camera/environment/ament_prefix_path.dsv
[7.943s] -- Up-to-date: /home/lth/ros_ws/install/hik_camera/share/hik_camera/environment/path.sh
[7.944s] -- Up-to-date: /home/lth/ros_ws/install/hik_camera/share/hik_camera/environment/path.dsv
[7.948s] -- Up-to-date: /home/lth/ros_ws/install/hik_camera/share/hik_camera/local_setup.bash
[7.951s] -- Up-to-date: /home/lth/ros_ws/install/hik_camera/share/hik_camera/local_setup.sh
[7.984s] -- Up-to-date: /home/lth/ros_ws/install/hik_camera/share/hik_camera/local_setup.zsh
[7.985s] -- Up-to-date: /home/lth/ros_ws/install/hik_camera/share/hik_camera/local_setup.dsv
[7.986s] -- Installing: /home/lth/ros_ws/install/hik_camera/share/hik_camera/package.dsv
[7.990s] -- Up-to-date: /home/lth/ros_ws/install/hik_camera/share/ament_index/resource_index/packages/hik_camera
[7.992s] -- Up-to-date: /home/lth/ros_ws/install/hik_camera/share/ament_index/resource_index/rclcpp_components/hik_camera
[7.994s] -- Up-to-date: /home/lth/ros_ws/install/hik_camera/share/hik_camera/cmake/ament_cmake_export_dependencies-extras.cmake
[7.995s] -- Up-to-date: /home/lth/ros_ws/install/hik_camera/share/hik_camera/cmake/ament_cmake_export_libraries-extras.cmake
[7.996s] -- Up-to-date: /home/lth/ros_ws/install/hik_camera/share/hik_camera/cmake/hik_cameraConfig.cmake
[8.111s] -- Up-to-date: /home/lth/ros_ws/install/hik_camera/share/hik_camera/cmake/hik_cameraConfig-version.cmake
[8.112s] -- Up-to-date: /home/lth/ros_ws/install/hik_camera/share/hik_camera/package.xml
[8.113s] Invoked command in '/home/lth/ros_ws/build/hik_camera' returned '0': CMAKE_PREFIX_PATH=${CMAKE_PREFIX_PATH}:/home/lth/ros_ws/install/video_cam:/home/lth/dev_ws/install/learning_urdf:/home/lth/dev_ws/install/learning_topic:/home/lth/dev_ws/install/learning_tf:/home/lth/dev_ws/install/learning_service:/home/lth/dev_ws/install/learning_qos:/home/lth/dev_ws/install/learning_pkg_python:/home/lth/dev_ws/install/learning_parameter:/home/lth/dev_ws/install/learning_node:/home/lth/dev_ws/install/learning_launch:/home/lth/dev_ws/install/learning_action:/home/lth/dev_ws/install/learning_gazebo_fortress:/home/lth/dev_ws/install/learning_gazebo:/home/lth/dev_ws/install/learning_cv:/opt/ros/humble /usr/bin/cmake --install /home/lth/ros_ws/build/hik_camera
