[0.480s] Invoking command in '/home/lth/ros_ws/build/rm_gimbal_description': CMAKE_PREFIX_PATH=${CMAKE_PREFIX_PATH}:/home/lth/ros_ws/install/video_cam:/home/lth/dev_ws/install/learning_urdf:/home/lth/dev_ws/install/learning_topic:/home/lth/dev_ws/install/learning_tf:/home/lth/dev_ws/install/learning_service:/home/lth/dev_ws/install/learning_qos:/home/lth/dev_ws/install/learning_pkg_python:/home/lth/dev_ws/install/learning_parameter:/home/lth/dev_ws/install/learning_node:/home/lth/dev_ws/install/learning_launch:/home/lth/dev_ws/install/learning_action:/home/lth/dev_ws/install/learning_gazebo_fortress:/home/lth/dev_ws/install/learning_gazebo:/home/lth/dev_ws/install/learning_cv:/opt/ros/humble /usr/bin/cmake --build /home/lth/ros_ws/build/rm_gimbal_description -- -j16 -l16
[4.010s] Invoked command in '/home/lth/ros_ws/build/rm_gimbal_description' returned '0': CMAKE_PREFIX_PATH=${CMAKE_PREFIX_PATH}:/home/lth/ros_ws/install/video_cam:/home/lth/dev_ws/install/learning_urdf:/home/lth/dev_ws/install/learning_topic:/home/lth/dev_ws/install/learning_tf:/home/lth/dev_ws/install/learning_service:/home/lth/dev_ws/install/learning_qos:/home/lth/dev_ws/install/learning_pkg_python:/home/lth/dev_ws/install/learning_parameter:/home/lth/dev_ws/install/learning_node:/home/lth/dev_ws/install/learning_launch:/home/lth/dev_ws/install/learning_action:/home/lth/dev_ws/install/learning_gazebo_fortress:/home/lth/dev_ws/install/learning_gazebo:/home/lth/dev_ws/install/learning_cv:/opt/ros/humble /usr/bin/cmake --build /home/lth/ros_ws/build/rm_gimbal_description -- -j16 -l16
[6.435s] Invoking command in '/home/lth/ros_ws/build/rm_gimbal_description': CMAKE_PREFIX_PATH=${CMAKE_PREFIX_PATH}:/home/lth/ros_ws/install/video_cam:/home/lth/dev_ws/install/learning_urdf:/home/lth/dev_ws/install/learning_topic:/home/lth/dev_ws/install/learning_tf:/home/lth/dev_ws/install/learning_service:/home/lth/dev_ws/install/learning_qos:/home/lth/dev_ws/install/learning_pkg_python:/home/lth/dev_ws/install/learning_parameter:/home/lth/dev_ws/install/learning_node:/home/lth/dev_ws/install/learning_launch:/home/lth/dev_ws/install/learning_action:/home/lth/dev_ws/install/learning_gazebo_fortress:/home/lth/dev_ws/install/learning_gazebo:/home/lth/dev_ws/install/learning_cv:/opt/ros/humble /usr/bin/cmake --install /home/lth/ros_ws/build/rm_gimbal_description
[6.725s] -- Install configuration: ""
[6.726s] -- Up-to-date: /home/lth/ros_ws/install/rm_gimbal_description/share/rm_gimbal_description/urdf
[6.727s] -- Up-to-date: /home/lth/ros_ws/install/rm_gimbal_description/share/rm_gimbal_description/urdf/rm_gimbal.urdf.xacro
[6.728s] -- Up-to-date: /home/lth/ros_ws/install/rm_gimbal_description/share/ament_index/resource_index/package_run_dependencies/rm_gimbal_description
[6.729s] -- Up-to-date: /home/lth/ros_ws/install/rm_gimbal_description/share/ament_index/resource_index/parent_prefix_path/rm_gimbal_description
[6.729s] -- Up-to-date: /home/lth/ros_ws/install/rm_gimbal_description/share/rm_gimbal_description/environment/ament_prefix_path.sh
[6.730s] -- Up-to-date: /home/lth/ros_ws/install/rm_gimbal_description/share/rm_gimbal_description/environment/ament_prefix_path.dsv
[6.733s] -- Up-to-date: /home/lth/ros_ws/install/rm_gimbal_description/share/rm_gimbal_description/environment/path.sh
[6.734s] -- Up-to-date: /home/lth/ros_ws/install/rm_gimbal_description/share/rm_gimbal_description/environment/path.dsv
[6.734s] -- Up-to-date: /home/lth/ros_ws/install/rm_gimbal_description/share/rm_gimbal_description/local_setup.bash
[6.757s] -- Up-to-date: /home/lth/ros_ws/install/rm_gimbal_description/share/rm_gimbal_description/local_setup.sh
[6.757s] -- Up-to-date: /home/lth/ros_ws/install/rm_gimbal_description/share/rm_gimbal_description/local_setup.zsh
[6.758s] -- Up-to-date: /home/lth/ros_ws/install/rm_gimbal_description/share/rm_gimbal_description/local_setup.dsv
[6.759s] -- Installing: /home/lth/ros_ws/install/rm_gimbal_description/share/rm_gimbal_description/package.dsv
[6.759s] -- Up-to-date: /home/lth/ros_ws/install/rm_gimbal_description/share/ament_index/resource_index/packages/rm_gimbal_description
[6.760s] -- Up-to-date: /home/lth/ros_ws/install/rm_gimbal_description/share/rm_gimbal_description/cmake/rm_gimbal_descriptionConfig.cmake
[6.761s] -- Up-to-date: /home/lth/ros_ws/install/rm_gimbal_description/share/rm_gimbal_description/cmake/rm_gimbal_descriptionConfig-version.cmake
[6.761s] -- Up-to-date: /home/lth/ros_ws/install/rm_gimbal_description/share/rm_gimbal_description/package.xml
[6.903s] Invoked command in '/home/lth/ros_ws/build/rm_gimbal_description' returned '0': CMAKE_PREFIX_PATH=${CMAKE_PREFIX_PATH}:/home/lth/ros_ws/install/video_cam:/home/lth/dev_ws/install/learning_urdf:/home/lth/dev_ws/install/learning_topic:/home/lth/dev_ws/install/learning_tf:/home/lth/dev_ws/install/learning_service:/home/lth/dev_ws/install/learning_qos:/home/lth/dev_ws/install/learning_pkg_python:/home/lth/dev_ws/install/learning_parameter:/home/lth/dev_ws/install/learning_node:/home/lth/dev_ws/install/learning_launch:/home/lth/dev_ws/install/learning_action:/home/lth/dev_ws/install/learning_gazebo_fortress:/home/lth/dev_ws/install/learning_gazebo:/home/lth/dev_ws/install/learning_cv:/opt/ros/humble /usr/bin/cmake --install /home/lth/ros_ws/build/rm_gimbal_description
