[0.122s] Invoking command in '/home/lth/ros_ws/build/armor_detector': CMAKE_PREFIX_PATH=/home/lth/ros_ws/install/auto_aim_interfaces:/home/lth/ros_ws/install/rm_vision_bringup:/home/lth/ros_ws/install/rm_serial_driver:/home/lth/ros_ws/install/rm_gimbal_description:/home/lth/ros_ws/install/rm_auto_aim:/home/lth/ros_ws/install/mindvision_camera:/home/lth/ros_ws/install/hik_camera:/home/lth/ros_ws/install/armor_tracker:/home/lth/ros_ws/install/armor_detector:/home/lth/dev_ws/install/learning_topic_cpp:/home/lth/dev_ws/install/learning_tf_cpp:/home/lth/dev_ws/install/learning_service_cpp:/home/lth/dev_ws/install/learning_pkg_c:/home/lth/dev_ws/install/learning_parameter_cpp:/home/lth/dev_ws/install/learning_node_cpp:/home/lth/dev_ws/install/learning_action_cpp:/home/lth/dev_ws/install/learning_interface:/home/lth/ros_ws/install/video_cam:/home/lth/dev_ws/install/learning_urdf:/home/lth/dev_ws/install/learning_topic:/home/lth/dev_ws/install/learning_tf:/home/lth/dev_ws/install/learning_service:/home/lth/dev_ws/install/learning_qos:/home/lth/dev_ws/install/learning_pkg_python:/home/lth/dev_ws/install/learning_parameter:/home/lth/dev_ws/install/learning_node:/home/lth/dev_ws/install/learning_launch:/home/lth/dev_ws/install/learning_action:/home/lth/dev_ws/install/learning_gazebo_fortress:/home/lth/dev_ws/install/learning_gazebo:/home/lth/dev_ws/install/learning_cv:/opt/ros/humble LD_LIBRARY_PATH=/home/lth/ros_ws/install/auto_aim_interfaces/lib:/home/lth/ros_ws/install/rm_serial_driver/lib:/home/lth/ros_ws/install/mindvision_camera/lib:/home/lth/ros_ws/install/hik_camera/lib:/home/lth/ros_ws/install/armor_tracker/lib:/home/lth/ros_ws/install/armor_detector/lib:/home/lth/dev_ws/install/learning_interface/lib:/opt/ros/humble/opt/rviz_ogre_vendor/lib:/opt/ros/humble/lib/x86_64-linux-gnu:/opt/ros/humble/lib /usr/bin/cmake --build /home/lth/ros_ws/build/armor_detector -- -j16 -l16
[0.932s] [35m[1mConsolidate compiler generated dependencies of target armor_detector[0m
[0.937s] [35m[1mConsolidate compiler generated dependencies of target armor_detector_node[0m
[0.944s] [35m[1mConsolidate compiler generated dependencies of target gtest_main[0m
[0.968s] [35m[1mConsolidate compiler generated dependencies of target gtest[0m
[1.804s] [ 13%] Built target armor_detector_node
[1.811s] [ 26%] Built target gtest_main
[1.864s] [ 40%] Built target gtest
[2.005s] [ 73%] Built target armor_detector
[2.339s] [35m[1mConsolidate compiler generated dependencies of target test_node_startup[0m
[2.449s] [35m[1mConsolidate compiler generated dependencies of target test_number_cls[0m
[2.857s] [ 93%] Built target test_number_cls
[2.858s] [100%] Built target test_node_startup
[3.031s] Invoked command in '/home/lth/ros_ws/build/armor_detector' returned '0': CMAKE_PREFIX_PATH=/home/lth/ros_ws/install/auto_aim_interfaces:/home/lth/ros_ws/install/rm_vision_bringup:/home/lth/ros_ws/install/rm_serial_driver:/home/lth/ros_ws/install/rm_gimbal_description:/home/lth/ros_ws/install/rm_auto_aim:/home/lth/ros_ws/install/mindvision_camera:/home/lth/ros_ws/install/hik_camera:/home/lth/ros_ws/install/armor_tracker:/home/lth/ros_ws/install/armor_detector:/home/lth/dev_ws/install/learning_topic_cpp:/home/lth/dev_ws/install/learning_tf_cpp:/home/lth/dev_ws/install/learning_service_cpp:/home/lth/dev_ws/install/learning_pkg_c:/home/lth/dev_ws/install/learning_parameter_cpp:/home/lth/dev_ws/install/learning_node_cpp:/home/lth/dev_ws/install/learning_action_cpp:/home/lth/dev_ws/install/learning_interface:/home/lth/ros_ws/install/video_cam:/home/lth/dev_ws/install/learning_urdf:/home/lth/dev_ws/install/learning_topic:/home/lth/dev_ws/install/learning_tf:/home/lth/dev_ws/install/learning_service:/home/lth/dev_ws/install/learning_qos:/home/lth/dev_ws/install/learning_pkg_python:/home/lth/dev_ws/install/learning_parameter:/home/lth/dev_ws/install/learning_node:/home/lth/dev_ws/install/learning_launch:/home/lth/dev_ws/install/learning_action:/home/lth/dev_ws/install/learning_gazebo_fortress:/home/lth/dev_ws/install/learning_gazebo:/home/lth/dev_ws/install/learning_cv:/opt/ros/humble LD_LIBRARY_PATH=/home/lth/ros_ws/install/auto_aim_interfaces/lib:/home/lth/ros_ws/install/rm_serial_driver/lib:/home/lth/ros_ws/install/mindvision_camera/lib:/home/lth/ros_ws/install/hik_camera/lib:/home/lth/ros_ws/install/armor_tracker/lib:/home/lth/ros_ws/install/armor_detector/lib:/home/lth/dev_ws/install/learning_interface/lib:/opt/ros/humble/opt/rviz_ogre_vendor/lib:/opt/ros/humble/lib/x86_64-linux-gnu:/opt/ros/humble/lib /usr/bin/cmake --build /home/lth/ros_ws/build/armor_detector -- -j16 -l16
[4.476s] Invoking command in '/home/lth/ros_ws/build/armor_detector': CMAKE_PREFIX_PATH=/home/lth/ros_ws/install/auto_aim_interfaces:/home/lth/ros_ws/install/rm_vision_bringup:/home/lth/ros_ws/install/rm_serial_driver:/home/lth/ros_ws/install/rm_gimbal_description:/home/lth/ros_ws/install/rm_auto_aim:/home/lth/ros_ws/install/mindvision_camera:/home/lth/ros_ws/install/hik_camera:/home/lth/ros_ws/install/armor_tracker:/home/lth/ros_ws/install/armor_detector:/home/lth/dev_ws/install/learning_topic_cpp:/home/lth/dev_ws/install/learning_tf_cpp:/home/lth/dev_ws/install/learning_service_cpp:/home/lth/dev_ws/install/learning_pkg_c:/home/lth/dev_ws/install/learning_parameter_cpp:/home/lth/dev_ws/install/learning_node_cpp:/home/lth/dev_ws/install/learning_action_cpp:/home/lth/dev_ws/install/learning_interface:/home/lth/ros_ws/install/video_cam:/home/lth/dev_ws/install/learning_urdf:/home/lth/dev_ws/install/learning_topic:/home/lth/dev_ws/install/learning_tf:/home/lth/dev_ws/install/learning_service:/home/lth/dev_ws/install/learning_qos:/home/lth/dev_ws/install/learning_pkg_python:/home/lth/dev_ws/install/learning_parameter:/home/lth/dev_ws/install/learning_node:/home/lth/dev_ws/install/learning_launch:/home/lth/dev_ws/install/learning_action:/home/lth/dev_ws/install/learning_gazebo_fortress:/home/lth/dev_ws/install/learning_gazebo:/home/lth/dev_ws/install/learning_cv:/opt/ros/humble LD_LIBRARY_PATH=/home/lth/ros_ws/install/auto_aim_interfaces/lib:/home/lth/ros_ws/install/rm_serial_driver/lib:/home/lth/ros_ws/install/mindvision_camera/lib:/home/lth/ros_ws/install/hik_camera/lib:/home/lth/ros_ws/install/armor_tracker/lib:/home/lth/ros_ws/install/armor_detector/lib:/home/lth/dev_ws/install/learning_interface/lib:/opt/ros/humble/opt/rviz_ogre_vendor/lib:/opt/ros/humble/lib/x86_64-linux-gnu:/opt/ros/humble/lib /usr/bin/cmake --install /home/lth/ros_ws/build/armor_detector
[4.644s] -- Install configuration: ""
[4.661s] -- Up-to-date: /home/lth/ros_ws/install/armor_detector/lib/armor_detector/armor_detector_node
[4.662s] -- Up-to-date: /home/lth/ros_ws/install/armor_detector/include
[4.663s] -- Up-to-date: /home/lth/ros_ws/install/armor_detector/include/armor_detector
[4.664s] -- Up-to-date: /home/lth/ros_ws/install/armor_detector/include/armor_detector/pnp_solver.hpp
[4.664s] -- Up-to-date: /home/lth/ros_ws/install/armor_detector/include/armor_detector/detector.hpp
[4.665s] -- Up-to-date: /home/lth/ros_ws/install/armor_detector/include/armor_detector/number_classifier.hpp
[4.666s] -- Up-to-date: /home/lth/ros_ws/install/armor_detector/include/armor_detector/armor.hpp
[4.666s] -- Up-to-date: /home/lth/ros_ws/install/armor_detector/include/armor_detector/detector_node.hpp
[4.667s] -- Up-to-date: /home/lth/ros_ws/install/armor_detector/share/armor_detector/environment/library_path.sh
[4.668s] -- Up-to-date: /home/lth/ros_ws/install/armor_detector/share/armor_detector/environment/library_path.dsv
[4.680s] -- Up-to-date: /home/lth/ros_ws/install/armor_detector/lib/libarmor_detector.so
[4.681s] -- Up-to-date: /home/lth/ros_ws/install/armor_detector/share/armor_detector/model
[4.682s] -- Up-to-date: /home/lth/ros_ws/install/armor_detector/share/armor_detector/model/mlp.onnx
[4.683s] -- Up-to-date: /home/lth/ros_ws/install/armor_detector/share/armor_detector/model/label.txt
[4.684s] -- Up-to-date: /home/lth/ros_ws/install/armor_detector/share/ament_index/resource_index/package_run_dependencies/armor_detector
[4.685s] -- Up-to-date: /home/lth/ros_ws/install/armor_detector/share/ament_index/resource_index/parent_prefix_path/armor_detector
[4.696s] -- Up-to-date: /home/lth/ros_ws/install/armor_detector/share/armor_detector/environment/ament_prefix_path.sh
[4.698s] -- Up-to-date: /home/lth/ros_ws/install/armor_detector/share/armor_detector/environment/ament_prefix_path.dsv
[4.706s] -- Up-to-date: /home/lth/ros_ws/install/armor_detector/share/armor_detector/environment/path.sh
[4.707s] -- Up-to-date: /home/lth/ros_ws/install/armor_detector/share/armor_detector/environment/path.dsv
[4.708s] -- Up-to-date: /home/lth/ros_ws/install/armor_detector/share/armor_detector/local_setup.bash
[4.708s] -- Up-to-date: /home/lth/ros_ws/install/armor_detector/share/armor_detector/local_setup.sh
[4.708s] -- Up-to-date: /home/lth/ros_ws/install/armor_detector/share/armor_detector/local_setup.zsh
[4.709s] -- Up-to-date: /home/lth/ros_ws/install/armor_detector/share/armor_detector/local_setup.dsv
[4.710s] -- Installing: /home/lth/ros_ws/install/armor_detector/share/armor_detector/package.dsv
[4.710s] -- Up-to-date: /home/lth/ros_ws/install/armor_detector/share/ament_index/resource_index/packages/armor_detector
[4.711s] -- Up-to-date: /home/lth/ros_ws/install/armor_detector/share/ament_index/resource_index/rclcpp_components/armor_detector
[4.712s] -- Up-to-date: /home/lth/ros_ws/install/armor_detector/share/armor_detector/cmake/ament_cmake_export_dependencies-extras.cmake
[4.712s] -- Up-to-date: /home/lth/ros_ws/install/armor_detector/share/armor_detector/cmake/ament_cmake_export_include_directories-extras.cmake
[4.713s] -- Up-to-date: /home/lth/ros_ws/install/armor_detector/share/armor_detector/cmake/ament_cmake_export_libraries-extras.cmake
[4.713s] -- Up-to-date: /home/lth/ros_ws/install/armor_detector/share/armor_detector/cmake/armor_detectorConfig.cmake
[4.714s] -- Up-to-date: /home/lth/ros_ws/install/armor_detector/share/armor_detector/cmake/armor_detectorConfig-version.cmake
[4.714s] -- Up-to-date: /home/lth/ros_ws/install/armor_detector/share/armor_detector/package.xml
[4.749s] Invoked command in '/home/lth/ros_ws/build/armor_detector' returned '0': CMAKE_PREFIX_PATH=/home/lth/ros_ws/install/auto_aim_interfaces:/home/lth/ros_ws/install/rm_vision_bringup:/home/lth/ros_ws/install/rm_serial_driver:/home/lth/ros_ws/install/rm_gimbal_description:/home/lth/ros_ws/install/rm_auto_aim:/home/lth/ros_ws/install/mindvision_camera:/home/lth/ros_ws/install/hik_camera:/home/lth/ros_ws/install/armor_tracker:/home/lth/ros_ws/install/armor_detector:/home/lth/dev_ws/install/learning_topic_cpp:/home/lth/dev_ws/install/learning_tf_cpp:/home/lth/dev_ws/install/learning_service_cpp:/home/lth/dev_ws/install/learning_pkg_c:/home/lth/dev_ws/install/learning_parameter_cpp:/home/lth/dev_ws/install/learning_node_cpp:/home/lth/dev_ws/install/learning_action_cpp:/home/lth/dev_ws/install/learning_interface:/home/lth/ros_ws/install/video_cam:/home/lth/dev_ws/install/learning_urdf:/home/lth/dev_ws/install/learning_topic:/home/lth/dev_ws/install/learning_tf:/home/lth/dev_ws/install/learning_service:/home/lth/dev_ws/install/learning_qos:/home/lth/dev_ws/install/learning_pkg_python:/home/lth/dev_ws/install/learning_parameter:/home/lth/dev_ws/install/learning_node:/home/lth/dev_ws/install/learning_launch:/home/lth/dev_ws/install/learning_action:/home/lth/dev_ws/install/learning_gazebo_fortress:/home/lth/dev_ws/install/learning_gazebo:/home/lth/dev_ws/install/learning_cv:/opt/ros/humble LD_LIBRARY_PATH=/home/lth/ros_ws/install/auto_aim_interfaces/lib:/home/lth/ros_ws/install/rm_serial_driver/lib:/home/lth/ros_ws/install/mindvision_camera/lib:/home/lth/ros_ws/install/hik_camera/lib:/home/lth/ros_ws/install/armor_tracker/lib:/home/lth/ros_ws/install/armor_detector/lib:/home/lth/dev_ws/install/learning_interface/lib:/opt/ros/humble/opt/rviz_ogre_vendor/lib:/opt/ros/humble/lib/x86_64-linux-gnu:/opt/ros/humble/lib /usr/bin/cmake --install /home/lth/ros_ws/build/armor_detector
