running egg_info
creating ../../build/video_cam/video_cam.egg-info
writing ../../build/video_cam/video_cam.egg-info/PKG-INFO
writing dependency_links to ../../build/video_cam/video_cam.egg-info/dependency_links.txt
writing entry points to ../../build/video_cam/video_cam.egg-info/entry_points.txt
writing requirements to ../../build/video_cam/video_cam.egg-info/requires.txt
writing top-level names to ../../build/video_cam/video_cam.egg-info/top_level.txt
writing manifest file '../../build/video_cam/video_cam.egg-info/SOURCES.txt'
reading manifest file '../../build/video_cam/video_cam.egg-info/SOURCES.txt'
writing manifest file '../../build/video_cam/video_cam.egg-info/SOURCES.txt'
running build
running build_py
creating /home/lth/ros_ws/build/video_cam/build
creating /home/lth/ros_ws/build/video_cam/build/lib
creating /home/lth/ros_ws/build/video_cam/build/lib/video_cam
copying video_cam/__init__.py -> /home/lth/ros_ws/build/video_cam/build/lib/video_cam
copying video_cam/video_publisher.py -> /home/lth/ros_ws/build/video_cam/build/lib/video_cam
running install
running install_lib
creating /home/lth/ros_ws/install/video_cam/lib/python3.10/site-packages/video_cam
copying /home/lth/ros_ws/build/video_cam/build/lib/video_cam/__init__.py -> /home/lth/ros_ws/install/video_cam/lib/python3.10/site-packages/video_cam
copying /home/lth/ros_ws/build/video_cam/build/lib/video_cam/video_publisher.py -> /home/lth/ros_ws/install/video_cam/lib/python3.10/site-packages/video_cam
byte-compiling /home/lth/ros_ws/install/video_cam/lib/python3.10/site-packages/video_cam/__init__.py to __init__.cpython-310.pyc
byte-compiling /home/lth/ros_ws/install/video_cam/lib/python3.10/site-packages/video_cam/video_publisher.py to video_publisher.cpython-310.pyc
running install_data
creating /home/lth/ros_ws/install/video_cam/share/ament_index
creating /home/lth/ros_ws/install/video_cam/share/ament_index/resource_index
creating /home/lth/ros_ws/install/video_cam/share/ament_index/resource_index/packages
copying resource/video_cam -> /home/lth/ros_ws/install/video_cam/share/ament_index/resource_index/packages
copying package.xml -> /home/lth/ros_ws/install/video_cam/share/video_cam
running install_egg_info
Copying ../../build/video_cam/video_cam.egg-info to /home/lth/ros_ws/install/video_cam/lib/python3.10/site-packages/video_cam-0.0.0-py3.10.egg-info
running install_scripts
writing list of installed files to '/home/lth/ros_ws/build/video_cam/install.log'
