[6.375s] Invoking command in '/home/lth/ros_ws/src/video_cam': PYTHONPATH=/home/lth/ros_ws/build/video_cam/prefix_override:/home/lth/ros_ws/install/video_cam/lib/python3.10/site-packages:${PYTHONPATH} /usr/bin/python3 -W ignore:setup.py install is deprecated setup.py egg_info --egg-base ../../build/video_cam build --build-base /home/lth/ros_ws/build/video_cam/build install --record /home/lth/ros_ws/build/video_cam/install.log --single-version-externally-managed install_data
[9.778s] running egg_info
[9.778s] creating ../../build/video_cam/video_cam.egg-info
[9.778s] writing ../../build/video_cam/video_cam.egg-info/PKG-INFO
[9.779s] writing dependency_links to ../../build/video_cam/video_cam.egg-info/dependency_links.txt
[9.779s] writing entry points to ../../build/video_cam/video_cam.egg-info/entry_points.txt
[9.779s] writing requirements to ../../build/video_cam/video_cam.egg-info/requires.txt
[9.779s] writing top-level names to ../../build/video_cam/video_cam.egg-info/top_level.txt
[9.779s] writing manifest file '../../build/video_cam/video_cam.egg-info/SOURCES.txt'
[9.779s] reading manifest file '../../build/video_cam/video_cam.egg-info/SOURCES.txt'
[9.779s] writing manifest file '../../build/video_cam/video_cam.egg-info/SOURCES.txt'
[9.779s] running build
[9.780s] running build_py
[9.780s] creating /home/lth/ros_ws/build/video_cam/build
[9.780s] creating /home/lth/ros_ws/build/video_cam/build/lib
[9.780s] creating /home/lth/ros_ws/build/video_cam/build/lib/video_cam
[9.780s] copying video_cam/__init__.py -> /home/lth/ros_ws/build/video_cam/build/lib/video_cam
[9.780s] copying video_cam/video_publisher.py -> /home/lth/ros_ws/build/video_cam/build/lib/video_cam
[9.780s] running install
[9.781s] running install_lib
[9.861s] creating /home/lth/ros_ws/install/video_cam/lib/python3.10/site-packages/video_cam
[9.861s] copying /home/lth/ros_ws/build/video_cam/build/lib/video_cam/__init__.py -> /home/lth/ros_ws/install/video_cam/lib/python3.10/site-packages/video_cam
[9.861s] copying /home/lth/ros_ws/build/video_cam/build/lib/video_cam/video_publisher.py -> /home/lth/ros_ws/install/video_cam/lib/python3.10/site-packages/video_cam
[9.861s] byte-compiling /home/lth/ros_ws/install/video_cam/lib/python3.10/site-packages/video_cam/__init__.py to __init__.cpython-310.pyc
[9.862s] byte-compiling /home/lth/ros_ws/install/video_cam/lib/python3.10/site-packages/video_cam/video_publisher.py to video_publisher.cpython-310.pyc
[9.862s] running install_data
[9.862s] creating /home/lth/ros_ws/install/video_cam/share/ament_index
[9.863s] creating /home/lth/ros_ws/install/video_cam/share/ament_index/resource_index
[9.863s] creating /home/lth/ros_ws/install/video_cam/share/ament_index/resource_index/packages
[9.863s] copying resource/video_cam -> /home/lth/ros_ws/install/video_cam/share/ament_index/resource_index/packages
[9.864s] copying package.xml -> /home/lth/ros_ws/install/video_cam/share/video_cam
[9.864s] running install_egg_info
[9.864s] Copying ../../build/video_cam/video_cam.egg-info to /home/lth/ros_ws/install/video_cam/lib/python3.10/site-packages/video_cam-0.0.0-py3.10.egg-info
[9.922s] running install_scripts
[10.158s] writing list of installed files to '/home/lth/ros_ws/build/video_cam/install.log'
[10.293s] Invoked command in '/home/lth/ros_ws/src/video_cam' returned '0': PYTHONPATH=/home/lth/ros_ws/build/video_cam/prefix_override:/home/lth/ros_ws/install/video_cam/lib/python3.10/site-packages:${PYTHONPATH} /usr/bin/python3 -W ignore:setup.py install is deprecated setup.py egg_info --egg-base ../../build/video_cam build --build-base /home/lth/ros_ws/build/video_cam/build install --record /home/lth/ros_ws/build/video_cam/install.log --single-version-externally-managed install_data
